<?xml version="1.0" encoding="UTF-8"?>
<testsuite xmlns:xsi="http://www.w3.org/2001/XMLSchema-instance" xsi:noNamespaceSchemaLocation="https://maven.apache.org/surefire/maven-surefire-plugin/xsd/surefire-test-report.xsd" version="3.0.1" name="com.fbp.engine.integration.FinalIntegrationTest" time="7.069" tests="7" errors="0" skipped="0" failures="0">
  <properties>
[...]
</properties>
  <testcase name="test1" classname="com.fbp.engine.integration.FinalIntegrationTest" time="1.012">
    <system-out><![CDATA[12:51:52.610 [main] INFO com.fbp.engine.core.FlowEngine -- [Engine] Flow final-test를 등록됨
12:51:52.611 [main] INFO com.fbp.engine.node.TimerNode -- [timer] Timer 시작 (주기: 10ms)
12:51:52.612 [pool-2-thread-1] DEBUG com.fbp.engine.node.TimerNode -- [timer] Timer 틱 발생: 0
12:51:52.613 [main] INFO com.fbp.engine.node.FileWriterNode -- [file-writer] 파일 쓰기 준비 완료: test_final_normal_temp.txt
12:51:52.613 [main] INFO com.fbp.engine.core.FlowEngine -- Engine] 플로우 'final-test' 시작됨
12:51:52.625 [pool-2-thread-1] DEBUG com.fbp.engine.node.TimerNode -- [timer] Timer 틱 발생: 1
12:51:52.625 [Thread-3] INFO com.fbp.engine.node.AbstractNode -- [sensor] processing message...
12:51:52.625 [Thread-4] INFO com.fbp.engine.node.AbstractNode -- [filter] processing message...
12:51:52.625 [Thread-5] INFO com.fbp.engine.node.AbstractNode -- [total-collector] processing message...
12:51:52.625 [Thread-6] INFO com.fbp.engine.node.AbstractNode -- [alert-collector] processing message...
12:51:52.634 [pool-2-thread-1] DEBUG com.fbp.engine.node.TimerNode -- [timer] Timer 틱 발생: 2
12:51:52.634 [Thread-3] INFO com.fbp.engine.node.AbstractNode -- [sensor] processing message...
12:51:52.634 [Thread-5] INFO com.fbp.engine.node.AbstractNode -- [total-collector] processing message...
12:51:52.634 [Thread-4] INFO com.fbp.engine.node.AbstractNode -- [filter] processing message...
12:51:52.634 [Thread-7] INFO com.fbp.engine.node.AbstractNode -- [normal-collector] processing message...
12:51:52.634 [Thread-8] INFO com.fbp.engine.node.AbstractNode -- [file-writer] processing message...
12:51:52.644 [pool-2-thread-1] DEBUG com.fbp.engine.node.TimerNode -- [timer] Timer 틱 발생: 3
12:51:52.644 [Thread-3] INFO com.fbp.engine.node.AbstractNode -- [sensor] processing message...
12:51:52.644 [Thread-4] INFO com.fbp.engine.node.AbstractNode -- [filter] processing message...
12:51:52.644 [Thread-5] INFO com.fbp.engine.node.AbstractNode -- [total-collector] processing message...
12:51:52.644 [Thread-6] INFO com.fbp.engine.node.AbstractNode -- [alert-collector] processing message...
12:51:52.654 [pool-2-thread-1] DEBUG com.fbp.engine.node.TimerNode -- [timer] Timer 틱 발생: 4
12:51:52.654 [Thread-3] INFO com.fbp.engine.node.AbstractNode -- [sensor] processing message...
12:51:52.654 [Thread-5] INFO com.fbp.engine.node.AbstractNode -- [total-collector] processing message...
12:51:52.654 [Thread-4] INFO com.fbp.engine.node.AbstractNode -- [filter] processing message...
12:51:52.654 [Thread-6] INFO com.fbp.engine.node.AbstractNode -- [alert-collector] processing message...
12:51:52.664 [pool-2-thread-1] DEBUG com.fbp.engine.node.TimerNode -- [timer] Timer 틱 발생: 5
12:51:52.664 [Thread-3] INFO com.fbp.engine.node.AbstractNode -- [sensor] processing message...
12:51:52.664 [Thread-5] INFO com.fbp.engine.node.AbstractNode -- [total-collector] processing message...
12:51:52.664 [Thread-4] INFO com.fbp.engine.node.AbstractNode -- [filter] processing message...
12:51:52.664 [Thread-7] INFO com.fbp.engine.node.AbstractNode -- [normal-collector] processing message...
12:51:52.664 [Thread-8] INFO com.fbp.engine.node.AbstractNode -- [file-writer] processing message...
12:51:52.674 [pool-2-thread-1] DEBUG com.fbp.engine.node.TimerNode -- [timer] Timer 틱 발생: 6
12:51:52.674 [Thread-3] INFO com.fbp.engine.node.AbstractNode -- [sensor] processing message...
12:51:52.674 [Thread-4] INFO com.fbp.engine.node.AbstractNode -- [filter] processing message...
12:51:52.674 [Thread-5] INFO com.fbp.engine.node.AbstractNode -- [total-collector] processing message...
12:51:52.674 [Thread-7] INFO com.fbp.engine.node.AbstractNode -- [normal-collector] processing message...
12:51:52.674 [Thread-8] INFO com.fbp.engine.node.AbstractNode -- [file-writer] processing message...
12:51:52.684 [pool-2-thread-1] DEBUG com.fbp.engine.node.TimerNode -- [timer] Timer 틱 발생: 7
12:51:52.684 [Thread-3] INFO com.fbp.engine.node.AbstractNode -- [sensor] processing message...
12:51:52.684 [Thread-5] INFO com.fbp.engine.node.AbstractNode -- [total-collector] processing message...
12:51:52.684 [Thread-4] INFO com.fbp.engine.node.AbstractNode -- [filter] processing message...
12:51:52.684 [Thread-6] INFO com.fbp.engine.node.AbstractNode -- [alert-collector] processing message...
12:51:52.694 [pool-2-thread-1] DEBUG com.fbp.engine.node.TimerNode -- [timer] Timer 틱 발생: 8
12:51:52.694 [Thread-3] INFO com.fbp.engine.node.AbstractNode -- [sensor] processing message...
12:51:52.694 [Thread-5] INFO com.fbp.engine.node.AbstractNode -- [total-collector] processing message...
12:51:52.694 [Thread-4] INFO com.fbp.engine.node.AbstractNode -- [filter] processing message...
12:51:52.694 [Thread-6] INFO com.fbp.engine.node.AbstractNode -- [alert-collector] processing message...
12:51:52.704 [pool-2-thread-1] DEBUG com.fbp.engine.node.TimerNode -- [timer] Timer 틱 발생: 9
12:51:52.704 [Thread-3] INFO com.fbp.engine.node.AbstractNode -- [sensor] processing message...
12:51:52.704 [Thread-4] INFO com.fbp.engine.node.AbstractNode -- [filter] processing message...
12:51:52.704 [Thread-5] INFO com.fbp.engine.node.AbstractNode -- [total-collector] processing message...
12:51:52.704 [Thread-7] INFO com.fbp.engine.node.AbstractNode -- [normal-collector] processing message...
12:51:52.704 [Thread-8] INFO com.fbp.engine.node.AbstractNode -- [file-writer] processing message...
12:51:52.714 [pool-2-thread-1] DEBUG com.fbp.engine.node.TimerNode -- [timer] Timer 틱 발생: 10
12:51:52.714 [Thread-3] INFO com.fbp.engine.node.AbstractNode -- [sensor] processing message...
12:51:52.714 [Thread-4] INFO com.fbp.engine.node.AbstractNode -- [filter] processing message...
12:51:52.714 [Thread-5] INFO com.fbp.engine.node.AbstractNode -- [total-collector] processing message...
12:51:52.714 [Thread-6] INFO com.fbp.engine.node.AbstractNode -- [alert-collector] processing message...
12:51:52.723 [pool-2-thread-1] DEBUG com.fbp.engine.node.TimerNode -- [timer] Timer 틱 발생: 11
12:51:52.723 [Thread-3] INFO com.fbp.engine.node.AbstractNode -- [sensor] processing message...
12:51:52.723 [Thread-4] INFO com.fbp.engine.node.AbstractNode -- [filter] processing message...
12:51:52.723 [Thread-5] INFO com.fbp.engine.node.AbstractNode -- [total-collector] processing message...
12:51:52.723 [Thread-7] INFO com.fbp.engine.node.AbstractNode -- [normal-collector] processing message...
12:51:52.723 [Thread-8] INFO com.fbp.engine.node.AbstractNode -- [file-writer] processing message...
12:51:52.734 [pool-2-thread-1] DEBUG com.fbp.engine.node.TimerNode -- [timer] Timer 틱 발생: 12
12:51:52.735 [Thread-3] INFO com.fbp.engine.node.AbstractNode -- [sensor] processing message...
12:51:52.735 [Thread-4] INFO com.fbp.engine.node.AbstractNode -- [filter] processing message...
12:51:52.735 [Thread-5] INFO com.fbp.engine.node.AbstractNode -- [total-collector] processing message...
12:51:52.735 [Thread-6] INFO com.fbp.engine.node.AbstractNode -- [alert-collector] processing message...
12:51:52.744 [pool-2-thread-1] DEBUG com.fbp.engine.node.TimerNode -- [timer] Timer 틱 발생: 13
12:51:52.744 [Thread-3] INFO com.fbp.engine.node.AbstractNode -- [sensor] processing message...
12:51:52.744 [Thread-4] INFO com.fbp.engine.node.AbstractNode -- [filter] processing message...
12:51:52.744 [Thread-5] INFO com.fbp.engine.node.AbstractNode -- [total-collector] processing message...
12:51:52.744 [Thread-6] INFO com.fbp.engine.node.AbstractNode -- [alert-collector] processing message...
12:51:52.754 [pool-2-thread-1] DEBUG com.fbp.engine.node.TimerNode -- [timer] Timer 틱 발생: 14
12:51:52.754 [Thread-3] INFO com.fbp.engine.node.AbstractNode -- [sensor] processing message...
12:51:52.754 [Thread-5] INFO com.fbp.engine.node.AbstractNode -- [total-collector] processing message...
12:51:52.754 [Thread-4] INFO com.fbp.engine.node.AbstractNode -- [filter] processing message...
12:51:52.754 [Thread-6] INFO com.fbp.engine.node.AbstractNode -- [alert-collector] processing message...
12:51:52.763 [pool-2-thread-1] DEBUG com.fbp.engine.node.TimerNode -- [timer] Timer 틱 발생: 15
12:51:52.764 [Thread-3] INFO com.fbp.engine.node.AbstractNode -- [sensor] processing message...
12:51:52.764 [Thread-4] INFO com.fbp.engine.node.AbstractNode -- [filter] processing message...
12:51:52.764 [Thread-5] INFO com.fbp.engine.node.AbstractNode -- [total-collector] processing message...
12:51:52.764 [Thread-7] INFO com.fbp.engine.node.AbstractNode -- [normal-collector] processing message...
12:51:52.764 [Thread-8] INFO com.fbp.engine.node.AbstractNode -- [file-writer] processing message...
12:51:52.774 [pool-2-thread-1] DEBUG com.fbp.engine.node.TimerNode -- [timer] Timer 틱 발생: 16
12:51:52.774 [Thread-3] INFO com.fbp.engine.node.AbstractNode -- [sensor] processing message...
12:51:52.774 [Thread-4] INFO com.fbp.engine.node.AbstractNode -- [filter] processing message...
12:51:52.774 [Thread-5] INFO com.fbp.engine.node.AbstractNode -- [total-collector] processing message...
12:51:52.775 [Thread-8] INFO com.fbp.engine.node.AbstractNode -- [file-writer] processing message...
12:51:52.775 [Thread-7] INFO com.fbp.engine.node.AbstractNode -- [normal-collector] processing message...
12:51:52.784 [pool-2-thread-1] DEBUG com.fbp.engine.node.TimerNode -- [timer] Timer 틱 발생: 17
12:51:52.784 [Thread-3] INFO com.fbp.engine.node.AbstractNode -- [sensor] processing message...
12:51:52.784 [Thread-4] INFO com.fbp.engine.node.AbstractNode -- [filter] processing message...
12:51:52.784 [Thread-5] INFO com.fbp.engine.node.AbstractNode -- [total-collector] processing message...
12:51:52.784 [Thread-7] INFO com.fbp.engine.node.AbstractNode -- [normal-collector] processing message...
12:51:52.785 [Thread-8] INFO com.fbp.engine.node.AbstractNode -- [file-writer] processing message...
12:51:52.793 [pool-2-thread-1] DEBUG com.fbp.engine.node.TimerNode -- [timer] Timer 틱 발생: 18
12:51:52.793 [Thread-3] INFO com.fbp.engine.node.AbstractNode -- [sensor] processing message...
12:51:52.793 [Thread-5] INFO com.fbp.engine.node.AbstractNode -- [total-collector] processing message...
12:51:52.793 [Thread-4] INFO com.fbp.engine.node.AbstractNode -- [filter] processing message...
12:51:52.793 [Thread-8] INFO com.fbp.engine.node.AbstractNode -- [file-writer] processing message...
12:51:52.793 [Thread-7] INFO com.fbp.engine.node.AbstractNode -- [normal-collector] processing message...
12:51:52.804 [pool-2-thread-1] DEBUG com.fbp.engine.node.TimerNode -- [timer] Timer 틱 발생: 19
12:51:52.805 [Thread-3] INFO com.fbp.engine.node.AbstractNode -- [sensor] processing message...
12:51:52.805 [Thread-5] INFO com.fbp.engine.node.AbstractNode -- [total-collector] processing message...
12:51:52.805 [Thread-4] INFO com.fbp.engine.node.AbstractNode -- [filter] processing message...
12:51:52.805 [Thread-6] INFO com.fbp.engine.node.AbstractNode -- [alert-collector] processing message...
12:51:52.813 [pool-2-thread-1] DEBUG com.fbp.engine.node.TimerNode -- [timer] Timer 틱 발생: 20
12:51:52.814 [Thread-3] INFO com.fbp.engine.node.AbstractNode -- [sensor] processing message...
12:51:52.814 [Thread-4] INFO com.fbp.engine.node.AbstractNode -- [filter] processing message...
12:51:52.814 [Thread-5] INFO com.fbp.engine.node.AbstractNode -- [total-collector] processing message...
12:51:52.814 [Thread-6] INFO com.fbp.engine.node.AbstractNode -- [alert-collector] processing message...
12:51:52.824 [pool-2-thread-1] DEBUG com.fbp.engine.node.TimerNode -- [timer] Timer 틱 발생: 21
12:51:52.824 [Thread-3] INFO com.fbp.engine.node.AbstractNode -- [sensor] processing message...
12:51:52.824 [Thread-5] INFO com.fbp.engine.node.AbstractNode -- [total-collector] processing message...
12:51:52.824 [Thread-4] INFO com.fbp.engine.node.AbstractNode -- [filter] processing message...
12:51:52.824 [Thread-7] INFO com.fbp.engine.node.AbstractNode -- [normal-collector] processing message...
12:51:52.824 [Thread-8] INFO com.fbp.engine.node.AbstractNode -- [file-writer] processing message...
12:51:52.834 [pool-2-thread-1] DEBUG com.fbp.engine.node.TimerNode -- [timer] Timer 틱 발생: 22
12:51:52.834 [Thread-3] INFO com.fbp.engine.node.AbstractNode -- [sensor] processing message...
12:51:52.834 [Thread-4] INFO com.fbp.engine.node.AbstractNode -- [filter] processing message...
12:51:52.834 [Thread-5] INFO com.fbp.engine.node.AbstractNode -- [total-collector] processing message...
12:51:52.834 [Thread-7] INFO com.fbp.engine.node.AbstractNode -- [normal-collector] processing message...
12:51:52.834 [Thread-8] INFO com.fbp.engine.node.AbstractNode -- [file-writer] processing message...
12:51:52.844 [pool-2-thread-1] DEBUG com.fbp.engine.node.TimerNode -- [timer] Timer 틱 발생: 23
12:51:52.844 [Thread-3] INFO com.fbp.engine.node.AbstractNode -- [sensor] processing message...
12:51:52.844 [Thread-5] INFO com.fbp.engine.node.AbstractNode -- [total-collector] processing message...
12:51:52.844 [Thread-4] INFO com.fbp.engine.node.AbstractNode -- [filter] processing message...
12:51:52.844 [Thread-6] INFO com.fbp.engine.node.AbstractNode -- [alert-collector] processing message...
12:51:52.854 [pool-2-thread-1] DEBUG com.fbp.engine.node.TimerNode -- [timer] Timer 틱 발생: 24
12:51:52.854 [Thread-3] INFO com.fbp.engine.node.AbstractNode -- [sensor] processing message...
12:51:52.854 [Thread-5] INFO com.fbp.engine.node.AbstractNode -- [total-collector] processing message...
12:51:52.854 [Thread-4] INFO com.fbp.engine.node.AbstractNode -- [filter] processing message...
12:51:52.854 [Thread-8] INFO com.fbp.engine.node.AbstractNode -- [file-writer] processing message...
12:51:52.854 [Thread-7] INFO com.fbp.engine.node.AbstractNode -- [normal-collector] processing message...
12:51:52.864 [pool-2-thread-1] DEBUG com.fbp.engine.node.TimerNode -- [timer] Timer 틱 발생: 25
12:51:52.864 [Thread-3] INFO com.fbp.engine.node.AbstractNode -- [sensor] processing message...
12:51:52.864 [Thread-4] INFO com.fbp.engine.node.AbstractNode -- [filter] processing message...
12:51:52.865 [Thread-5] INFO com.fbp.engine.node.AbstractNode -- [total-collector] processing message...
12:51:52.865 [Thread-6] INFO com.fbp.engine.node.AbstractNode -- [alert-collector] processing message...
12:51:52.874 [pool-2-thread-1] DEBUG com.fbp.engine.node.TimerNode -- [timer] Timer 틱 발생: 26
12:51:52.874 [Thread-3] INFO com.fbp.engine.node.AbstractNode -- [sensor] processing message...
12:51:52.874 [Thread-4] INFO com.fbp.engine.node.AbstractNode -- [filter] processing message...
12:51:52.874 [Thread-5] INFO com.fbp.engine.node.AbstractNode -- [total-collector] processing message...
12:51:52.874 [Thread-6] INFO com.fbp.engine.node.AbstractNode -- [alert-collector] processing message...
12:51:52.884 [pool-2-thread-1] DEBUG com.fbp.engine.node.TimerNode -- [timer] Timer 틱 발생: 27
12:51:52.884 [Thread-3] INFO com.fbp.engine.node.AbstractNode -- [sensor] processing message...
12:51:52.884 [Thread-4] INFO com.fbp.engine.node.AbstractNode -- [filter] processing message...
12:51:52.884 [Thread-5] INFO com.fbp.engine.node.AbstractNode -- [total-collector] processing message...
12:51:52.884 [Thread-6] INFO com.fbp.engine.node.AbstractNode -- [alert-collector] processing message...
12:51:52.894 [pool-2-thread-1] DEBUG com.fbp.engine.node.TimerNode -- [timer] Timer 틱 발생: 28
12:51:52.894 [Thread-3] INFO com.fbp.engine.node.AbstractNode -- [sensor] processing message...
12:51:52.894 [Thread-4] INFO com.fbp.engine.node.AbstractNode -- [filter] processing message...
12:51:52.894 [Thread-5] INFO com.fbp.engine.node.AbstractNode -- [total-collector] processing message...
12:51:52.894 [Thread-8] INFO com.fbp.engine.node.AbstractNode -- [file-writer] processing message...
12:51:52.894 [Thread-7] INFO com.fbp.engine.node.AbstractNode -- [normal-collector] processing message...
12:51:52.904 [pool-2-thread-1] DEBUG com.fbp.engine.node.TimerNode -- [timer] Timer 틱 발생: 29
12:51:52.904 [Thread-3] INFO com.fbp.engine.node.AbstractNode -- [sensor] processing message...
12:51:52.904 [Thread-4] INFO com.fbp.engine.node.AbstractNode -- [filter] processing message...
12:51:52.904 [Thread-5] INFO com.fbp.engine.node.AbstractNode -- [total-collector] processing message...
12:51:52.904 [Thread-8] INFO com.fbp.engine.node.AbstractNode -- [file-writer] processing message...
12:51:52.904 [Thread-7] INFO com.fbp.engine.node.AbstractNode -- [normal-collector] processing message...
12:51:52.913 [pool-2-thread-1] DEBUG com.fbp.engine.node.TimerNode -- [timer] Timer 틱 발생: 30
12:51:52.913 [Thread-3] INFO com.fbp.engine.node.AbstractNode -- [sensor] processing message...
12:51:52.913 [Thread-4] INFO com.fbp.engine.node.AbstractNode -- [filter] processing message...
12:51:52.913 [Thread-5] INFO com.fbp.engine.node.AbstractNode -- [total-collector] processing message...
12:51:52.913 [Thread-6] INFO com.fbp.engine.node.AbstractNode -- [alert-collector] processing message...
12:51:52.924 [pool-2-thread-1] DEBUG com.fbp.engine.node.TimerNode -- [timer] Timer 틱 발생: 31
12:51:52.924 [Thread-3] INFO com.fbp.engine.node.AbstractNode -- [sensor] processing message...
12:51:52.924 [Thread-4] INFO com.fbp.engine.node.AbstractNode -- [filter] processing message...
12:51:52.924 [Thread-5] INFO com.fbp.engine.node.AbstractNode -- [total-collector] processing message...
12:51:52.924 [Thread-6] INFO com.fbp.engine.node.AbstractNode -- [alert-collector] processing message...
12:51:52.934 [pool-2-thread-1] DEBUG com.fbp.engine.node.TimerNode -- [timer] Timer 틱 발생: 32
12:51:52.934 [Thread-3] INFO com.fbp.engine.node.AbstractNode -- [sensor] processing message...
12:51:52.934 [Thread-4] INFO com.fbp.engine.node.AbstractNode -- [filter] processing message...
12:51:52.934 [Thread-5] INFO com.fbp.engine.node.AbstractNode -- [total-collector] processing message...
12:51:52.934 [Thread-7] INFO com.fbp.engine.node.AbstractNode -- [normal-collector] processing message...
12:51:52.934 [Thread-8] INFO com.fbp.engine.node.AbstractNode -- [file-writer] processing message...
12:51:52.944 [pool-2-thread-1] DEBUG com.fbp.engine.node.TimerNode -- [timer] Timer 틱 발생: 33
12:51:52.944 [Thread-3] INFO com.fbp.engine.node.AbstractNode -- [sensor] processing message...
12:51:52.944 [Thread-5] INFO com.fbp.engine.node.AbstractNode -- [total-collector] processing message...
12:51:52.944 [Thread-4] INFO com.fbp.engine.node.AbstractNode -- [filter] processing message...
12:51:52.944 [Thread-6] INFO com.fbp.engine.node.AbstractNode -- [alert-collector] processing message...
12:51:52.954 [pool-2-thread-1] DEBUG com.fbp.engine.node.TimerNode -- [timer] Timer 틱 발생: 34
12:51:52.954 [Thread-3] INFO com.fbp.engine.node.AbstractNode -- [sensor] processing message...
12:51:52.954 [Thread-5] INFO com.fbp.engine.node.AbstractNode -- [total-collector] processing message...
12:51:52.954 [Thread-4] INFO com.fbp.engine.node.AbstractNode -- [filter] processing message...
12:51:52.954 [Thread-6] INFO com.fbp.engine.node.AbstractNode -- [alert-collector] processing message...
12:51:52.963 [pool-2-thread-1] DEBUG com.fbp.engine.node.TimerNode -- [timer] Timer 틱 발생: 35
12:51:52.963 [Thread-3] INFO com.fbp.engine.node.AbstractNode -- [sensor] processing message...
12:51:52.963 [Thread-4] INFO com.fbp.engine.node.AbstractNode -- [filter] processing message...
12:51:52.963 [Thread-5] INFO com.fbp.engine.node.AbstractNode -- [total-collector] processing message...
12:51:52.963 [Thread-7] INFO com.fbp.engine.node.AbstractNode -- [normal-collector] processing message...
12:51:52.963 [Thread-8] INFO com.fbp.engine.node.AbstractNode -- [file-writer] processing message...
12:51:52.974 [pool-2-thread-1] DEBUG com.fbp.engine.node.TimerNode -- [timer] Timer 틱 발생: 36
12:51:52.974 [Thread-3] INFO com.fbp.engine.node.AbstractNode -- [sensor] processing message...
12:51:52.975 [Thread-4] INFO com.fbp.engine.node.AbstractNode -- [filter] processing message...
12:51:52.975 [Thread-5] INFO com.fbp.engine.node.AbstractNode -- [total-collector] processing message...
12:51:52.975 [Thread-8] INFO com.fbp.engine.node.AbstractNode -- [file-writer] processing message...
12:51:52.975 [Thread-7] INFO com.fbp.engine.node.AbstractNode -- [normal-collector] processing message...
12:51:52.984 [pool-2-thread-1] DEBUG com.fbp.engine.node.TimerNode -- [timer] Timer 틱 발생: 37
12:51:52.984 [Thread-3] INFO com.fbp.engine.node.AbstractNode -- [sensor] processing message...
12:51:52.984 [Thread-5] INFO com.fbp.engine.node.AbstractNode -- [total-collector] processing message...
12:51:52.984 [Thread-4] INFO com.fbp.engine.node.AbstractNode -- [filter] processing message...
12:51:52.984 [Thread-7] INFO com.fbp.engine.node.AbstractNode -- [normal-collector] processing message...
12:51:52.984 [Thread-8] INFO com.fbp.engine.node.AbstractNode -- [file-writer] processing message...
12:51:52.994 [pool-2-thread-1] DEBUG com.fbp.engine.node.TimerNode -- [timer] Timer 틱 발생: 38
12:51:52.994 [Thread-3] INFO com.fbp.engine.node.AbstractNode -- [sensor] processing message...
12:51:52.994 [Thread-5] INFO com.fbp.engine.node.AbstractNode -- [total-collector] processing message...
12:51:52.994 [Thread-4] INFO com.fbp.engine.node.AbstractNode -- [filter] processing message...
12:51:52.994 [Thread-7] INFO com.fbp.engine.node.AbstractNode -- [normal-collector] processing message...
12:51:52.994 [Thread-8] INFO com.fbp.engine.node.AbstractNode -- [file-writer] processing message...
12:51:53.004 [pool-2-thread-1] DEBUG com.fbp.engine.node.TimerNode -- [timer] Timer 틱 발생: 39
12:51:53.004 [Thread-3] INFO com.fbp.engine.node.AbstractNode -- [sensor] processing message...
12:51:53.004 [Thread-4] INFO com.fbp.engine.node.AbstractNode -- [filter] processing message...
12:51:53.004 [Thread-5] INFO com.fbp.engine.node.AbstractNode -- [total-collector] processing message...
12:51:53.005 [Thread-8] INFO com.fbp.engine.node.AbstractNode -- [file-writer] processing message...
12:51:53.005 [Thread-7] INFO com.fbp.engine.node.AbstractNode -- [normal-collector] processing message...
12:51:53.013 [pool-2-thread-1] DEBUG com.fbp.engine.node.TimerNode -- [timer] Timer 틱 발생: 40
12:51:53.013 [Thread-3] INFO com.fbp.engine.node.AbstractNode -- [sensor] processing message...
12:51:53.013 [Thread-5] INFO com.fbp.engine.node.AbstractNode -- [total-collector] processing message...
12:51:53.013 [Thread-4] INFO com.fbp.engine.node.AbstractNode -- [filter] processing message...
12:51:53.013 [Thread-6] INFO com.fbp.engine.node.AbstractNode -- [alert-collector] processing message...
12:51:53.024 [pool-2-thread-1] DEBUG com.fbp.engine.node.TimerNode -- [timer] Timer 틱 발생: 41
12:51:53.025 [Thread-3] INFO com.fbp.engine.node.AbstractNode -- [sensor] processing message...
12:51:53.025 [Thread-4] INFO com.fbp.engine.node.AbstractNode -- [filter] processing message...
12:51:53.025 [Thread-5] INFO com.fbp.engine.node.AbstractNode -- [total-collector] processing message...
12:51:53.025 [Thread-6] INFO com.fbp.engine.node.AbstractNode -- [alert-collector] processing message...
12:51:53.034 [pool-2-thread-1] DEBUG com.fbp.engine.node.TimerNode -- [timer] Timer 틱 발생: 42
12:51:53.034 [Thread-3] INFO com.fbp.engine.node.AbstractNode -- [sensor] processing message...
12:51:53.034 [Thread-4] INFO com.fbp.engine.node.AbstractNode -- [filter] processing message...
12:51:53.034 [Thread-5] INFO com.fbp.engine.node.AbstractNode -- [total-collector] processing message...
12:51:53.034 [Thread-6] INFO com.fbp.engine.node.AbstractNode -- [alert-collector] processing message...
12:51:53.044 [pool-2-thread-1] DEBUG com.fbp.engine.node.TimerNode -- [timer] Timer 틱 발생: 43
12:51:53.044 [Thread-3] INFO com.fbp.engine.node.AbstractNode -- [sensor] processing message...
12:51:53.044 [Thread-5] INFO com.fbp.engine.node.AbstractNode -- [total-collector] processing message...
12:51:53.044 [Thread-4] INFO com.fbp.engine.node.AbstractNode -- [filter] processing message...
12:51:53.044 [Thread-6] INFO com.fbp.engine.node.AbstractNode -- [alert-collector] processing message...
12:51:53.054 [pool-2-thread-1] DEBUG com.fbp.engine.node.TimerNode -- [timer] Timer 틱 발생: 44
12:51:53.054 [Thread-3] INFO com.fbp.engine.node.AbstractNode -- [sensor] processing message...
12:51:53.054 [Thread-4] INFO com.fbp.engine.node.AbstractNode -- [filter] processing message...
12:51:53.054 [Thread-5] INFO com.fbp.engine.node.AbstractNode -- [total-collector] processing message...
12:51:53.054 [Thread-7] INFO com.fbp.engine.node.AbstractNode -- [normal-collector] processing message...
12:51:53.054 [Thread-8] INFO com.fbp.engine.node.AbstractNode -- [file-writer] processing message...
12:51:53.063 [pool-2-thread-1] DEBUG com.fbp.engine.node.TimerNode -- [timer] Timer 틱 발생: 45
12:51:53.063 [Thread-3] INFO com.fbp.engine.node.AbstractNode -- [sensor] processing message...
12:51:53.063 [Thread-4] INFO com.fbp.engine.node.AbstractNode -- [filter] processing message...
12:51:53.063 [Thread-5] INFO com.fbp.engine.node.AbstractNode -- [total-collector] processing message...
12:51:53.063 [Thread-8] INFO com.fbp.engine.node.AbstractNode -- [file-writer] processing message...
12:51:53.063 [Thread-7] INFO com.fbp.engine.node.AbstractNode -- [normal-collector] processing message...
12:51:53.074 [pool-2-thread-1] DEBUG com.fbp.engine.node.TimerNode -- [timer] Timer 틱 발생: 46
12:51:53.074 [Thread-3] INFO com.fbp.engine.node.AbstractNode -- [sensor] processing message...
12:51:53.075 [Thread-4] INFO com.fbp.engine.node.AbstractNode -- [filter] processing message...
12:51:53.075 [Thread-5] INFO com.fbp.engine.node.AbstractNode -- [total-collector] processing message...
12:51:53.075 [Thread-8] INFO com.fbp.engine.node.AbstractNode -- [file-writer] processing message...
12:51:53.075 [Thread-7] INFO com.fbp.engine.node.AbstractNode -- [normal-collector] processing message...
12:51:53.083 [pool-2-thread-1] DEBUG com.fbp.engine.node.TimerNode -- [timer] Timer 틱 발생: 47
12:51:53.083 [Thread-3] INFO com.fbp.engine.node.AbstractNode -- [sensor] processing message...
12:51:53.083 [Thread-5] INFO com.fbp.engine.node.AbstractNode -- [total-collector] processing message...
12:51:53.083 [Thread-4] INFO com.fbp.engine.node.AbstractNode -- [filter] processing message...
12:51:53.083 [Thread-8] INFO com.fbp.engine.node.AbstractNode -- [file-writer] processing message...
12:51:53.083 [Thread-7] INFO com.fbp.engine.node.AbstractNode -- [normal-collector] processing message...
12:51:53.094 [pool-2-thread-1] DEBUG com.fbp.engine.node.TimerNode -- [timer] Timer 틱 발생: 48
12:51:53.094 [Thread-3] INFO com.fbp.engine.node.AbstractNode -- [sensor] processing message...
12:51:53.094 [Thread-4] INFO com.fbp.engine.node.AbstractNode -- [filter] processing message...
12:51:53.094 [Thread-5] INFO com.fbp.engine.node.AbstractNode -- [total-collector] processing message...
12:51:53.094 [Thread-8] INFO com.fbp.engine.node.AbstractNode -- [file-writer] processing message...
12:51:53.094 [Thread-7] INFO com.fbp.engine.node.AbstractNode -- [normal-collector] processing message...
12:51:53.104 [pool-2-thread-1] DEBUG com.fbp.engine.node.TimerNode -- [timer] Timer 틱 발생: 49
12:51:53.104 [Thread-3] INFO com.fbp.engine.node.AbstractNode -- [sensor] processing message...
12:51:53.104 [Thread-4] INFO com.fbp.engine.node.AbstractNode -- [filter] processing message...
12:51:53.104 [Thread-5] INFO com.fbp.engine.node.AbstractNode -- [total-collector] processing message...
12:51:53.104 [Thread-6] INFO com.fbp.engine.node.AbstractNode -- [alert-collector] processing message...
12:51:53.114 [pool-2-thread-1] DEBUG com.fbp.engine.node.TimerNode -- [timer] Timer 틱 발생: 50
12:51:53.114 [Thread-3] INFO com.fbp.engine.node.AbstractNode -- [sensor] processing message...
12:51:53.114 [Thread-5] INFO com.fbp.engine.node.AbstractNode -- [total-collector] processing message...
12:51:53.114 [Thread-4] INFO com.fbp.engine.node.AbstractNode -- [filter] processing message...
12:51:53.114 [Thread-6] INFO com.fbp.engine.node.AbstractNode -- [alert-collector] processing message...
12:51:53.124 [pool-2-thread-1] DEBUG com.fbp.engine.node.TimerNode -- [timer] Timer 틱 발생: 51
12:51:53.124 [Thread-3] INFO com.fbp.engine.node.AbstractNode -- [sensor] processing message...
12:51:53.124 [Thread-4] INFO com.fbp.engine.node.AbstractNode -- [filter] processing message...
12:51:53.124 [Thread-5] INFO com.fbp.engine.node.AbstractNode -- [total-collector] processing message...
12:51:53.124 [Thread-6] INFO com.fbp.engine.node.AbstractNode -- [alert-collector] processing message...
12:51:53.134 [pool-2-thread-1] DEBUG com.fbp.engine.node.TimerNode -- [timer] Timer 틱 발생: 52
12:51:53.134 [Thread-3] INFO com.fbp.engine.node.AbstractNode -- [sensor] processing message...
12:51:53.134 [Thread-5] INFO com.fbp.engine.node.AbstractNode -- [total-collector] processing message...
12:51:53.134 [Thread-4] INFO com.fbp.engine.node.AbstractNode -- [filter] processing message...
12:51:53.134 [Thread-6] INFO com.fbp.engine.node.AbstractNode -- [alert-collector] processing message...
12:51:53.144 [pool-2-thread-1] DEBUG com.fbp.engine.node.TimerNode -- [timer] Timer 틱 발생: 53
12:51:53.144 [Thread-3] INFO com.fbp.engine.node.AbstractNode -- [sensor] processing message...
12:51:53.144 [Thread-4] INFO com.fbp.engine.node.AbstractNode -- [filter] processing message...
12:51:53.144 [Thread-5] INFO com.fbp.engine.node.AbstractNode -- [total-collector] processing message...
12:51:53.144 [Thread-6] INFO com.fbp.engine.node.AbstractNode -- [alert-collector] processing message...
12:51:53.154 [pool-2-thread-1] DEBUG com.fbp.engine.node.TimerNode -- [timer] Timer 틱 발생: 54
12:51:53.154 [Thread-3] INFO com.fbp.engine.node.AbstractNode -- [sensor] processing message...
12:51:53.154 [Thread-4] INFO com.fbp.engine.node.AbstractNode -- [filter] processing message...
12:51:53.154 [Thread-5] INFO com.fbp.engine.node.AbstractNode -- [total-collector] processing message...
12:51:53.154 [Thread-7] INFO com.fbp.engine.node.AbstractNode -- [normal-collector] processing message...
12:51:53.154 [Thread-8] INFO com.fbp.engine.node.AbstractNode -- [file-writer] processing message...
12:51:53.163 [pool-2-thread-1] DEBUG com.fbp.engine.node.TimerNode -- [timer] Timer 틱 발생: 55
12:51:53.164 [Thread-3] INFO com.fbp.engine.node.AbstractNode -- [sensor] processing message...
12:51:53.164 [Thread-4] INFO com.fbp.engine.node.AbstractNode -- [filter] processing message...
12:51:53.164 [Thread-5] INFO com.fbp.engine.node.AbstractNode -- [total-collector] processing message...
12:51:53.164 [Thread-7] INFO com.fbp.engine.node.AbstractNode -- [normal-collector] processing message...
12:51:53.164 [Thread-8] INFO com.fbp.engine.node.AbstractNode -- [file-writer] processing message...
12:51:53.172 [pool-2-thread-1] DEBUG com.fbp.engine.node.TimerNode -- [timer] Timer 틱 발생: 56
12:51:53.172 [Thread-3] INFO com.fbp.engine.node.AbstractNode -- [sensor] processing message...
12:51:53.172 [Thread-4] INFO com.fbp.engine.node.AbstractNode -- [filter] processing message...
12:51:53.172 [Thread-5] INFO com.fbp.engine.node.AbstractNode -- [total-collector] processing message...
12:51:53.172 [Thread-7] INFO com.fbp.engine.node.AbstractNode -- [normal-collector] processing message...
12:51:53.172 [Thread-8] INFO com.fbp.engine.node.AbstractNode -- [file-writer] processing message...
12:51:53.185 [pool-2-thread-1] DEBUG com.fbp.engine.node.TimerNode -- [timer] Timer 틱 발생: 57
12:51:53.185 [Thread-3] INFO com.fbp.engine.node.AbstractNode -- [sensor] processing message...
12:51:53.185 [Thread-4] INFO com.fbp.engine.node.AbstractNode -- [filter] processing message...
12:51:53.185 [Thread-5] INFO com.fbp.engine.node.AbstractNode -- [total-collector] processing message...
12:51:53.185 [Thread-6] INFO com.fbp.engine.node.AbstractNode -- [alert-collector] processing message...
12:51:53.194 [pool-2-thread-1] DEBUG com.fbp.engine.node.TimerNode -- [timer] Timer 틱 발생: 58
12:51:53.194 [Thread-3] INFO com.fbp.engine.node.AbstractNode -- [sensor] processing message...
12:51:53.194 [Thread-5] INFO com.fbp.engine.node.AbstractNode -- [total-collector] processing message...
12:51:53.194 [Thread-4] INFO com.fbp.engine.node.AbstractNode -- [filter] processing message...
12:51:53.194 [Thread-7] INFO com.fbp.engine.node.AbstractNode -- [normal-collector] processing message...
12:51:53.194 [Thread-8] INFO com.fbp.engine.node.AbstractNode -- [file-writer] processing message...
12:51:53.204 [pool-2-thread-1] DEBUG com.fbp.engine.node.TimerNode -- [timer] Timer 틱 발생: 59
12:51:53.204 [Thread-3] INFO com.fbp.engine.node.AbstractNode -- [sensor] processing message...
12:51:53.204 [Thread-4] INFO com.fbp.engine.node.AbstractNode -- [filter] processing message...
12:51:53.204 [Thread-6] INFO com.fbp.engine.node.AbstractNode -- [alert-collector] processing message...
12:51:53.204 [Thread-5] INFO com.fbp.engine.node.AbstractNode -- [total-collector] processing message...
12:51:53.214 [pool-2-thread-1] DEBUG com.fbp.engine.node.TimerNode -- [timer] Timer 틱 발생: 60
12:51:53.214 [Thread-3] INFO com.fbp.engine.node.AbstractNode -- [sensor] processing message...
12:51:53.214 [Thread-4] INFO com.fbp.engine.node.AbstractNode -- [filter] processing message...
12:51:53.214 [Thread-5] INFO com.fbp.engine.node.AbstractNode -- [total-collector] processing message...
12:51:53.214 [Thread-7] INFO com.fbp.engine.node.AbstractNode -- [normal-collector] processing message...
12:51:53.214 [Thread-8] INFO com.fbp.engine.node.AbstractNode -- [file-writer] processing message...
12:51:53.223 [pool-2-thread-1] DEBUG com.fbp.engine.node.TimerNode -- [timer] Timer 틱 발생: 61
12:51:53.223 [Thread-3] INFO com.fbp.engine.node.AbstractNode -- [sensor] processing message...
12:51:53.223 [Thread-5] INFO com.fbp.engine.node.AbstractNode -- [total-collector] processing message...
12:51:53.223 [Thread-4] INFO com.fbp.engine.node.AbstractNode -- [filter] processing message...
12:51:53.223 [Thread-8] INFO com.fbp.engine.node.AbstractNode -- [file-writer] processing message...
12:51:53.223 [Thread-7] INFO com.fbp.engine.node.AbstractNode -- [normal-collector] processing message...
12:51:53.234 [pool-2-thread-1] DEBUG com.fbp.engine.node.TimerNode -- [timer] Timer 틱 발생: 62
12:51:53.234 [Thread-3] INFO com.fbp.engine.node.AbstractNode -- [sensor] processing message...
12:51:53.235 [Thread-4] INFO com.fbp.engine.node.AbstractNode -- [filter] processing message...
12:51:53.235 [Thread-5] INFO com.fbp.engine.node.AbstractNode -- [total-collector] processing message...
12:51:53.235 [Thread-8] INFO com.fbp.engine.node.AbstractNode -- [file-writer] processing message...
12:51:53.235 [Thread-7] INFO com.fbp.engine.node.AbstractNode -- [normal-collector] processing message...
12:51:53.244 [pool-2-thread-1] DEBUG com.fbp.engine.node.TimerNode -- [timer] Timer 틱 발생: 63
12:51:53.244 [Thread-3] INFO com.fbp.engine.node.AbstractNode -- [sensor] processing message...
12:51:53.244 [Thread-4] INFO com.fbp.engine.node.AbstractNode -- [filter] processing message...
12:51:53.244 [Thread-5] INFO com.fbp.engine.node.AbstractNode -- [total-collector] processing message...
12:51:53.244 [Thread-8] INFO com.fbp.engine.node.AbstractNode -- [file-writer] processing message...
12:51:53.244 [Thread-7] INFO com.fbp.engine.node.AbstractNode -- [normal-collector] processing message...
12:51:53.254 [pool-2-thread-1] DEBUG com.fbp.engine.node.TimerNode -- [timer] Timer 틱 발생: 64
12:51:53.254 [Thread-3] INFO com.fbp.engine.node.AbstractNode -- [sensor] processing message...
12:51:53.254 [Thread-4] INFO com.fbp.engine.node.AbstractNode -- [filter] processing message...
12:51:53.254 [Thread-5] INFO com.fbp.engine.node.AbstractNode -- [total-collector] processing message...
12:51:53.254 [Thread-7] INFO com.fbp.engine.node.AbstractNode -- [normal-collector] processing message...
12:51:53.254 [Thread-8] INFO com.fbp.engine.node.AbstractNode -- [file-writer] processing message...
12:51:53.264 [pool-2-thread-1] DEBUG com.fbp.engine.node.TimerNode -- [timer] Timer 틱 발생: 65
12:51:53.265 [Thread-3] INFO com.fbp.engine.node.AbstractNode -- [sensor] processing message...
12:51:53.265 [Thread-4] INFO com.fbp.engine.node.AbstractNode -- [filter] processing message...
12:51:53.265 [Thread-5] INFO com.fbp.engine.node.AbstractNode -- [total-collector] processing message...
12:51:53.265 [Thread-6] INFO com.fbp.engine.node.AbstractNode -- [alert-collector] processing message...
12:51:53.274 [pool-2-thread-1] DEBUG com.fbp.engine.node.TimerNode -- [timer] Timer 틱 발생: 66
12:51:53.274 [Thread-3] INFO com.fbp.engine.node.AbstractNode -- [sensor] processing message...
12:51:53.274 [Thread-5] INFO com.fbp.engine.node.AbstractNode -- [total-collector] processing message...
12:51:53.274 [Thread-4] INFO com.fbp.engine.node.AbstractNode -- [filter] processing message...
12:51:53.275 [Thread-7] INFO com.fbp.engine.node.AbstractNode -- [normal-collector] processing message...
12:51:53.275 [Thread-8] INFO com.fbp.engine.node.AbstractNode -- [file-writer] processing message...
12:51:53.284 [pool-2-thread-1] DEBUG com.fbp.engine.node.TimerNode -- [timer] Timer 틱 발생: 67
12:51:53.284 [Thread-3] INFO com.fbp.engine.node.AbstractNode -- [sensor] processing message...
12:51:53.284 [Thread-5] INFO com.fbp.engine.node.AbstractNode -- [total-collector] processing message...
12:51:53.284 [Thread-4] INFO com.fbp.engine.node.AbstractNode -- [filter] processing message...
12:51:53.284 [Thread-7] INFO com.fbp.engine.node.AbstractNode -- [normal-collector] processing message...
12:51:53.284 [Thread-8] INFO com.fbp.engine.node.AbstractNode -- [file-writer] processing message...
12:51:53.294 [pool-2-thread-1] DEBUG com.fbp.engine.node.TimerNode -- [timer] Timer 틱 발생: 68
12:51:53.294 [Thread-3] INFO com.fbp.engine.node.AbstractNode -- [sensor] processing message...
12:51:53.294 [Thread-5] INFO com.fbp.engine.node.AbstractNode -- [total-collector] processing message...
12:51:53.294 [Thread-4] INFO com.fbp.engine.node.AbstractNode -- [filter] processing message...
12:51:53.294 [Thread-6] INFO com.fbp.engine.node.AbstractNode -- [alert-collector] processing message...
12:51:53.304 [pool-2-thread-1] DEBUG com.fbp.engine.node.TimerNode -- [timer] Timer 틱 발생: 69
12:51:53.304 [Thread-3] INFO com.fbp.engine.node.AbstractNode -- [sensor] processing message...
12:51:53.304 [Thread-5] INFO com.fbp.engine.node.AbstractNode -- [total-collector] processing message...
12:51:53.304 [Thread-4] INFO com.fbp.engine.node.AbstractNode -- [filter] processing message...
12:51:53.304 [Thread-7] INFO com.fbp.engine.node.AbstractNode -- [normal-collector] processing message...
12:51:53.304 [Thread-8] INFO com.fbp.engine.node.AbstractNode -- [file-writer] processing message...
12:51:53.313 [pool-2-thread-1] DEBUG com.fbp.engine.node.TimerNode -- [timer] Timer 틱 발생: 70
12:51:53.313 [Thread-3] INFO com.fbp.engine.node.AbstractNode -- [sensor] processing message...
12:51:53.313 [Thread-5] INFO com.fbp.engine.node.AbstractNode -- [total-collector] processing message...
12:51:53.313 [Thread-4] INFO com.fbp.engine.node.AbstractNode -- [filter] processing message...
12:51:53.313 [Thread-7] INFO com.fbp.engine.node.AbstractNode -- [normal-collector] processing message...
12:51:53.313 [Thread-8] INFO com.fbp.engine.node.AbstractNode -- [file-writer] processing message...
12:51:53.324 [pool-2-thread-1] DEBUG com.fbp.engine.node.TimerNode -- [timer] Timer 틱 발생: 71
12:51:53.324 [Thread-3] INFO com.fbp.engine.node.AbstractNode -- [sensor] processing message...
12:51:53.325 [Thread-4] INFO com.fbp.engine.node.AbstractNode -- [filter] processing message...
12:51:53.325 [Thread-5] INFO com.fbp.engine.node.AbstractNode -- [total-collector] processing message...
12:51:53.325 [Thread-6] INFO com.fbp.engine.node.AbstractNode -- [alert-collector] processing message...
12:51:53.334 [pool-2-thread-1] DEBUG com.fbp.engine.node.TimerNode -- [timer] Timer 틱 발생: 72
12:51:53.334 [Thread-3] INFO com.fbp.engine.node.AbstractNode -- [sensor] processing message...
12:51:53.334 [Thread-5] INFO com.fbp.engine.node.AbstractNode -- [total-collector] processing message...
12:51:53.334 [Thread-4] INFO com.fbp.engine.node.AbstractNode -- [filter] processing message...
12:51:53.334 [Thread-7] INFO com.fbp.engine.node.AbstractNode -- [normal-collector] processing message...
12:51:53.334 [Thread-8] INFO com.fbp.engine.node.AbstractNode -- [file-writer] processing message...
12:51:53.344 [pool-2-thread-1] DEBUG com.fbp.engine.node.TimerNode -- [timer] Timer 틱 발생: 73
12:51:53.344 [Thread-3] INFO com.fbp.engine.node.AbstractNode -- [sensor] processing message...
12:51:53.344 [Thread-4] INFO com.fbp.engine.node.AbstractNode -- [filter] processing message...
12:51:53.344 [Thread-5] INFO com.fbp.engine.node.AbstractNode -- [total-collector] processing message...
12:51:53.344 [Thread-6] INFO com.fbp.engine.node.AbstractNode -- [alert-collector] processing message...
12:51:53.354 [pool-2-thread-1] DEBUG com.fbp.engine.node.TimerNode -- [timer] Timer 틱 발생: 74
12:51:53.354 [Thread-3] INFO com.fbp.engine.node.AbstractNode -- [sensor] processing message...
12:51:53.354 [Thread-4] INFO com.fbp.engine.node.AbstractNode -- [filter] processing message...
12:51:53.354 [Thread-5] INFO com.fbp.engine.node.AbstractNode -- [total-collector] processing message...
12:51:53.354 [Thread-6] INFO com.fbp.engine.node.AbstractNode -- [alert-collector] processing message...
12:51:53.364 [pool-2-thread-1] DEBUG com.fbp.engine.node.TimerNode -- [timer] Timer 틱 발생: 75
12:51:53.364 [Thread-3] INFO com.fbp.engine.node.AbstractNode -- [sensor] processing message...
12:51:53.364 [Thread-5] INFO com.fbp.engine.node.AbstractNode -- [total-collector] processing message...
12:51:53.364 [Thread-4] INFO com.fbp.engine.node.AbstractNode -- [filter] processing message...
12:51:53.364 [Thread-6] INFO com.fbp.engine.node.AbstractNode -- [alert-collector] processing message...
12:51:53.374 [pool-2-thread-1] DEBUG com.fbp.engine.node.TimerNode -- [timer] Timer 틱 발생: 76
12:51:53.374 [Thread-3] INFO com.fbp.engine.node.AbstractNode -- [sensor] processing message...
12:51:53.374 [Thread-4] INFO com.fbp.engine.node.AbstractNode -- [filter] processing message...
12:51:53.374 [Thread-5] INFO com.fbp.engine.node.AbstractNode -- [total-collector] processing message...
12:51:53.374 [Thread-7] INFO com.fbp.engine.node.AbstractNode -- [normal-collector] processing message...
12:51:53.374 [Thread-8] INFO com.fbp.engine.node.AbstractNode -- [file-writer] processing message...
12:51:53.384 [pool-2-thread-1] DEBUG com.fbp.engine.node.TimerNode -- [timer] Timer 틱 발생: 77
12:51:53.384 [Thread-3] INFO com.fbp.engine.node.AbstractNode -- [sensor] processing message...
12:51:53.384 [Thread-5] INFO com.fbp.engine.node.AbstractNode -- [total-collector] processing message...
12:51:53.384 [Thread-4] INFO com.fbp.engine.node.AbstractNode -- [filter] processing message...
12:51:53.384 [Thread-6] INFO com.fbp.engine.node.AbstractNode -- [alert-collector] processing message...
12:51:53.394 [pool-2-thread-1] DEBUG com.fbp.engine.node.TimerNode -- [timer] Timer 틱 발생: 78
12:51:53.394 [Thread-3] INFO com.fbp.engine.node.AbstractNode -- [sensor] processing message...
12:51:53.394 [Thread-4] INFO com.fbp.engine.node.AbstractNode -- [filter] processing message...
12:51:53.394 [Thread-5] INFO com.fbp.engine.node.AbstractNode -- [total-collector] processing message...
12:51:53.394 [Thread-6] INFO com.fbp.engine.node.AbstractNode -- [alert-collector] processing message...
12:51:53.404 [pool-2-thread-1] DEBUG com.fbp.engine.node.TimerNode -- [timer] Timer 틱 발생: 79
12:51:53.404 [Thread-3] INFO com.fbp.engine.node.AbstractNode -- [sensor] processing message...
12:51:53.404 [Thread-5] INFO com.fbp.engine.node.AbstractNode -- [total-collector] processing message...
12:51:53.404 [Thread-4] INFO com.fbp.engine.node.AbstractNode -- [filter] processing message...
12:51:53.404 [Thread-8] INFO com.fbp.engine.node.AbstractNode -- [file-writer] processing message...
12:51:53.404 [Thread-7] INFO com.fbp.engine.node.AbstractNode -- [normal-collector] processing message...
12:51:53.413 [pool-2-thread-1] DEBUG com.fbp.engine.node.TimerNode -- [timer] Timer 틱 발생: 80
12:51:53.413 [Thread-3] INFO com.fbp.engine.node.AbstractNode -- [sensor] processing message...
12:51:53.413 [Thread-4] INFO com.fbp.engine.node.AbstractNode -- [filter] processing message...
12:51:53.413 [Thread-5] INFO com.fbp.engine.node.AbstractNode -- [total-collector] processing message...
12:51:53.413 [Thread-7] INFO com.fbp.engine.node.AbstractNode -- [normal-collector] processing message...
12:51:53.413 [Thread-8] INFO com.fbp.engine.node.AbstractNode -- [file-writer] processing message...
12:51:53.424 [pool-2-thread-1] DEBUG com.fbp.engine.node.TimerNode -- [timer] Timer 틱 발생: 81
12:51:53.424 [Thread-3] INFO com.fbp.engine.node.AbstractNode -- [sensor] processing message...
12:51:53.424 [Thread-4] INFO com.fbp.engine.node.AbstractNode -- [filter] processing message...
12:51:53.424 [Thread-6] INFO com.fbp.engine.node.AbstractNode -- [alert-collector] processing message...
12:51:53.424 [Thread-5] INFO com.fbp.engine.node.AbstractNode -- [total-collector] processing message...
12:51:53.434 [pool-2-thread-1] DEBUG com.fbp.engine.node.TimerNode -- [timer] Timer 틱 발생: 82
12:51:53.434 [Thread-3] INFO com.fbp.engine.node.AbstractNode -- [sensor] processing message...
12:51:53.434 [Thread-5] INFO com.fbp.engine.node.AbstractNode -- [total-collector] processing message...
12:51:53.434 [Thread-4] INFO com.fbp.engine.node.AbstractNode -- [filter] processing message...
12:51:53.434 [Thread-7] INFO com.fbp.engine.node.AbstractNode -- [normal-collector] processing message...
12:51:53.434 [Thread-8] INFO com.fbp.engine.node.AbstractNode -- [file-writer] processing message...
12:51:53.444 [pool-2-thread-1] DEBUG com.fbp.engine.node.TimerNode -- [timer] Timer 틱 발생: 83
12:51:53.444 [Thread-3] INFO com.fbp.engine.node.AbstractNode -- [sensor] processing message...
12:51:53.444 [Thread-4] INFO com.fbp.engine.node.AbstractNode -- [filter] processing message...
12:51:53.444 [Thread-5] INFO com.fbp.engine.node.AbstractNode -- [total-collector] processing message...
12:51:53.444 [Thread-7] INFO com.fbp.engine.node.AbstractNode -- [normal-collector] processing message...
12:51:53.444 [Thread-8] INFO com.fbp.engine.node.AbstractNode -- [file-writer] processing message...
12:51:53.454 [pool-2-thread-1] DEBUG com.fbp.engine.node.TimerNode -- [timer] Timer 틱 발생: 84
12:51:53.454 [Thread-3] INFO com.fbp.engine.node.AbstractNode -- [sensor] processing message...
12:51:53.454 [Thread-5] INFO com.fbp.engine.node.AbstractNode -- [total-collector] processing message...
12:51:53.454 [Thread-4] INFO com.fbp.engine.node.AbstractNode -- [filter] processing message...
12:51:53.454 [Thread-6] INFO com.fbp.engine.node.AbstractNode -- [alert-collector] processing message...
12:51:53.464 [pool-2-thread-1] DEBUG com.fbp.engine.node.TimerNode -- [timer] Timer 틱 발생: 85
12:51:53.464 [Thread-3] INFO com.fbp.engine.node.AbstractNode -- [sensor] processing message...
12:51:53.464 [Thread-5] INFO com.fbp.engine.node.AbstractNode -- [total-collector] processing message...
12:51:53.464 [Thread-4] INFO com.fbp.engine.node.AbstractNode -- [filter] processing message...
12:51:53.464 [Thread-6] INFO com.fbp.engine.node.AbstractNode -- [alert-collector] processing message...
12:51:53.474 [pool-2-thread-1] DEBUG com.fbp.engine.node.TimerNode -- [timer] Timer 틱 발생: 86
12:51:53.474 [Thread-3] INFO com.fbp.engine.node.AbstractNode -- [sensor] processing message...
12:51:53.474 [Thread-5] INFO com.fbp.engine.node.AbstractNode -- [total-collector] processing message...
12:51:53.474 [Thread-4] INFO com.fbp.engine.node.AbstractNode -- [filter] processing message...
12:51:53.474 [Thread-7] INFO com.fbp.engine.node.AbstractNode -- [normal-collector] processing message...
12:51:53.474 [Thread-8] INFO com.fbp.engine.node.AbstractNode -- [file-writer] processing message...
12:51:53.483 [pool-2-thread-1] DEBUG com.fbp.engine.node.TimerNode -- [timer] Timer 틱 발생: 87
12:51:53.484 [Thread-3] INFO com.fbp.engine.node.AbstractNode -- [sensor] processing message...
12:51:53.484 [Thread-4] INFO com.fbp.engine.node.AbstractNode -- [filter] processing message...
12:51:53.484 [Thread-5] INFO com.fbp.engine.node.AbstractNode -- [total-collector] processing message...
12:51:53.484 [Thread-6] INFO com.fbp.engine.node.AbstractNode -- [alert-collector] processing message...
12:51:53.494 [pool-2-thread-1] DEBUG com.fbp.engine.node.TimerNode -- [timer] Timer 틱 발생: 88
12:51:53.494 [Thread-3] INFO com.fbp.engine.node.AbstractNode -- [sensor] processing message...
12:51:53.494 [Thread-4] INFO com.fbp.engine.node.AbstractNode -- [filter] processing message...
12:51:53.494 [Thread-5] INFO com.fbp.engine.node.AbstractNode -- [total-collector] processing message...
12:51:53.494 [Thread-7] INFO com.fbp.engine.node.AbstractNode -- [normal-collector] processing message...
12:51:53.494 [Thread-8] INFO com.fbp.engine.node.AbstractNode -- [file-writer] processing message...
12:51:53.504 [pool-2-thread-1] DEBUG com.fbp.engine.node.TimerNode -- [timer] Timer 틱 발생: 89
12:51:53.504 [Thread-3] INFO com.fbp.engine.node.AbstractNode -- [sensor] processing message...
12:51:53.504 [Thread-5] INFO com.fbp.engine.node.AbstractNode -- [total-collector] processing message...
12:51:53.504 [Thread-4] INFO com.fbp.engine.node.AbstractNode -- [filter] processing message...
12:51:53.504 [Thread-7] INFO com.fbp.engine.node.AbstractNode -- [normal-collector] processing message...
12:51:53.504 [Thread-8] INFO com.fbp.engine.node.AbstractNode -- [file-writer] processing message...
12:51:53.512 [pool-2-thread-1] DEBUG com.fbp.engine.node.TimerNode -- [timer] Timer 틱 발생: 90
12:51:53.512 [Thread-3] INFO com.fbp.engine.node.AbstractNode -- [sensor] processing message...
12:51:53.513 [Thread-5] INFO com.fbp.engine.node.AbstractNode -- [total-collector] processing message...
12:51:53.513 [Thread-4] INFO com.fbp.engine.node.AbstractNode -- [filter] processing message...
12:51:53.513 [Thread-7] INFO com.fbp.engine.node.AbstractNode -- [normal-collector] processing message...
12:51:53.513 [Thread-8] INFO com.fbp.engine.node.AbstractNode -- [file-writer] processing message...
12:51:53.524 [pool-2-thread-1] DEBUG com.fbp.engine.node.TimerNode -- [timer] Timer 틱 발생: 91
12:51:53.525 [Thread-3] INFO com.fbp.engine.node.AbstractNode -- [sensor] processing message...
12:51:53.525 [Thread-4] INFO com.fbp.engine.node.AbstractNode -- [filter] processing message...
12:51:53.525 [Thread-5] INFO com.fbp.engine.node.AbstractNode -- [total-collector] processing message...
12:51:53.525 [Thread-6] INFO com.fbp.engine.node.AbstractNode -- [alert-collector] processing message...
12:51:53.533 [pool-2-thread-1] DEBUG com.fbp.engine.node.TimerNode -- [timer] Timer 틱 발생: 92
12:51:53.533 [Thread-3] INFO com.fbp.engine.node.AbstractNode -- [sensor] processing message...
12:51:53.533 [Thread-4] INFO com.fbp.engine.node.AbstractNode -- [filter] processing message...
12:51:53.533 [Thread-5] INFO com.fbp.engine.node.AbstractNode -- [total-collector] processing message...
12:51:53.533 [Thread-7] INFO com.fbp.engine.node.AbstractNode -- [normal-collector] processing message...
12:51:53.533 [Thread-8] INFO com.fbp.engine.node.AbstractNode -- [file-writer] processing message...
12:51:53.544 [pool-2-thread-1] DEBUG com.fbp.engine.node.TimerNode -- [timer] Timer 틱 발생: 93
12:51:53.544 [Thread-3] INFO com.fbp.engine.node.AbstractNode -- [sensor] processing message...
12:51:53.545 [Thread-4] INFO com.fbp.engine.node.AbstractNode -- [filter] processing message...
12:51:53.545 [Thread-5] INFO com.fbp.engine.node.AbstractNode -- [total-collector] processing message...
12:51:53.545 [Thread-6] INFO com.fbp.engine.node.AbstractNode -- [alert-collector] processing message...
12:51:53.554 [pool-2-thread-1] DEBUG com.fbp.engine.node.TimerNode -- [timer] Timer 틱 발생: 94
12:51:53.554 [Thread-3] INFO com.fbp.engine.node.AbstractNode -- [sensor] processing message...
12:51:53.554 [Thread-4] INFO com.fbp.engine.node.AbstractNode -- [filter] processing message...
12:51:53.554 [Thread-5] INFO com.fbp.engine.node.AbstractNode -- [total-collector] processing message...
12:51:53.554 [Thread-8] INFO com.fbp.engine.node.AbstractNode -- [file-writer] processing message...
12:51:53.554 [Thread-7] INFO com.fbp.engine.node.AbstractNode -- [normal-collector] processing message...
12:51:53.564 [pool-2-thread-1] DEBUG com.fbp.engine.node.TimerNode -- [timer] Timer 틱 발생: 95
12:51:53.564 [Thread-3] INFO com.fbp.engine.node.AbstractNode -- [sensor] processing message...
12:51:53.564 [Thread-4] INFO com.fbp.engine.node.AbstractNode -- [filter] processing message...
12:51:53.564 [Thread-5] INFO com.fbp.engine.node.AbstractNode -- [total-collector] processing message...
12:51:53.564 [Thread-6] INFO com.fbp.engine.node.AbstractNode -- [alert-collector] processing message...
12:51:53.574 [pool-2-thread-1] DEBUG com.fbp.engine.node.TimerNode -- [timer] Timer 틱 발생: 96
12:51:53.574 [Thread-3] INFO com.fbp.engine.node.AbstractNode -- [sensor] processing message...
12:51:53.574 [Thread-4] INFO com.fbp.engine.node.AbstractNode -- [filter] processing message...
12:51:53.574 [Thread-5] INFO com.fbp.engine.node.AbstractNode -- [total-collector] processing message...
12:51:53.574 [Thread-7] INFO com.fbp.engine.node.AbstractNode -- [normal-collector] processing message...
12:51:53.574 [Thread-8] INFO com.fbp.engine.node.AbstractNode -- [file-writer] processing message...
12:51:53.584 [pool-2-thread-1] DEBUG com.fbp.engine.node.TimerNode -- [timer] Timer 틱 발생: 97
12:51:53.584 [Thread-3] INFO com.fbp.engine.node.AbstractNode -- [sensor] processing message...
12:51:53.584 [Thread-5] INFO com.fbp.engine.node.AbstractNode -- [total-collector] processing message...
12:51:53.584 [Thread-4] INFO com.fbp.engine.node.AbstractNode -- [filter] processing message...
12:51:53.584 [Thread-8] INFO com.fbp.engine.node.AbstractNode -- [file-writer] processing message...
12:51:53.584 [Thread-7] INFO com.fbp.engine.node.AbstractNode -- [normal-collector] processing message...
12:51:53.594 [pool-2-thread-1] DEBUG com.fbp.engine.node.TimerNode -- [timer] Timer 틱 발생: 98
12:51:53.594 [Thread-3] INFO com.fbp.engine.node.AbstractNode -- [sensor] processing message...
12:51:53.594 [Thread-5] INFO com.fbp.engine.node.AbstractNode -- [total-collector] processing message...
12:51:53.594 [Thread-4] INFO com.fbp.engine.node.AbstractNode -- [filter] processing message...
12:51:53.594 [Thread-7] INFO com.fbp.engine.node.AbstractNode -- [normal-collector] processing message...
12:51:53.594 [Thread-8] INFO com.fbp.engine.node.AbstractNode -- [file-writer] processing message...
12:51:53.604 [pool-2-thread-1] DEBUG com.fbp.engine.node.TimerNode -- [timer] Timer 틱 발생: 99
12:51:53.604 [Thread-3] INFO com.fbp.engine.node.AbstractNode -- [sensor] processing message...
12:51:53.604 [Thread-4] INFO com.fbp.engine.node.AbstractNode -- [filter] processing message...
12:51:53.604 [Thread-5] INFO com.fbp.engine.node.AbstractNode -- [total-collector] processing message...
12:51:53.604 [Thread-8] INFO com.fbp.engine.node.AbstractNode -- [file-writer] processing message...
12:51:53.604 [Thread-7] INFO com.fbp.engine.node.AbstractNode -- [normal-collector] processing message...
12:51:53.614 [main] INFO com.fbp.engine.node.TimerNode -- [timer] Timer 종료
12:51:53.614 [main] INFO com.fbp.engine.node.FileWriterNode -- [file-writer] 파일 닫기 완료
]]></system-out>
  </testcase>
  <testcase name="test2" classname="com.fbp.engine.integration.FinalIntegrationTest" time="1.014">
    <system-out><![CDATA[12:51:53.619 [main] INFO com.fbp.engine.core.FlowEngine -- [Engine] Flow final-test를 등록됨
12:51:53.623 [main] INFO com.fbp.engine.node.TimerNode -- [timer] Timer 시작 (주기: 10ms)
12:51:53.623 [main] INFO com.fbp.engine.node.FileWriterNode -- [file-writer] 파일 쓰기 준비 완료: test_final_normal_temp.txt
12:51:53.623 [main] INFO com.fbp.engine.core.FlowEngine -- Engine] 플로우 'final-test' 시작됨
12:51:53.624 [pool-3-thread-1] DEBUG com.fbp.engine.node.TimerNode -- [timer] Timer 틱 발생: 0
12:51:53.624 [Thread-9] INFO com.fbp.engine.node.AbstractNode -- [sensor] processing message...
12:51:53.624 [Thread-11] INFO com.fbp.engine.node.AbstractNode -- [total-collector] processing message...
12:51:53.624 [Thread-10] INFO com.fbp.engine.node.AbstractNode -- [filter] processing message...
12:51:53.624 [Thread-12] INFO com.fbp.engine.node.AbstractNode -- [alert-collector] processing message...
12:51:53.634 [pool-3-thread-1] DEBUG com.fbp.engine.node.TimerNode -- [timer] Timer 틱 발생: 1
12:51:53.634 [Thread-9] INFO com.fbp.engine.node.AbstractNode -- [sensor] processing message...
12:51:53.634 [Thread-11] INFO com.fbp.engine.node.AbstractNode -- [total-collector] processing message...
12:51:53.634 [Thread-10] INFO com.fbp.engine.node.AbstractNode -- [filter] processing message...
12:51:53.634 [Thread-13] INFO com.fbp.engine.node.AbstractNode -- [normal-collector] processing message...
12:51:53.634 [Thread-14] INFO com.fbp.engine.node.AbstractNode -- [file-writer] processing message...
12:51:53.645 [pool-3-thread-1] DEBUG com.fbp.engine.node.TimerNode -- [timer] Timer 틱 발생: 2
12:51:53.646 [Thread-9] INFO com.fbp.engine.node.AbstractNode -- [sensor] processing message...
12:51:53.646 [Thread-11] INFO com.fbp.engine.node.AbstractNode -- [total-collector] processing message...
12:51:53.646 [Thread-10] INFO com.fbp.engine.node.AbstractNode -- [filter] processing message...
12:51:53.646 [Thread-12] INFO com.fbp.engine.node.AbstractNode -- [alert-collector] processing message...
12:51:53.655 [pool-3-thread-1] DEBUG com.fbp.engine.node.TimerNode -- [timer] Timer 틱 발생: 3
12:51:53.655 [Thread-9] INFO com.fbp.engine.node.AbstractNode -- [sensor] processing message...
12:51:53.655 [Thread-10] INFO com.fbp.engine.node.AbstractNode -- [filter] processing message...
12:51:53.655 [Thread-11] INFO com.fbp.engine.node.AbstractNode -- [total-collector] processing message...
12:51:53.655 [Thread-13] INFO com.fbp.engine.node.AbstractNode -- [normal-collector] processing message...
12:51:53.655 [Thread-14] INFO com.fbp.engine.node.AbstractNode -- [file-writer] processing message...
12:51:53.665 [pool-3-thread-1] DEBUG com.fbp.engine.node.TimerNode -- [timer] Timer 틱 발생: 4
12:51:53.665 [Thread-9] INFO com.fbp.engine.node.AbstractNode -- [sensor] processing message...
12:51:53.665 [Thread-10] INFO com.fbp.engine.node.AbstractNode -- [filter] processing message...
12:51:53.665 [Thread-11] INFO com.fbp.engine.node.AbstractNode -- [total-collector] processing message...
12:51:53.665 [Thread-12] INFO com.fbp.engine.node.AbstractNode -- [alert-collector] processing message...
12:51:53.675 [pool-3-thread-1] DEBUG com.fbp.engine.node.TimerNode -- [timer] Timer 틱 발생: 5
12:51:53.675 [Thread-9] INFO com.fbp.engine.node.AbstractNode -- [sensor] processing message...
12:51:53.675 [Thread-11] INFO com.fbp.engine.node.AbstractNode -- [total-collector] processing message...
12:51:53.675 [Thread-10] INFO com.fbp.engine.node.AbstractNode -- [filter] processing message...
12:51:53.675 [Thread-14] INFO com.fbp.engine.node.AbstractNode -- [file-writer] processing message...
12:51:53.675 [Thread-13] INFO com.fbp.engine.node.AbstractNode -- [normal-collector] processing message...
12:51:53.685 [pool-3-thread-1] DEBUG com.fbp.engine.node.TimerNode -- [timer] Timer 틱 발생: 6
12:51:53.685 [Thread-9] INFO com.fbp.engine.node.AbstractNode -- [sensor] processing message...
12:51:53.685 [Thread-10] INFO com.fbp.engine.node.AbstractNode -- [filter] processing message...
12:51:53.685 [Thread-11] INFO com.fbp.engine.node.AbstractNode -- [total-collector] processing message...
12:51:53.685 [Thread-12] INFO com.fbp.engine.node.AbstractNode -- [alert-collector] processing message...
12:51:53.693 [pool-3-thread-1] DEBUG com.fbp.engine.node.TimerNode -- [timer] Timer 틱 발생: 7
12:51:53.693 [Thread-9] INFO com.fbp.engine.node.AbstractNode -- [sensor] processing message...
12:51:53.694 [Thread-10] INFO com.fbp.engine.node.AbstractNode -- [filter] processing message...
12:51:53.694 [Thread-11] INFO com.fbp.engine.node.AbstractNode -- [total-collector] processing message...
12:51:53.694 [Thread-12] INFO com.fbp.engine.node.AbstractNode -- [alert-collector] processing message...
12:51:53.706 [pool-3-thread-1] DEBUG com.fbp.engine.node.TimerNode -- [timer] Timer 틱 발생: 8
12:51:53.706 [Thread-9] INFO com.fbp.engine.node.AbstractNode -- [sensor] processing message...
12:51:53.706 [Thread-11] INFO com.fbp.engine.node.AbstractNode -- [total-collector] processing message...
12:51:53.706 [Thread-10] INFO com.fbp.engine.node.AbstractNode -- [filter] processing message...
12:51:53.706 [Thread-12] INFO com.fbp.engine.node.AbstractNode -- [alert-collector] processing message...
12:51:53.715 [pool-3-thread-1] DEBUG com.fbp.engine.node.TimerNode -- [timer] Timer 틱 발생: 9
12:51:53.715 [Thread-9] INFO com.fbp.engine.node.AbstractNode -- [sensor] processing message...
12:51:53.715 [Thread-10] INFO com.fbp.engine.node.AbstractNode -- [filter] processing message...
12:51:53.715 [Thread-11] INFO com.fbp.engine.node.AbstractNode -- [total-collector] processing message...
12:51:53.715 [Thread-14] INFO com.fbp.engine.node.AbstractNode -- [file-writer] processing message...
12:51:53.715 [Thread-13] INFO com.fbp.engine.node.AbstractNode -- [normal-collector] processing message...
12:51:53.725 [pool-3-thread-1] DEBUG com.fbp.engine.node.TimerNode -- [timer] Timer 틱 발생: 10
12:51:53.725 [Thread-9] INFO com.fbp.engine.node.AbstractNode -- [sensor] processing message...
12:51:53.725 [Thread-10] INFO com.fbp.engine.node.AbstractNode -- [filter] processing message...
12:51:53.725 [Thread-11] INFO com.fbp.engine.node.AbstractNode -- [total-collector] processing message...
12:51:53.725 [Thread-13] INFO com.fbp.engine.node.AbstractNode -- [normal-collector] processing message...
12:51:53.725 [Thread-14] INFO com.fbp.engine.node.AbstractNode -- [file-writer] processing message...
12:51:53.734 [pool-3-thread-1] DEBUG com.fbp.engine.node.TimerNode -- [timer] Timer 틱 발생: 11
12:51:53.734 [Thread-9] INFO com.fbp.engine.node.AbstractNode -- [sensor] processing message...
12:51:53.734 [Thread-11] INFO com.fbp.engine.node.AbstractNode -- [total-collector] processing message...
12:51:53.734 [Thread-10] INFO com.fbp.engine.node.AbstractNode -- [filter] processing message...
12:51:53.734 [Thread-12] INFO com.fbp.engine.node.AbstractNode -- [alert-collector] processing message...
12:51:53.745 [pool-3-thread-1] DEBUG com.fbp.engine.node.TimerNode -- [timer] Timer 틱 발생: 12
12:51:53.745 [Thread-9] INFO com.fbp.engine.node.AbstractNode -- [sensor] processing message...
12:51:53.745 [Thread-11] INFO com.fbp.engine.node.AbstractNode -- [total-collector] processing message...
12:51:53.745 [Thread-10] INFO com.fbp.engine.node.AbstractNode -- [filter] processing message...
12:51:53.745 [Thread-14] INFO com.fbp.engine.node.AbstractNode -- [file-writer] processing message...
12:51:53.745 [Thread-13] INFO com.fbp.engine.node.AbstractNode -- [normal-collector] processing message...
12:51:53.755 [pool-3-thread-1] DEBUG com.fbp.engine.node.TimerNode -- [timer] Timer 틱 발생: 13
12:51:53.755 [Thread-9] INFO com.fbp.engine.node.AbstractNode -- [sensor] processing message...
12:51:53.755 [Thread-11] INFO com.fbp.engine.node.AbstractNode -- [total-collector] processing message...
12:51:53.755 [Thread-10] INFO com.fbp.engine.node.AbstractNode -- [filter] processing message...
12:51:53.755 [Thread-13] INFO com.fbp.engine.node.AbstractNode -- [normal-collector] processing message...
12:51:53.755 [Thread-14] INFO com.fbp.engine.node.AbstractNode -- [file-writer] processing message...
12:51:53.763 [pool-3-thread-1] DEBUG com.fbp.engine.node.TimerNode -- [timer] Timer 틱 발생: 14
12:51:53.763 [Thread-9] INFO com.fbp.engine.node.AbstractNode -- [sensor] processing message...
12:51:53.763 [Thread-10] INFO com.fbp.engine.node.AbstractNode -- [filter] processing message...
12:51:53.763 [Thread-11] INFO com.fbp.engine.node.AbstractNode -- [total-collector] processing message...
12:51:53.763 [Thread-12] INFO com.fbp.engine.node.AbstractNode -- [alert-collector] processing message...
12:51:53.776 [pool-3-thread-1] DEBUG com.fbp.engine.node.TimerNode -- [timer] Timer 틱 발생: 15
12:51:53.776 [Thread-9] INFO com.fbp.engine.node.AbstractNode -- [sensor] processing message...
12:51:53.776 [Thread-10] INFO com.fbp.engine.node.AbstractNode -- [filter] processing message...
12:51:53.776 [Thread-11] INFO com.fbp.engine.node.AbstractNode -- [total-collector] processing message...
12:51:53.776 [Thread-13] INFO com.fbp.engine.node.AbstractNode -- [normal-collector] processing message...
12:51:53.776 [Thread-14] INFO com.fbp.engine.node.AbstractNode -- [file-writer] processing message...
12:51:53.785 [pool-3-thread-1] DEBUG com.fbp.engine.node.TimerNode -- [timer] Timer 틱 발생: 16
12:51:53.785 [Thread-9] INFO com.fbp.engine.node.AbstractNode -- [sensor] processing message...
12:51:53.785 [Thread-10] INFO com.fbp.engine.node.AbstractNode -- [filter] processing message...
12:51:53.785 [Thread-11] INFO com.fbp.engine.node.AbstractNode -- [total-collector] processing message...
12:51:53.785 [Thread-12] INFO com.fbp.engine.node.AbstractNode -- [alert-collector] processing message...
12:51:53.794 [pool-3-thread-1] DEBUG com.fbp.engine.node.TimerNode -- [timer] Timer 틱 발생: 17
12:51:53.794 [Thread-9] INFO com.fbp.engine.node.AbstractNode -- [sensor] processing message...
12:51:53.794 [Thread-11] INFO com.fbp.engine.node.AbstractNode -- [total-collector] processing message...
12:51:53.794 [Thread-10] INFO com.fbp.engine.node.AbstractNode -- [filter] processing message...
12:51:53.794 [Thread-13] INFO com.fbp.engine.node.AbstractNode -- [normal-collector] processing message...
12:51:53.794 [Thread-14] INFO com.fbp.engine.node.AbstractNode -- [file-writer] processing message...
12:51:53.805 [pool-3-thread-1] DEBUG com.fbp.engine.node.TimerNode -- [timer] Timer 틱 발생: 18
12:51:53.806 [Thread-9] INFO com.fbp.engine.node.AbstractNode -- [sensor] processing message...
12:51:53.806 [Thread-11] INFO com.fbp.engine.node.AbstractNode -- [total-collector] processing message...
12:51:53.806 [Thread-10] INFO com.fbp.engine.node.AbstractNode -- [filter] processing message...
12:51:53.806 [Thread-14] INFO com.fbp.engine.node.AbstractNode -- [file-writer] processing message...
12:51:53.806 [Thread-13] INFO com.fbp.engine.node.AbstractNode -- [normal-collector] processing message...
12:51:53.815 [pool-3-thread-1] DEBUG com.fbp.engine.node.TimerNode -- [timer] Timer 틱 발생: 19
12:51:53.815 [Thread-9] INFO com.fbp.engine.node.AbstractNode -- [sensor] processing message...
12:51:53.816 [Thread-11] INFO com.fbp.engine.node.AbstractNode -- [total-collector] processing message...
12:51:53.816 [Thread-10] INFO com.fbp.engine.node.AbstractNode -- [filter] processing message...
12:51:53.816 [Thread-14] INFO com.fbp.engine.node.AbstractNode -- [file-writer] processing message...
12:51:53.816 [Thread-13] INFO com.fbp.engine.node.AbstractNode -- [normal-collector] processing message...
12:51:53.825 [pool-3-thread-1] DEBUG com.fbp.engine.node.TimerNode -- [timer] Timer 틱 발생: 20
12:51:53.825 [Thread-9] INFO com.fbp.engine.node.AbstractNode -- [sensor] processing message...
12:51:53.825 [Thread-10] INFO com.fbp.engine.node.AbstractNode -- [filter] processing message...
12:51:53.825 [Thread-11] INFO com.fbp.engine.node.AbstractNode -- [total-collector] processing message...
12:51:53.825 [Thread-14] INFO com.fbp.engine.node.AbstractNode -- [file-writer] processing message...
12:51:53.825 [Thread-13] INFO com.fbp.engine.node.AbstractNode -- [normal-collector] processing message...
12:51:53.835 [pool-3-thread-1] DEBUG com.fbp.engine.node.TimerNode -- [timer] Timer 틱 발생: 21
12:51:53.835 [Thread-9] INFO com.fbp.engine.node.AbstractNode -- [sensor] processing message...
12:51:53.835 [Thread-11] INFO com.fbp.engine.node.AbstractNode -- [total-collector] processing message...
12:51:53.835 [Thread-10] INFO com.fbp.engine.node.AbstractNode -- [filter] processing message...
12:51:53.835 [Thread-12] INFO com.fbp.engine.node.AbstractNode -- [alert-collector] processing message...
12:51:53.845 [pool-3-thread-1] DEBUG com.fbp.engine.node.TimerNode -- [timer] Timer 틱 발생: 22
12:51:53.845 [Thread-9] INFO com.fbp.engine.node.AbstractNode -- [sensor] processing message...
12:51:53.845 [Thread-10] INFO com.fbp.engine.node.AbstractNode -- [filter] processing message...
12:51:53.845 [Thread-11] INFO com.fbp.engine.node.AbstractNode -- [total-collector] processing message...
12:51:53.845 [Thread-12] INFO com.fbp.engine.node.AbstractNode -- [alert-collector] processing message...
12:51:53.855 [pool-3-thread-1] DEBUG com.fbp.engine.node.TimerNode -- [timer] Timer 틱 발생: 23
12:51:53.855 [Thread-9] INFO com.fbp.engine.node.AbstractNode -- [sensor] processing message...
12:51:53.855 [Thread-10] INFO com.fbp.engine.node.AbstractNode -- [filter] processing message...
12:51:53.855 [Thread-11] INFO com.fbp.engine.node.AbstractNode -- [total-collector] processing message...
12:51:53.855 [Thread-12] INFO com.fbp.engine.node.AbstractNode -- [alert-collector] processing message...
12:51:53.863 [pool-3-thread-1] DEBUG com.fbp.engine.node.TimerNode -- [timer] Timer 틱 발생: 24
12:51:53.863 [Thread-9] INFO com.fbp.engine.node.AbstractNode -- [sensor] processing message...
12:51:53.863 [Thread-10] INFO com.fbp.engine.node.AbstractNode -- [filter] processing message...
12:51:53.863 [Thread-11] INFO com.fbp.engine.node.AbstractNode -- [total-collector] processing message...
12:51:53.864 [Thread-14] INFO com.fbp.engine.node.AbstractNode -- [file-writer] processing message...
12:51:53.864 [Thread-13] INFO com.fbp.engine.node.AbstractNode -- [normal-collector] processing message...
12:51:53.876 [pool-3-thread-1] DEBUG com.fbp.engine.node.TimerNode -- [timer] Timer 틱 발생: 25
12:51:53.876 [Thread-9] INFO com.fbp.engine.node.AbstractNode -- [sensor] processing message...
12:51:53.876 [Thread-10] INFO com.fbp.engine.node.AbstractNode -- [filter] processing message...
12:51:53.876 [Thread-11] INFO com.fbp.engine.node.AbstractNode -- [total-collector] processing message...
12:51:53.876 [Thread-12] INFO com.fbp.engine.node.AbstractNode -- [alert-collector] processing message...
12:51:53.884 [pool-3-thread-1] DEBUG com.fbp.engine.node.TimerNode -- [timer] Timer 틱 발생: 26
12:51:53.884 [Thread-9] INFO com.fbp.engine.node.AbstractNode -- [sensor] processing message...
12:51:53.884 [Thread-10] INFO com.fbp.engine.node.AbstractNode -- [filter] processing message...
12:51:53.884 [Thread-11] INFO com.fbp.engine.node.AbstractNode -- [total-collector] processing message...
12:51:53.884 [Thread-13] INFO com.fbp.engine.node.AbstractNode -- [normal-collector] processing message...
12:51:53.884 [Thread-14] INFO com.fbp.engine.node.AbstractNode -- [file-writer] processing message...
12:51:53.896 [pool-3-thread-1] DEBUG com.fbp.engine.node.TimerNode -- [timer] Timer 틱 발생: 27
12:51:53.896 [Thread-9] INFO com.fbp.engine.node.AbstractNode -- [sensor] processing message...
12:51:53.896 [Thread-10] INFO com.fbp.engine.node.AbstractNode -- [filter] processing message...
12:51:53.896 [Thread-11] INFO com.fbp.engine.node.AbstractNode -- [total-collector] processing message...
12:51:53.896 [Thread-12] INFO com.fbp.engine.node.AbstractNode -- [alert-collector] processing message...
12:51:53.905 [pool-3-thread-1] DEBUG com.fbp.engine.node.TimerNode -- [timer] Timer 틱 발생: 28
12:51:53.905 [Thread-9] INFO com.fbp.engine.node.AbstractNode -- [sensor] processing message...
12:51:53.905 [Thread-11] INFO com.fbp.engine.node.AbstractNode -- [total-collector] processing message...
12:51:53.905 [Thread-10] INFO com.fbp.engine.node.AbstractNode -- [filter] processing message...
12:51:53.905 [Thread-13] INFO com.fbp.engine.node.AbstractNode -- [normal-collector] processing message...
12:51:53.905 [Thread-14] INFO com.fbp.engine.node.AbstractNode -- [file-writer] processing message...
12:51:53.914 [pool-3-thread-1] DEBUG com.fbp.engine.node.TimerNode -- [timer] Timer 틱 발생: 29
12:51:53.914 [Thread-9] INFO com.fbp.engine.node.AbstractNode -- [sensor] processing message...
12:51:53.914 [Thread-10] INFO com.fbp.engine.node.AbstractNode -- [filter] processing message...
12:51:53.914 [Thread-11] INFO com.fbp.engine.node.AbstractNode -- [total-collector] processing message...
12:51:53.914 [Thread-12] INFO com.fbp.engine.node.AbstractNode -- [alert-collector] processing message...
12:51:53.925 [pool-3-thread-1] DEBUG com.fbp.engine.node.TimerNode -- [timer] Timer 틱 발생: 30
12:51:53.925 [Thread-9] INFO com.fbp.engine.node.AbstractNode -- [sensor] processing message...
12:51:53.926 [Thread-10] INFO com.fbp.engine.node.AbstractNode -- [filter] processing message...
12:51:53.926 [Thread-11] INFO com.fbp.engine.node.AbstractNode -- [total-collector] processing message...
12:51:53.926 [Thread-12] INFO com.fbp.engine.node.AbstractNode -- [alert-collector] processing message...
12:51:53.935 [pool-3-thread-1] DEBUG com.fbp.engine.node.TimerNode -- [timer] Timer 틱 발생: 31
12:51:53.935 [Thread-9] INFO com.fbp.engine.node.AbstractNode -- [sensor] processing message...
12:51:53.935 [Thread-11] INFO com.fbp.engine.node.AbstractNode -- [total-collector] processing message...
12:51:53.935 [Thread-10] INFO com.fbp.engine.node.AbstractNode -- [filter] processing message...
12:51:53.935 [Thread-14] INFO com.fbp.engine.node.AbstractNode -- [file-writer] processing message...
12:51:53.935 [Thread-13] INFO com.fbp.engine.node.AbstractNode -- [normal-collector] processing message...
12:51:53.945 [pool-3-thread-1] DEBUG com.fbp.engine.node.TimerNode -- [timer] Timer 틱 발생: 32
12:51:53.945 [Thread-9] INFO com.fbp.engine.node.AbstractNode -- [sensor] processing message...
12:51:53.945 [Thread-11] INFO com.fbp.engine.node.AbstractNode -- [total-collector] processing message...
12:51:53.945 [Thread-10] INFO com.fbp.engine.node.AbstractNode -- [filter] processing message...
12:51:53.945 [Thread-12] INFO com.fbp.engine.node.AbstractNode -- [alert-collector] processing message...
12:51:53.955 [pool-3-thread-1] DEBUG com.fbp.engine.node.TimerNode -- [timer] Timer 틱 발생: 33
12:51:53.955 [Thread-9] INFO com.fbp.engine.node.AbstractNode -- [sensor] processing message...
12:51:53.955 [Thread-11] INFO com.fbp.engine.node.AbstractNode -- [total-collector] processing message...
12:51:53.955 [Thread-10] INFO com.fbp.engine.node.AbstractNode -- [filter] processing message...
12:51:53.955 [Thread-12] INFO com.fbp.engine.node.AbstractNode -- [alert-collector] processing message...
12:51:53.965 [pool-3-thread-1] DEBUG com.fbp.engine.node.TimerNode -- [timer] Timer 틱 발생: 34
12:51:53.965 [Thread-9] INFO com.fbp.engine.node.AbstractNode -- [sensor] processing message...
12:51:53.966 [Thread-10] INFO com.fbp.engine.node.AbstractNode -- [filter] processing message...
12:51:53.966 [Thread-11] INFO com.fbp.engine.node.AbstractNode -- [total-collector] processing message...
12:51:53.966 [Thread-12] INFO com.fbp.engine.node.AbstractNode -- [alert-collector] processing message...
12:51:53.975 [pool-3-thread-1] DEBUG com.fbp.engine.node.TimerNode -- [timer] Timer 틱 발생: 35
12:51:53.975 [Thread-9] INFO com.fbp.engine.node.AbstractNode -- [sensor] processing message...
12:51:53.976 [Thread-10] INFO com.fbp.engine.node.AbstractNode -- [filter] processing message...
12:51:53.976 [Thread-11] INFO com.fbp.engine.node.AbstractNode -- [total-collector] processing message...
12:51:53.976 [Thread-14] INFO com.fbp.engine.node.AbstractNode -- [file-writer] processing message...
12:51:53.976 [Thread-13] INFO com.fbp.engine.node.AbstractNode -- [normal-collector] processing message...
12:51:53.984 [pool-3-thread-1] DEBUG com.fbp.engine.node.TimerNode -- [timer] Timer 틱 발생: 36
12:51:53.984 [Thread-9] INFO com.fbp.engine.node.AbstractNode -- [sensor] processing message...
12:51:53.984 [Thread-10] INFO com.fbp.engine.node.AbstractNode -- [filter] processing message...
12:51:53.984 [Thread-11] INFO com.fbp.engine.node.AbstractNode -- [total-collector] processing message...
12:51:53.984 [Thread-14] INFO com.fbp.engine.node.AbstractNode -- [file-writer] processing message...
12:51:53.984 [Thread-13] INFO com.fbp.engine.node.AbstractNode -- [normal-collector] processing message...
12:51:53.994 [pool-3-thread-1] DEBUG com.fbp.engine.node.TimerNode -- [timer] Timer 틱 발생: 37
12:51:53.994 [Thread-9] INFO com.fbp.engine.node.AbstractNode -- [sensor] processing message...
12:51:53.994 [Thread-10] INFO com.fbp.engine.node.AbstractNode -- [filter] processing message...
12:51:53.994 [Thread-11] INFO com.fbp.engine.node.AbstractNode -- [total-collector] processing message...
12:51:53.994 [Thread-13] INFO com.fbp.engine.node.AbstractNode -- [normal-collector] processing message...
12:51:53.994 [Thread-14] INFO com.fbp.engine.node.AbstractNode -- [file-writer] processing message...
12:51:54.005 [pool-3-thread-1] DEBUG com.fbp.engine.node.TimerNode -- [timer] Timer 틱 발생: 38
12:51:54.005 [Thread-9] INFO com.fbp.engine.node.AbstractNode -- [sensor] processing message...
12:51:54.005 [Thread-10] INFO com.fbp.engine.node.AbstractNode -- [filter] processing message...
12:51:54.005 [Thread-11] INFO com.fbp.engine.node.AbstractNode -- [total-collector] processing message...
12:51:54.005 [Thread-13] INFO com.fbp.engine.node.AbstractNode -- [normal-collector] processing message...
12:51:54.005 [Thread-14] INFO com.fbp.engine.node.AbstractNode -- [file-writer] processing message...
12:51:54.014 [pool-3-thread-1] DEBUG com.fbp.engine.node.TimerNode -- [timer] Timer 틱 발생: 39
12:51:54.014 [Thread-9] INFO com.fbp.engine.node.AbstractNode -- [sensor] processing message...
12:51:54.014 [Thread-10] INFO com.fbp.engine.node.AbstractNode -- [filter] processing message...
12:51:54.014 [Thread-11] INFO com.fbp.engine.node.AbstractNode -- [total-collector] processing message...
12:51:54.014 [Thread-12] INFO com.fbp.engine.node.AbstractNode -- [alert-collector] processing message...
12:51:54.026 [pool-3-thread-1] DEBUG com.fbp.engine.node.TimerNode -- [timer] Timer 틱 발생: 40
12:51:54.026 [Thread-9] INFO com.fbp.engine.node.AbstractNode -- [sensor] processing message...
12:51:54.026 [Thread-10] INFO com.fbp.engine.node.AbstractNode -- [filter] processing message...
12:51:54.026 [Thread-11] INFO com.fbp.engine.node.AbstractNode -- [total-collector] processing message...
12:51:54.026 [Thread-13] INFO com.fbp.engine.node.AbstractNode -- [normal-collector] processing message...
12:51:54.026 [Thread-14] INFO com.fbp.engine.node.AbstractNode -- [file-writer] processing message...
12:51:54.034 [pool-3-thread-1] DEBUG com.fbp.engine.node.TimerNode -- [timer] Timer 틱 발생: 41
12:51:54.034 [Thread-9] INFO com.fbp.engine.node.AbstractNode -- [sensor] processing message...
12:51:54.034 [Thread-10] INFO com.fbp.engine.node.AbstractNode -- [filter] processing message...
12:51:54.034 [Thread-11] INFO com.fbp.engine.node.AbstractNode -- [total-collector] processing message...
12:51:54.035 [Thread-12] INFO com.fbp.engine.node.AbstractNode -- [alert-collector] processing message...
12:51:54.044 [pool-3-thread-1] DEBUG com.fbp.engine.node.TimerNode -- [timer] Timer 틱 발생: 42
12:51:54.045 [Thread-9] INFO com.fbp.engine.node.AbstractNode -- [sensor] processing message...
12:51:54.045 [Thread-10] INFO com.fbp.engine.node.AbstractNode -- [filter] processing message...
12:51:54.045 [Thread-11] INFO com.fbp.engine.node.AbstractNode -- [total-collector] processing message...
12:51:54.045 [Thread-13] INFO com.fbp.engine.node.AbstractNode -- [normal-collector] processing message...
12:51:54.045 [Thread-14] INFO com.fbp.engine.node.AbstractNode -- [file-writer] processing message...
12:51:54.056 [pool-3-thread-1] DEBUG com.fbp.engine.node.TimerNode -- [timer] Timer 틱 발생: 43
[...]
12:51:59.317 [Thread-44] INFO com.fbp.engine.node.AbstractNode -- [file-writer] processing message...
12:51:59.317 [Thread-41] INFO com.fbp.engine.node.AbstractNode -- [total-collector] processing message...
12:51:59.329 [pool-8-thread-1] DEBUG com.fbp.engine.node.TimerNode -- [timer] Timer 틱 발생: 66
12:51:59.329 [Thread-39] INFO com.fbp.engine.node.AbstractNode -- [sensor] processing message...
12:51:59.329 [Thread-40] INFO com.fbp.engine.node.AbstractNode -- [filter] processing message...
12:51:59.329 [Thread-42] INFO com.fbp.engine.node.AbstractNode -- [alert-collector] processing message...
12:51:59.329 [Thread-41] INFO com.fbp.engine.node.AbstractNode -- [total-collector] processing message...
12:51:59.337 [pool-8-thread-1] DEBUG com.fbp.engine.node.TimerNode -- [timer] Timer 틱 발생: 67
12:51:59.337 [Thread-39] INFO com.fbp.engine.node.AbstractNode -- [sensor] processing message...
12:51:59.337 [Thread-40] INFO com.fbp.engine.node.AbstractNode -- [filter] processing message...
12:51:59.337 [Thread-41] INFO com.fbp.engine.node.AbstractNode -- [total-collector] processing message...
12:51:59.337 [Thread-43] INFO com.fbp.engine.node.AbstractNode -- [normal-collector] processing message...
12:51:59.337 [Thread-44] INFO com.fbp.engine.node.AbstractNode -- [file-writer] processing message...
12:51:59.347 [pool-8-thread-1] DEBUG com.fbp.engine.node.TimerNode -- [timer] Timer 틱 발생: 68
12:51:59.347 [Thread-39] INFO com.fbp.engine.node.AbstractNode -- [sensor] processing message...
12:51:59.347 [Thread-40] INFO com.fbp.engine.node.AbstractNode -- [filter] processing message...
12:51:59.347 [Thread-41] INFO com.fbp.engine.node.AbstractNode -- [total-collector] processing message...
12:51:59.347 [Thread-43] INFO com.fbp.engine.node.AbstractNode -- [normal-collector] processing message...
12:51:59.347 [Thread-44] INFO com.fbp.engine.node.AbstractNode -- [file-writer] processing message...
12:51:59.359 [pool-8-thread-1] DEBUG com.fbp.engine.node.TimerNode -- [timer] Timer 틱 발생: 69
12:51:59.359 [Thread-39] INFO com.fbp.engine.node.AbstractNode -- [sensor] processing message...
12:51:59.359 [Thread-40] INFO com.fbp.engine.node.AbstractNode -- [filter] processing message...
12:51:59.359 [Thread-41] INFO com.fbp.engine.node.AbstractNode -- [total-collector] processing message...
12:51:59.359 [Thread-43] INFO com.fbp.engine.node.AbstractNode -- [normal-collector] processing message...
12:51:59.359 [Thread-44] INFO com.fbp.engine.node.AbstractNode -- [file-writer] processing message...
12:51:59.368 [pool-8-thread-1] DEBUG com.fbp.engine.node.TimerNode -- [timer] Timer 틱 발생: 70
12:51:59.368 [Thread-39] INFO com.fbp.engine.node.AbstractNode -- [sensor] processing message...
12:51:59.368 [Thread-41] INFO com.fbp.engine.node.AbstractNode -- [total-collector] processing message...
12:51:59.368 [Thread-40] INFO com.fbp.engine.node.AbstractNode -- [filter] processing message...
12:51:59.369 [Thread-42] INFO com.fbp.engine.node.AbstractNode -- [alert-collector] processing message...
12:51:59.379 [pool-8-thread-1] DEBUG com.fbp.engine.node.TimerNode -- [timer] Timer 틱 발생: 71
12:51:59.379 [Thread-39] INFO com.fbp.engine.node.AbstractNode -- [sensor] processing message...
12:51:59.379 [Thread-40] INFO com.fbp.engine.node.AbstractNode -- [filter] processing message...
12:51:59.379 [Thread-41] INFO com.fbp.engine.node.AbstractNode -- [total-collector] processing message...
12:51:59.379 [Thread-42] INFO com.fbp.engine.node.AbstractNode -- [alert-collector] processing message...
12:51:59.388 [pool-8-thread-1] DEBUG com.fbp.engine.node.TimerNode -- [timer] Timer 틱 발생: 72
12:51:59.388 [Thread-39] INFO com.fbp.engine.node.AbstractNode -- [sensor] processing message...
12:51:59.388 [Thread-40] INFO com.fbp.engine.node.AbstractNode -- [filter] processing message...
12:51:59.388 [Thread-41] INFO com.fbp.engine.node.AbstractNode -- [total-collector] processing message...
12:51:59.388 [Thread-43] INFO com.fbp.engine.node.AbstractNode -- [normal-collector] processing message...
12:51:59.388 [Thread-44] INFO com.fbp.engine.node.AbstractNode -- [file-writer] processing message...
12:51:59.398 [pool-8-thread-1] DEBUG com.fbp.engine.node.TimerNode -- [timer] Timer 틱 발생: 73
12:51:59.398 [Thread-39] INFO com.fbp.engine.node.AbstractNode -- [sensor] processing message...
12:51:59.398 [Thread-41] INFO com.fbp.engine.node.AbstractNode -- [total-collector] processing message...
12:51:59.398 [Thread-40] INFO com.fbp.engine.node.AbstractNode -- [filter] processing message...
12:51:59.398 [Thread-42] INFO com.fbp.engine.node.AbstractNode -- [alert-collector] processing message...
12:51:59.409 [pool-8-thread-1] DEBUG com.fbp.engine.node.TimerNode -- [timer] Timer 틱 발생: 74
12:51:59.409 [Thread-39] INFO com.fbp.engine.node.AbstractNode -- [sensor] processing message...
12:51:59.409 [Thread-40] INFO com.fbp.engine.node.AbstractNode -- [filter] processing message...
12:51:59.409 [Thread-41] INFO com.fbp.engine.node.AbstractNode -- [total-collector] processing message...
12:51:59.409 [Thread-44] INFO com.fbp.engine.node.AbstractNode -- [file-writer] processing message...
12:51:59.409 [Thread-43] INFO com.fbp.engine.node.AbstractNode -- [normal-collector] processing message...
12:51:59.419 [pool-8-thread-1] DEBUG com.fbp.engine.node.TimerNode -- [timer] Timer 틱 발생: 75
12:51:59.419 [Thread-39] INFO com.fbp.engine.node.AbstractNode -- [sensor] processing message...
12:51:59.419 [Thread-40] INFO com.fbp.engine.node.AbstractNode -- [filter] processing message...
12:51:59.419 [Thread-41] INFO com.fbp.engine.node.AbstractNode -- [total-collector] processing message...
12:51:59.419 [Thread-42] INFO com.fbp.engine.node.AbstractNode -- [alert-collector] processing message...
12:51:59.429 [pool-8-thread-1] DEBUG com.fbp.engine.node.TimerNode -- [timer] Timer 틱 발생: 76
12:51:59.429 [Thread-39] INFO com.fbp.engine.node.AbstractNode -- [sensor] processing message...
12:51:59.429 [Thread-40] INFO com.fbp.engine.node.AbstractNode -- [filter] processing message...
12:51:59.429 [Thread-41] INFO com.fbp.engine.node.AbstractNode -- [total-collector] processing message...
12:51:59.429 [Thread-43] INFO com.fbp.engine.node.AbstractNode -- [normal-collector] processing message...
12:51:59.429 [Thread-44] INFO com.fbp.engine.node.AbstractNode -- [file-writer] processing message...
12:51:59.439 [pool-8-thread-1] DEBUG com.fbp.engine.node.TimerNode -- [timer] Timer 틱 발생: 77
12:51:59.439 [Thread-39] INFO com.fbp.engine.node.AbstractNode -- [sensor] processing message...
12:51:59.439 [Thread-40] INFO com.fbp.engine.node.AbstractNode -- [filter] processing message...
12:51:59.439 [Thread-41] INFO com.fbp.engine.node.AbstractNode -- [total-collector] processing message...
12:51:59.439 [Thread-43] INFO com.fbp.engine.node.AbstractNode -- [normal-collector] processing message...
12:51:59.439 [Thread-44] INFO com.fbp.engine.node.AbstractNode -- [file-writer] processing message...
12:51:59.447 [pool-8-thread-1] DEBUG com.fbp.engine.node.TimerNode -- [timer] Timer 틱 발생: 78
12:51:59.447 [Thread-39] INFO com.fbp.engine.node.AbstractNode -- [sensor] processing message...
12:51:59.447 [Thread-41] INFO com.fbp.engine.node.AbstractNode -- [total-collector] processing message...
12:51:59.447 [Thread-40] INFO com.fbp.engine.node.AbstractNode -- [filter] processing message...
12:51:59.447 [Thread-43] INFO com.fbp.engine.node.AbstractNode -- [normal-collector] processing message...
12:51:59.447 [Thread-44] INFO com.fbp.engine.node.AbstractNode -- [file-writer] processing message...
12:51:59.459 [pool-8-thread-1] DEBUG com.fbp.engine.node.TimerNode -- [timer] Timer 틱 발생: 79
12:51:59.459 [Thread-39] INFO com.fbp.engine.node.AbstractNode -- [sensor] processing message...
12:51:59.459 [Thread-40] INFO com.fbp.engine.node.AbstractNode -- [filter] processing message...
12:51:59.459 [Thread-41] INFO com.fbp.engine.node.AbstractNode -- [total-collector] processing message...
12:51:59.459 [Thread-43] INFO com.fbp.engine.node.AbstractNode -- [normal-collector] processing message...
12:51:59.459 [Thread-44] INFO com.fbp.engine.node.AbstractNode -- [file-writer] processing message...
12:51:59.468 [pool-8-thread-1] DEBUG com.fbp.engine.node.TimerNode -- [timer] Timer 틱 발생: 80
12:51:59.468 [Thread-39] INFO com.fbp.engine.node.AbstractNode -- [sensor] processing message...
12:51:59.468 [Thread-41] INFO com.fbp.engine.node.AbstractNode -- [total-collector] processing message...
12:51:59.468 [Thread-40] INFO com.fbp.engine.node.AbstractNode -- [filter] processing message...
12:51:59.469 [Thread-42] INFO com.fbp.engine.node.AbstractNode -- [alert-collector] processing message...
12:51:59.479 [pool-8-thread-1] DEBUG com.fbp.engine.node.TimerNode -- [timer] Timer 틱 발생: 81
12:51:59.479 [Thread-39] INFO com.fbp.engine.node.AbstractNode -- [sensor] processing message...
12:51:59.479 [Thread-40] INFO com.fbp.engine.node.AbstractNode -- [filter] processing message...
12:51:59.479 [Thread-41] INFO com.fbp.engine.node.AbstractNode -- [total-collector] processing message...
12:51:59.479 [Thread-42] INFO com.fbp.engine.node.AbstractNode -- [alert-collector] processing message...
12:51:59.489 [pool-8-thread-1] DEBUG com.fbp.engine.node.TimerNode -- [timer] Timer 틱 발생: 82
12:51:59.489 [Thread-39] INFO com.fbp.engine.node.AbstractNode -- [sensor] processing message...
12:51:59.489 [Thread-40] INFO com.fbp.engine.node.AbstractNode -- [filter] processing message...
12:51:59.489 [Thread-41] INFO com.fbp.engine.node.AbstractNode -- [total-collector] processing message...
12:51:59.489 [Thread-43] INFO com.fbp.engine.node.AbstractNode -- [normal-collector] processing message...
12:51:59.489 [Thread-44] INFO com.fbp.engine.node.AbstractNode -- [file-writer] processing message...
12:51:59.499 [pool-8-thread-1] DEBUG com.fbp.engine.node.TimerNode -- [timer] Timer 틱 발생: 83
12:51:59.499 [Thread-39] INFO com.fbp.engine.node.AbstractNode -- [sensor] processing message...
12:51:59.499 [Thread-40] INFO com.fbp.engine.node.AbstractNode -- [filter] processing message...
12:51:59.499 [Thread-41] INFO com.fbp.engine.node.AbstractNode -- [total-collector] processing message...
12:51:59.499 [Thread-43] INFO com.fbp.engine.node.AbstractNode -- [normal-collector] processing message...
12:51:59.499 [Thread-44] INFO com.fbp.engine.node.AbstractNode -- [file-writer] processing message...
12:51:59.509 [pool-8-thread-1] DEBUG com.fbp.engine.node.TimerNode -- [timer] Timer 틱 발생: 84
12:51:59.509 [Thread-39] INFO com.fbp.engine.node.AbstractNode -- [sensor] processing message...
12:51:59.509 [Thread-40] INFO com.fbp.engine.node.AbstractNode -- [filter] processing message...
12:51:59.509 [Thread-41] INFO com.fbp.engine.node.AbstractNode -- [total-collector] processing message...
12:51:59.509 [Thread-42] INFO com.fbp.engine.node.AbstractNode -- [alert-collector] processing message...
12:51:59.518 [pool-8-thread-1] DEBUG com.fbp.engine.node.TimerNode -- [timer] Timer 틱 발생: 85
12:51:59.518 [Thread-39] INFO com.fbp.engine.node.AbstractNode -- [sensor] processing message...
12:51:59.518 [Thread-40] INFO com.fbp.engine.node.AbstractNode -- [filter] processing message...
12:51:59.518 [Thread-41] INFO com.fbp.engine.node.AbstractNode -- [total-collector] processing message...
12:51:59.518 [Thread-42] INFO com.fbp.engine.node.AbstractNode -- [alert-collector] processing message...
12:51:59.528 [pool-8-thread-1] DEBUG com.fbp.engine.node.TimerNode -- [timer] Timer 틱 발생: 86
12:51:59.528 [Thread-39] INFO com.fbp.engine.node.AbstractNode -- [sensor] processing message...
12:51:59.528 [Thread-41] INFO com.fbp.engine.node.AbstractNode -- [total-collector] processing message...
12:51:59.528 [Thread-40] INFO com.fbp.engine.node.AbstractNode -- [filter] processing message...
12:51:59.528 [Thread-44] INFO com.fbp.engine.node.AbstractNode -- [file-writer] processing message...
12:51:59.528 [Thread-43] INFO com.fbp.engine.node.AbstractNode -- [normal-collector] processing message...
12:51:59.539 [pool-8-thread-1] DEBUG com.fbp.engine.node.TimerNode -- [timer] Timer 틱 발생: 87
12:51:59.539 [Thread-39] INFO com.fbp.engine.node.AbstractNode -- [sensor] processing message...
12:51:59.539 [Thread-40] INFO com.fbp.engine.node.AbstractNode -- [filter] processing message...
12:51:59.539 [Thread-41] INFO com.fbp.engine.node.AbstractNode -- [total-collector] processing message...
12:51:59.539 [Thread-43] INFO com.fbp.engine.node.AbstractNode -- [normal-collector] processing message...
12:51:59.539 [Thread-44] INFO com.fbp.engine.node.AbstractNode -- [file-writer] processing message...
12:51:59.548 [pool-8-thread-1] DEBUG com.fbp.engine.node.TimerNode -- [timer] Timer 틱 발생: 88
12:51:59.549 [Thread-39] INFO com.fbp.engine.node.AbstractNode -- [sensor] processing message...
12:51:59.549 [Thread-41] INFO com.fbp.engine.node.AbstractNode -- [total-collector] processing message...
12:51:59.549 [Thread-40] INFO com.fbp.engine.node.AbstractNode -- [filter] processing message...
12:51:59.549 [Thread-42] INFO com.fbp.engine.node.AbstractNode -- [alert-collector] processing message...
12:51:59.557 [pool-8-thread-1] DEBUG com.fbp.engine.node.TimerNode -- [timer] Timer 틱 발생: 89
12:51:59.557 [Thread-39] INFO com.fbp.engine.node.AbstractNode -- [sensor] processing message...
12:51:59.557 [Thread-41] INFO com.fbp.engine.node.AbstractNode -- [total-collector] processing message...
12:51:59.557 [Thread-40] INFO com.fbp.engine.node.AbstractNode -- [filter] processing message...
12:51:59.557 [Thread-42] INFO com.fbp.engine.node.AbstractNode -- [alert-collector] processing message...
12:51:59.569 [pool-8-thread-1] DEBUG com.fbp.engine.node.TimerNode -- [timer] Timer 틱 발생: 90
12:51:59.569 [Thread-39] INFO com.fbp.engine.node.AbstractNode -- [sensor] processing message...
12:51:59.569 [Thread-41] INFO com.fbp.engine.node.AbstractNode -- [total-collector] processing message...
12:51:59.569 [Thread-40] INFO com.fbp.engine.node.AbstractNode -- [filter] processing message...
12:51:59.569 [Thread-43] INFO com.fbp.engine.node.AbstractNode -- [normal-collector] processing message...
12:51:59.569 [Thread-44] INFO com.fbp.engine.node.AbstractNode -- [file-writer] processing message...
12:51:59.578 [pool-8-thread-1] DEBUG com.fbp.engine.node.TimerNode -- [timer] Timer 틱 발생: 91
12:51:59.579 [Thread-39] INFO com.fbp.engine.node.AbstractNode -- [sensor] processing message...
12:51:59.579 [Thread-40] INFO com.fbp.engine.node.AbstractNode -- [filter] processing message...
12:51:59.579 [Thread-41] INFO com.fbp.engine.node.AbstractNode -- [total-collector] processing message...
12:51:59.579 [Thread-42] INFO com.fbp.engine.node.AbstractNode -- [alert-collector] processing message...
12:51:59.589 [pool-8-thread-1] DEBUG com.fbp.engine.node.TimerNode -- [timer] Timer 틱 발생: 92
12:51:59.589 [Thread-39] INFO com.fbp.engine.node.AbstractNode -- [sensor] processing message...
12:51:59.589 [Thread-40] INFO com.fbp.engine.node.AbstractNode -- [filter] processing message...
12:51:59.589 [Thread-41] INFO com.fbp.engine.node.AbstractNode -- [total-collector] processing message...
12:51:59.589 [Thread-42] INFO com.fbp.engine.node.AbstractNode -- [alert-collector] processing message...
12:51:59.597 [pool-8-thread-1] DEBUG com.fbp.engine.node.TimerNode -- [timer] Timer 틱 발생: 93
12:51:59.597 [Thread-39] INFO com.fbp.engine.node.AbstractNode -- [sensor] processing message...
12:51:59.597 [Thread-40] INFO com.fbp.engine.node.AbstractNode -- [filter] processing message...
12:51:59.597 [Thread-41] INFO com.fbp.engine.node.AbstractNode -- [total-collector] processing message...
12:51:59.597 [Thread-42] INFO com.fbp.engine.node.AbstractNode -- [alert-collector] processing message...
12:51:59.609 [pool-8-thread-1] DEBUG com.fbp.engine.node.TimerNode -- [timer] Timer 틱 발생: 94
12:51:59.609 [Thread-39] INFO com.fbp.engine.node.AbstractNode -- [sensor] processing message...
12:51:59.609 [Thread-40] INFO com.fbp.engine.node.AbstractNode -- [filter] processing message...
12:51:59.609 [Thread-41] INFO com.fbp.engine.node.AbstractNode -- [total-collector] processing message...
12:51:59.609 [Thread-43] INFO com.fbp.engine.node.AbstractNode -- [normal-collector] processing message...
12:51:59.609 [Thread-44] INFO com.fbp.engine.node.AbstractNode -- [file-writer] processing message...
12:51:59.618 [pool-8-thread-1] DEBUG com.fbp.engine.node.TimerNode -- [timer] Timer 틱 발생: 95
12:51:59.618 [Thread-39] INFO com.fbp.engine.node.AbstractNode -- [sensor] processing message...
12:51:59.618 [Thread-40] INFO com.fbp.engine.node.AbstractNode -- [filter] processing message...
12:51:59.618 [Thread-41] INFO com.fbp.engine.node.AbstractNode -- [total-collector] processing message...
12:51:59.618 [Thread-43] INFO com.fbp.engine.node.AbstractNode -- [normal-collector] processing message...
12:51:59.618 [Thread-44] INFO com.fbp.engine.node.AbstractNode -- [file-writer] processing message...
12:51:59.629 [pool-8-thread-1] DEBUG com.fbp.engine.node.TimerNode -- [timer] Timer 틱 발생: 96
12:51:59.629 [Thread-39] INFO com.fbp.engine.node.AbstractNode -- [sensor] processing message...
12:51:59.629 [Thread-41] INFO com.fbp.engine.node.AbstractNode -- [total-collector] processing message...
12:51:59.629 [Thread-40] INFO com.fbp.engine.node.AbstractNode -- [filter] processing message...
12:51:59.629 [Thread-43] INFO com.fbp.engine.node.AbstractNode -- [normal-collector] processing message...
12:51:59.629 [Thread-44] INFO com.fbp.engine.node.AbstractNode -- [file-writer] processing message...
12:51:59.637 [pool-8-thread-1] DEBUG com.fbp.engine.node.TimerNode -- [timer] Timer 틱 발생: 97
12:51:59.637 [Thread-39] INFO com.fbp.engine.node.AbstractNode -- [sensor] processing message...
12:51:59.637 [Thread-41] INFO com.fbp.engine.node.AbstractNode -- [total-collector] processing message...
12:51:59.637 [Thread-40] INFO com.fbp.engine.node.AbstractNode -- [filter] processing message...
12:51:59.637 [Thread-43] INFO com.fbp.engine.node.AbstractNode -- [normal-collector] processing message...
12:51:59.637 [Thread-44] INFO com.fbp.engine.node.AbstractNode -- [file-writer] processing message...
12:51:59.647 [pool-8-thread-1] DEBUG com.fbp.engine.node.TimerNode -- [timer] Timer 틱 발생: 98
12:51:59.647 [Thread-39] INFO com.fbp.engine.node.AbstractNode -- [sensor] processing message...
12:51:59.647 [Thread-41] INFO com.fbp.engine.node.AbstractNode -- [total-collector] processing message...
12:51:59.647 [Thread-40] INFO com.fbp.engine.node.AbstractNode -- [filter] processing message...
12:51:59.647 [Thread-42] INFO com.fbp.engine.node.AbstractNode -- [alert-collector] processing message...
12:51:59.659 [pool-8-thread-1] DEBUG com.fbp.engine.node.TimerNode -- [timer] Timer 틱 발생: 99
12:51:59.659 [Thread-39] INFO com.fbp.engine.node.AbstractNode -- [sensor] processing message...
12:51:59.659 [Thread-40] INFO com.fbp.engine.node.AbstractNode -- [filter] processing message...
12:51:59.659 [Thread-41] INFO com.fbp.engine.node.AbstractNode -- [total-collector] processing message...
12:51:59.659 [Thread-43] INFO com.fbp.engine.node.AbstractNode -- [normal-collector] processing message...
12:51:59.659 [Thread-44] INFO com.fbp.engine.node.AbstractNode -- [file-writer] processing message...
12:51:59.668 [pool-8-thread-1] DEBUG com.fbp.engine.node.TimerNode -- [timer] Timer 틱 발생: 100
12:51:59.668 [Thread-39] INFO com.fbp.engine.node.AbstractNode -- [sensor] processing message...
12:51:59.668 [Thread-40] INFO com.fbp.engine.node.AbstractNode -- [filter] processing message...
12:51:59.669 [Thread-41] INFO com.fbp.engine.node.AbstractNode -- [total-collector] processing message...
12:51:59.669 [Thread-43] INFO com.fbp.engine.node.AbstractNode -- [normal-collector] processing message...
12:51:59.669 [Thread-44] INFO com.fbp.engine.node.AbstractNode -- [file-writer] processing message...
12:51:59.672 [main] INFO com.fbp.engine.node.TimerNode -- [timer] Timer 종료
12:51:59.672 [main] INFO com.fbp.engine.node.FileWriterNode -- [file-writer] 파일 닫기 완료
]]></system-out>
  </testcase>
</testsuite>