<?xml version="1.0" encoding="UTF-8"?>
<testsuite xmlns:xsi="http://www.w3.org/2001/XMLSchema-instance" xsi:noNamespaceSchemaLocation="https://maven.apache.org/surefire/maven-surefire-plugin/xsd/surefire-test-report.xsd" version="3.0.1" name="com.fbp.engine.integration.TemperatureMonitoringFlowTest" time="1.522" tests="3" errors="0" skipped="0" failures="0">
  <properties>
[...]
</properties>
  <testcase name="test1" classname="com.fbp.engine.integration.TemperatureMonitoringFlowTest" time="0.51">
    <system-out><![CDATA[14:20:07.261 [main] INFO com.fbp.engine.core.FlowEngine -- [Engine] Flow integrated-test를 등록됨
14:20:07.263 [main] INFO com.fbp.engine.node.TimerNode -- [timer] Timer 시작 (주기: 10ms)
14:20:07.264 [main] INFO com.fbp.engine.core.FlowEngine -- Engine] 플로우 'integrated-test' 시작됨
14:20:07.264 [pool-9-thread-1] DEBUG com.fbp.engine.node.TimerNode -- [timer] Timer 틱 발생: 0
14:20:07.264 [Thread-45] INFO com.fbp.engine.node.AbstractNode -- [sensor] processing message...
14:20:07.264 [Thread-46] INFO com.fbp.engine.node.AbstractNode -- [filter] processing message...
14:20:07.264 [Thread-47] INFO com.fbp.engine.node.AbstractNode -- [alert-collector] processing message...
14:20:07.275 [pool-9-thread-1] DEBUG com.fbp.engine.node.TimerNode -- [timer] Timer 틱 발생: 1
14:20:07.275 [Thread-45] INFO com.fbp.engine.node.AbstractNode -- [sensor] processing message...
14:20:07.276 [Thread-46] INFO com.fbp.engine.node.AbstractNode -- [filter] processing message...
14:20:07.276 [Thread-47] INFO com.fbp.engine.node.AbstractNode -- [alert-collector] processing message...
14:20:07.285 [pool-9-thread-1] DEBUG com.fbp.engine.node.TimerNode -- [timer] Timer 틱 발생: 2
14:20:07.285 [Thread-45] INFO com.fbp.engine.node.AbstractNode -- [sensor] processing message...
14:20:07.285 [Thread-46] INFO com.fbp.engine.node.AbstractNode -- [filter] processing message...
14:20:07.285 [Thread-48] INFO com.fbp.engine.node.AbstractNode -- [normal-collector] processing message...
14:20:07.295 [pool-9-thread-1] DEBUG com.fbp.engine.node.TimerNode -- [timer] Timer 틱 발생: 3
14:20:07.295 [Thread-45] INFO com.fbp.engine.node.AbstractNode -- [sensor] processing message...
14:20:07.295 [Thread-46] INFO com.fbp.engine.node.AbstractNode -- [filter] processing message...
14:20:07.295 [Thread-48] INFO com.fbp.engine.node.AbstractNode -- [normal-collector] processing message...
14:20:07.305 [pool-9-thread-1] DEBUG com.fbp.engine.node.TimerNode -- [timer] Timer 틱 발생: 4
14:20:07.305 [Thread-45] INFO com.fbp.engine.node.AbstractNode -- [sensor] processing message...
14:20:07.305 [Thread-46] INFO com.fbp.engine.node.AbstractNode -- [filter] processing message...
14:20:07.305 [Thread-47] INFO com.fbp.engine.node.AbstractNode -- [alert-collector] processing message...
14:20:07.315 [pool-9-thread-1] DEBUG com.fbp.engine.node.TimerNode -- [timer] Timer 틱 발생: 5
14:20:07.315 [Thread-45] INFO com.fbp.engine.node.AbstractNode -- [sensor] processing message...
14:20:07.315 [Thread-46] INFO com.fbp.engine.node.AbstractNode -- [filter] processing message...
14:20:07.315 [Thread-48] INFO com.fbp.engine.node.AbstractNode -- [normal-collector] processing message...
14:20:07.325 [pool-9-thread-1] DEBUG com.fbp.engine.node.TimerNode -- [timer] Timer 틱 발생: 6
14:20:07.325 [Thread-45] INFO com.fbp.engine.node.AbstractNode -- [sensor] processing message...
14:20:07.325 [Thread-46] INFO com.fbp.engine.node.AbstractNode -- [filter] processing message...
14:20:07.325 [Thread-48] INFO com.fbp.engine.node.AbstractNode -- [normal-collector] processing message...
14:20:07.334 [pool-9-thread-1] DEBUG com.fbp.engine.node.TimerNode -- [timer] Timer 틱 발생: 7
14:20:07.334 [Thread-45] INFO com.fbp.engine.node.AbstractNode -- [sensor] processing message...
14:20:07.334 [Thread-46] INFO com.fbp.engine.node.AbstractNode -- [filter] processing message...
14:20:07.334 [Thread-48] INFO com.fbp.engine.node.AbstractNode -- [normal-collector] processing message...
14:20:07.345 [pool-9-thread-1] DEBUG com.fbp.engine.node.TimerNode -- [timer] Timer 틱 발생: 8
14:20:07.346 [Thread-45] INFO com.fbp.engine.node.AbstractNode -- [sensor] processing message...
14:20:07.346 [Thread-46] INFO com.fbp.engine.node.AbstractNode -- [filter] processing message...
14:20:07.346 [Thread-47] INFO com.fbp.engine.node.AbstractNode -- [alert-collector] processing message...
14:20:07.354 [pool-9-thread-1] DEBUG com.fbp.engine.node.TimerNode -- [timer] Timer 틱 발생: 9
14:20:07.354 [Thread-45] INFO com.fbp.engine.node.AbstractNode -- [sensor] processing message...
14:20:07.354 [Thread-46] INFO com.fbp.engine.node.AbstractNode -- [filter] processing message...
14:20:07.354 [Thread-48] INFO com.fbp.engine.node.AbstractNode -- [normal-collector] processing message...
14:20:07.365 [pool-9-thread-1] DEBUG com.fbp.engine.node.TimerNode -- [timer] Timer 틱 발생: 10
14:20:07.365 [Thread-45] INFO com.fbp.engine.node.AbstractNode -- [sensor] processing message...
14:20:07.365 [Thread-46] INFO com.fbp.engine.node.AbstractNode -- [filter] processing message...
14:20:07.365 [Thread-47] INFO com.fbp.engine.node.AbstractNode -- [alert-collector] processing message...
14:20:07.374 [pool-9-thread-1] DEBUG com.fbp.engine.node.TimerNode -- [timer] Timer 틱 발생: 11
14:20:07.374 [Thread-45] INFO com.fbp.engine.node.AbstractNode -- [sensor] processing message...
14:20:07.374 [Thread-46] INFO com.fbp.engine.node.AbstractNode -- [filter] processing message...
14:20:07.375 [Thread-47] INFO com.fbp.engine.node.AbstractNode -- [alert-collector] processing message...
14:20:07.385 [pool-9-thread-1] DEBUG com.fbp.engine.node.TimerNode -- [timer] Timer 틱 발생: 12
14:20:07.385 [Thread-45] INFO com.fbp.engine.node.AbstractNode -- [sensor] processing message...
14:20:07.385 [Thread-46] INFO com.fbp.engine.node.AbstractNode -- [filter] processing message...
14:20:07.385 [Thread-47] INFO com.fbp.engine.node.AbstractNode -- [alert-collector] processing message...
14:20:07.395 [pool-9-thread-1] DEBUG com.fbp.engine.node.TimerNode -- [timer] Timer 틱 발생: 13
14:20:07.395 [Thread-45] INFO com.fbp.engine.node.AbstractNode -- [sensor] processing message...
14:20:07.395 [Thread-46] INFO com.fbp.engine.node.AbstractNode -- [filter] processing message...
14:20:07.395 [Thread-48] INFO com.fbp.engine.node.AbstractNode -- [normal-collector] processing message...
14:20:07.405 [pool-9-thread-1] DEBUG com.fbp.engine.node.TimerNode -- [timer] Timer 틱 발생: 14
14:20:07.405 [Thread-45] INFO com.fbp.engine.node.AbstractNode -- [sensor] processing message...
14:20:07.405 [Thread-46] INFO com.fbp.engine.node.AbstractNode -- [filter] processing message...
14:20:07.405 [Thread-47] INFO com.fbp.engine.node.AbstractNode -- [alert-collector] processing message...
14:20:07.414 [pool-9-thread-1] DEBUG com.fbp.engine.node.TimerNode -- [timer] Timer 틱 발생: 15
14:20:07.414 [Thread-45] INFO com.fbp.engine.node.AbstractNode -- [sensor] processing message...
14:20:07.414 [Thread-46] INFO com.fbp.engine.node.AbstractNode -- [filter] processing message...
14:20:07.414 [Thread-48] INFO com.fbp.engine.node.AbstractNode -- [normal-collector] processing message...
14:20:07.425 [pool-9-thread-1] DEBUG com.fbp.engine.node.TimerNode -- [timer] Timer 틱 발생: 16
14:20:07.425 [Thread-45] INFO com.fbp.engine.node.AbstractNode -- [sensor] processing message...
14:20:07.425 [Thread-46] INFO com.fbp.engine.node.AbstractNode -- [filter] processing message...
14:20:07.425 [Thread-48] INFO com.fbp.engine.node.AbstractNode -- [normal-collector] processing message...
14:20:07.435 [pool-9-thread-1] DEBUG com.fbp.engine.node.TimerNode -- [timer] Timer 틱 발생: 17
14:20:07.435 [Thread-45] INFO com.fbp.engine.node.AbstractNode -- [sensor] processing message...
14:20:07.435 [Thread-46] INFO com.fbp.engine.node.AbstractNode -- [filter] processing message...
14:20:07.435 [Thread-48] INFO com.fbp.engine.node.AbstractNode -- [normal-collector] processing message...
14:20:07.445 [pool-9-thread-1] DEBUG com.fbp.engine.node.TimerNode -- [timer] Timer 틱 발생: 18
14:20:07.445 [Thread-45] INFO com.fbp.engine.node.AbstractNode -- [sensor] processing message...
14:20:07.445 [Thread-46] INFO com.fbp.engine.node.AbstractNode -- [filter] processing message...
14:20:07.445 [Thread-48] INFO com.fbp.engine.node.AbstractNode -- [normal-collector] processing message...
14:20:07.455 [pool-9-thread-1] DEBUG com.fbp.engine.node.TimerNode -- [timer] Timer 틱 발생: 19
14:20:07.455 [Thread-45] INFO com.fbp.engine.node.AbstractNode -- [sensor] processing message...
14:20:07.455 [Thread-46] INFO com.fbp.engine.node.AbstractNode -- [filter] processing message...
14:20:07.455 [Thread-48] INFO com.fbp.engine.node.AbstractNode -- [normal-collector] processing message...
14:20:07.463 [pool-9-thread-1] DEBUG com.fbp.engine.node.TimerNode -- [timer] Timer 틱 발생: 20
14:20:07.463 [Thread-45] INFO com.fbp.engine.node.AbstractNode -- [sensor] processing message...
14:20:07.463 [Thread-46] INFO com.fbp.engine.node.AbstractNode -- [filter] processing message...
14:20:07.463 [Thread-48] INFO com.fbp.engine.node.AbstractNode -- [normal-collector] processing message...
14:20:07.476 [pool-9-thread-1] DEBUG com.fbp.engine.node.TimerNode -- [timer] Timer 틱 발생: 21
14:20:07.476 [Thread-45] INFO com.fbp.engine.node.AbstractNode -- [sensor] processing message...
14:20:07.476 [Thread-46] INFO com.fbp.engine.node.AbstractNode -- [filter] processing message...
14:20:07.476 [Thread-48] INFO com.fbp.engine.node.AbstractNode -- [normal-collector] processing message...
14:20:07.485 [pool-9-thread-1] DEBUG com.fbp.engine.node.TimerNode -- [timer] Timer 틱 발생: 22
14:20:07.485 [Thread-45] INFO com.fbp.engine.node.AbstractNode -- [sensor] processing message...
14:20:07.485 [Thread-46] INFO com.fbp.engine.node.AbstractNode -- [filter] processing message...
14:20:07.485 [Thread-47] INFO com.fbp.engine.node.AbstractNode -- [alert-collector] processing message...
14:20:07.495 [pool-9-thread-1] DEBUG com.fbp.engine.node.TimerNode -- [timer] Timer 틱 발생: 23
14:20:07.495 [Thread-45] INFO com.fbp.engine.node.AbstractNode -- [sensor] processing message...
14:20:07.495 [Thread-46] INFO com.fbp.engine.node.AbstractNode -- [filter] processing message...
14:20:07.495 [Thread-48] INFO com.fbp.engine.node.AbstractNode -- [normal-collector] processing message...
14:20:07.505 [pool-9-thread-1] DEBUG com.fbp.engine.node.TimerNode -- [timer] Timer 틱 발생: 24
14:20:07.505 [Thread-45] INFO com.fbp.engine.node.AbstractNode -- [sensor] processing message...
14:20:07.505 [Thread-46] INFO com.fbp.engine.node.AbstractNode -- [filter] processing message...
14:20:07.505 [Thread-48] INFO com.fbp.engine.node.AbstractNode -- [normal-collector] processing message...
14:20:07.515 [pool-9-thread-1] DEBUG com.fbp.engine.node.TimerNode -- [timer] Timer 틱 발생: 25
14:20:07.515 [Thread-45] INFO com.fbp.engine.node.AbstractNode -- [sensor] processing message...
14:20:07.515 [Thread-46] INFO com.fbp.engine.node.AbstractNode -- [filter] processing message...
14:20:07.515 [Thread-47] INFO com.fbp.engine.node.AbstractNode -- [alert-collector] processing message...
14:20:07.525 [pool-9-thread-1] DEBUG com.fbp.engine.node.TimerNode -- [timer] Timer 틱 발생: 26
14:20:07.525 [Thread-45] INFO com.fbp.engine.node.AbstractNode -- [sensor] processing message...
14:20:07.525 [Thread-46] INFO com.fbp.engine.node.AbstractNode -- [filter] processing message...
14:20:07.525 [Thread-48] INFO com.fbp.engine.node.AbstractNode -- [normal-collector] processing message...
14:20:07.535 [pool-9-thread-1] DEBUG com.fbp.engine.node.TimerNode -- [timer] Timer 틱 발생: 27
14:20:07.535 [Thread-45] INFO com.fbp.engine.node.AbstractNode -- [sensor] processing message...
14:20:07.535 [Thread-46] INFO com.fbp.engine.node.AbstractNode -- [filter] processing message...
14:20:07.535 [Thread-47] INFO com.fbp.engine.node.AbstractNode -- [alert-collector] processing message...
14:20:07.545 [pool-9-thread-1] DEBUG com.fbp.engine.node.TimerNode -- [timer] Timer 틱 발생: 28
14:20:07.545 [Thread-45] INFO com.fbp.engine.node.AbstractNode -- [sensor] processing message...
14:20:07.545 [Thread-46] INFO com.fbp.engine.node.AbstractNode -- [filter] processing message...
14:20:07.545 [Thread-48] INFO com.fbp.engine.node.AbstractNode -- [normal-collector] processing message...
14:20:07.555 [pool-9-thread-1] DEBUG com.fbp.engine.node.TimerNode -- [timer] Timer 틱 발생: 29
14:20:07.555 [Thread-45] INFO com.fbp.engine.node.AbstractNode -- [sensor] processing message...
14:20:07.555 [Thread-46] INFO com.fbp.engine.node.AbstractNode -- [filter] processing message...
14:20:07.555 [Thread-48] INFO com.fbp.engine.node.AbstractNode -- [normal-collector] processing message...
14:20:07.565 [pool-9-thread-1] DEBUG com.fbp.engine.node.TimerNode -- [timer] Timer 틱 발생: 30
14:20:07.565 [Thread-45] INFO com.fbp.engine.node.AbstractNode -- [sensor] processing message...
14:20:07.565 [Thread-46] INFO com.fbp.engine.node.AbstractNode -- [filter] processing message...
14:20:07.565 [Thread-47] INFO com.fbp.engine.node.AbstractNode -- [alert-collector] processing message...
14:20:07.575 [pool-9-thread-1] DEBUG com.fbp.engine.node.TimerNode -- [timer] Timer 틱 발생: 31
14:20:07.575 [Thread-45] INFO com.fbp.engine.node.AbstractNode -- [sensor] processing message...
14:20:07.575 [Thread-46] INFO com.fbp.engine.node.AbstractNode -- [filter] processing message...
14:20:07.575 [Thread-47] INFO com.fbp.engine.node.AbstractNode -- [alert-collector] processing message...
14:20:07.585 [pool-9-thread-1] DEBUG com.fbp.engine.node.TimerNode -- [timer] Timer 틱 발생: 32
14:20:07.585 [Thread-45] INFO com.fbp.engine.node.AbstractNode -- [sensor] processing message...
14:20:07.585 [Thread-46] INFO com.fbp.engine.node.AbstractNode -- [filter] processing message...
14:20:07.585 [Thread-48] INFO com.fbp.engine.node.AbstractNode -- [normal-collector] processing message...
14:20:07.593 [pool-9-thread-1] DEBUG com.fbp.engine.node.TimerNode -- [timer] Timer 틱 발생: 33
14:20:07.593 [Thread-45] INFO com.fbp.engine.node.AbstractNode -- [sensor] processing message...
14:20:07.593 [Thread-46] INFO com.fbp.engine.node.AbstractNode -- [filter] processing message...
14:20:07.593 [Thread-48] INFO com.fbp.engine.node.AbstractNode -- [normal-collector] processing message...
14:20:07.605 [pool-9-thread-1] DEBUG com.fbp.engine.node.TimerNode -- [timer] Timer 틱 발생: 34
14:20:07.606 [Thread-45] INFO com.fbp.engine.node.AbstractNode -- [sensor] processing message...
14:20:07.606 [Thread-46] INFO com.fbp.engine.node.AbstractNode -- [filter] processing message...
14:20:07.606 [Thread-47] INFO com.fbp.engine.node.AbstractNode -- [alert-collector] processing message...
14:20:07.615 [pool-9-thread-1] DEBUG com.fbp.engine.node.TimerNode -- [timer] Timer 틱 발생: 35
14:20:07.615 [Thread-45] INFO com.fbp.engine.node.AbstractNode -- [sensor] processing message...
14:20:07.615 [Thread-46] INFO com.fbp.engine.node.AbstractNode -- [filter] processing message...
14:20:07.615 [Thread-48] INFO com.fbp.engine.node.AbstractNode -- [normal-collector] processing message...
14:20:07.625 [pool-9-thread-1] DEBUG com.fbp.engine.node.TimerNode -- [timer] Timer 틱 발생: 36
14:20:07.625 [Thread-45] INFO com.fbp.engine.node.AbstractNode -- [sensor] processing message...
14:20:07.625 [Thread-46] INFO com.fbp.engine.node.AbstractNode -- [filter] processing message...
14:20:07.625 [Thread-48] INFO com.fbp.engine.node.AbstractNode -- [normal-collector] processing message...
14:20:07.634 [pool-9-thread-1] DEBUG com.fbp.engine.node.TimerNode -- [timer] Timer 틱 발생: 37
14:20:07.634 [Thread-45] INFO com.fbp.engine.node.AbstractNode -- [sensor] processing message...
14:20:07.634 [Thread-46] INFO com.fbp.engine.node.AbstractNode -- [filter] processing message...
14:20:07.634 [Thread-47] INFO com.fbp.engine.node.AbstractNode -- [alert-collector] processing message...
14:20:07.644 [pool-9-thread-1] DEBUG com.fbp.engine.node.TimerNode -- [timer] Timer 틱 발생: 38
14:20:07.644 [Thread-45] INFO com.fbp.engine.node.AbstractNode -- [sensor] processing message...
14:20:07.644 [Thread-46] INFO com.fbp.engine.node.AbstractNode -- [filter] processing message...
14:20:07.644 [Thread-48] INFO com.fbp.engine.node.AbstractNode -- [normal-collector] processing message...
14:20:07.655 [pool-9-thread-1] DEBUG com.fbp.engine.node.TimerNode -- [timer] Timer 틱 발생: 39
14:20:07.655 [Thread-45] INFO com.fbp.engine.node.AbstractNode -- [sensor] processing message...
14:20:07.655 [Thread-46] INFO com.fbp.engine.node.AbstractNode -- [filter] processing message...
14:20:07.655 [Thread-47] INFO com.fbp.engine.node.AbstractNode -- [alert-collector] processing message...
14:20:07.665 [pool-9-thread-1] DEBUG com.fbp.engine.node.TimerNode -- [timer] Timer 틱 발생: 40
14:20:07.665 [Thread-45] INFO com.fbp.engine.node.AbstractNode -- [sensor] processing message...
14:20:07.665 [Thread-46] INFO com.fbp.engine.node.AbstractNode -- [filter] processing message...
14:20:07.665 [Thread-48] INFO com.fbp.engine.node.AbstractNode -- [normal-collector] processing message...
14:20:07.675 [pool-9-thread-1] DEBUG com.fbp.engine.node.TimerNode -- [timer] Timer 틱 발생: 41
14:20:07.675 [Thread-45] INFO com.fbp.engine.node.AbstractNode -- [sensor] processing message...
14:20:07.675 [Thread-46] INFO com.fbp.engine.node.AbstractNode -- [filter] processing message...
14:20:07.675 [Thread-48] INFO com.fbp.engine.node.AbstractNode -- [normal-collector] processing message...
14:20:07.683 [pool-9-thread-1] DEBUG com.fbp.engine.node.TimerNode -- [timer] Timer 틱 발생: 42
14:20:07.683 [Thread-45] INFO com.fbp.engine.node.AbstractNode -- [sensor] processing message...
14:20:07.683 [Thread-46] INFO com.fbp.engine.node.AbstractNode -- [filter] processing message...
14:20:07.683 [Thread-47] INFO com.fbp.engine.node.AbstractNode -- [alert-collector] processing message...
14:20:07.696 [pool-9-thread-1] DEBUG com.fbp.engine.node.TimerNode -- [timer] Timer 틱 발생: 43
14:20:07.696 [Thread-45] INFO com.fbp.engine.node.AbstractNode -- [sensor] processing message...
14:20:07.696 [Thread-46] INFO com.fbp.engine.node.AbstractNode -- [filter] processing message...
14:20:07.696 [Thread-47] INFO com.fbp.engine.node.AbstractNode -- [alert-collector] processing message...
14:20:07.705 [pool-9-thread-1] DEBUG com.fbp.engine.node.TimerNode -- [timer] Timer 틱 발생: 44
14:20:07.705 [Thread-45] INFO com.fbp.engine.node.AbstractNode -- [sensor] processing message...
14:20:07.705 [Thread-46] INFO com.fbp.engine.node.AbstractNode -- [filter] processing message...
14:20:07.705 [Thread-47] INFO com.fbp.engine.node.AbstractNode -- [alert-collector] processing message...
14:20:07.715 [pool-9-thread-1] DEBUG com.fbp.engine.node.TimerNode -- [timer] Timer 틱 발생: 45
14:20:07.715 [Thread-45] INFO com.fbp.engine.node.AbstractNode -- [sensor] processing message...
14:20:07.715 [Thread-46] INFO com.fbp.engine.node.AbstractNode -- [filter] processing message...
14:20:07.715 [Thread-48] INFO com.fbp.engine.node.AbstractNode -- [normal-collector] processing message...
14:20:07.724 [pool-9-thread-1] DEBUG com.fbp.engine.node.TimerNode -- [timer] Timer 틱 발생: 46
14:20:07.724 [Thread-45] INFO com.fbp.engine.node.AbstractNode -- [sensor] processing message...
14:20:07.725 [Thread-46] INFO com.fbp.engine.node.AbstractNode -- [filter] processing message...
14:20:07.725 [Thread-48] INFO com.fbp.engine.node.AbstractNode -- [normal-collector] processing message...
14:20:07.735 [pool-9-thread-1] DEBUG com.fbp.engine.node.TimerNode -- [timer] Timer 틱 발생: 47
14:20:07.735 [Thread-45] INFO com.fbp.engine.node.AbstractNode -- [sensor] processing message...
14:20:07.735 [Thread-46] INFO com.fbp.engine.node.AbstractNode -- [filter] processing message...
14:20:07.735 [Thread-47] INFO com.fbp.engine.node.AbstractNode -- [alert-collector] processing message...
14:20:07.743 [pool-9-thread-1] DEBUG com.fbp.engine.node.TimerNode -- [timer] Timer 틱 발생: 48
14:20:07.743 [Thread-45] INFO com.fbp.engine.node.AbstractNode -- [sensor] processing message...
14:20:07.743 [Thread-46] INFO com.fbp.engine.node.AbstractNode -- [filter] processing message...
14:20:07.743 [Thread-48] INFO com.fbp.engine.node.AbstractNode -- [normal-collector] processing message...
14:20:07.755 [pool-9-thread-1] DEBUG com.fbp.engine.node.TimerNode -- [timer] Timer 틱 발생: 49
14:20:07.756 [Thread-45] INFO com.fbp.engine.node.AbstractNode -- [sensor] processing message...
14:20:07.756 [Thread-46] INFO com.fbp.engine.node.AbstractNode -- [filter] processing message...
14:20:07.756 [Thread-48] INFO com.fbp.engine.node.AbstractNode -- [normal-collector] processing message...
14:20:07.765 [pool-9-thread-1] DEBUG com.fbp.engine.node.TimerNode -- [timer] Timer 틱 발생: 50
14:20:07.765 [Thread-45] INFO com.fbp.engine.node.AbstractNode -- [sensor] processing message...
14:20:07.765 [Thread-46] INFO com.fbp.engine.node.AbstractNode -- [filter] processing message...
14:20:07.765 [Thread-48] INFO com.fbp.engine.node.AbstractNode -- [normal-collector] processing message...
14:20:07.769 [main] INFO com.fbp.engine.node.TimerNode -- [timer] Timer 종료
]]></system-out>
  </testcase>
  <testcase name="test2" classname="com.fbp.engine.integration.TemperatureMonitoringFlowTest" time="0.504">
    <system-out><![CDATA[14:20:07.770 [main] INFO com.fbp.engine.core.FlowEngine -- [Engine] Flow integrated-test를 등록됨
14:20:07.771 [main] INFO com.fbp.engine.node.TimerNode -- [timer] Timer 시작 (주기: 10ms)
14:20:07.771 [main] INFO com.fbp.engine.core.FlowEngine -- Engine] 플로우 'integrated-test' 시작됨
14:20:07.771 [pool-10-thread-1] DEBUG com.fbp.engine.node.TimerNode -- [timer] Timer 틱 발생: 0
14:20:07.771 [Thread-49] INFO com.fbp.engine.node.AbstractNode -- [sensor] processing message...
14:20:07.771 [Thread-50] INFO com.fbp.engine.node.AbstractNode -- [filter] processing message...
14:20:07.771 [Thread-52] INFO com.fbp.engine.node.AbstractNode -- [normal-collector] processing message...
14:20:07.784 [pool-10-thread-1] DEBUG com.fbp.engine.node.TimerNode -- [timer] Timer 틱 발생: 1
14:20:07.784 [Thread-49] INFO com.fbp.engine.node.AbstractNode -- [sensor] processing message...
14:20:07.784 [Thread-50] INFO com.fbp.engine.node.AbstractNode -- [filter] processing message...
14:20:07.784 [Thread-51] INFO com.fbp.engine.node.AbstractNode -- [alert-collector] processing message...
14:20:07.793 [pool-10-thread-1] DEBUG com.fbp.engine.node.TimerNode -- [timer] Timer 틱 발생: 2
14:20:07.793 [Thread-49] INFO com.fbp.engine.node.AbstractNode -- [sensor] processing message...
14:20:07.793 [Thread-50] INFO com.fbp.engine.node.AbstractNode -- [filter] processing message...
14:20:07.793 [Thread-52] INFO com.fbp.engine.node.AbstractNode -- [normal-collector] processing message...
14:20:07.803 [pool-10-thread-1] DEBUG com.fbp.engine.node.TimerNode -- [timer] Timer 틱 발생: 3
14:20:07.803 [Thread-49] INFO com.fbp.engine.node.AbstractNode -- [sensor] processing message...
14:20:07.803 [Thread-50] INFO com.fbp.engine.node.AbstractNode -- [filter] processing message...
14:20:07.803 [Thread-51] INFO com.fbp.engine.node.AbstractNode -- [alert-collector] processing message...
14:20:07.813 [pool-10-thread-1] DEBUG com.fbp.engine.node.TimerNode -- [timer] Timer 틱 발생: 4
14:20:07.813 [Thread-49] INFO com.fbp.engine.node.AbstractNode -- [sensor] processing message...
14:20:07.813 [Thread-50] INFO com.fbp.engine.node.AbstractNode -- [filter] processing message...
14:20:07.813 [Thread-52] INFO com.fbp.engine.node.AbstractNode -- [normal-collector] processing message...
14:20:07.823 [pool-10-thread-1] DEBUG com.fbp.engine.node.TimerNode -- [timer] Timer 틱 발생: 5
14:20:07.823 [Thread-49] INFO com.fbp.engine.node.AbstractNode -- [sensor] processing message...
14:20:07.823 [Thread-50] INFO com.fbp.engine.node.AbstractNode -- [filter] processing message...
14:20:07.823 [Thread-51] INFO com.fbp.engine.node.AbstractNode -- [alert-collector] processing message...
14:20:07.833 [pool-10-thread-1] DEBUG com.fbp.engine.node.TimerNode -- [timer] Timer 틱 발생: 6
14:20:07.833 [Thread-49] INFO com.fbp.engine.node.AbstractNode -- [sensor] processing message...
14:20:07.833 [Thread-50] INFO com.fbp.engine.node.AbstractNode -- [filter] processing message...
14:20:07.833 [Thread-51] INFO com.fbp.engine.node.AbstractNode -- [alert-collector] processing message...
14:20:07.843 [pool-10-thread-1] DEBUG com.fbp.engine.node.TimerNode -- [timer] Timer 틱 발생: 7
14:20:07.843 [Thread-49] INFO com.fbp.engine.node.AbstractNode -- [sensor] processing message...
14:20:07.843 [Thread-50] INFO com.fbp.engine.node.AbstractNode -- [filter] processing message...
14:20:07.843 [Thread-51] INFO com.fbp.engine.node.AbstractNode -- [alert-collector] processing message...
14:20:07.853 [pool-10-thread-1] DEBUG com.fbp.engine.node.TimerNode -- [timer] Timer 틱 발생: 8
14:20:07.853 [Thread-49] INFO com.fbp.engine.node.AbstractNode -- [sensor] processing message...
14:20:07.853 [Thread-50] INFO com.fbp.engine.node.AbstractNode -- [filter] processing message...
14:20:07.853 [Thread-51] INFO com.fbp.engine.node.AbstractNode -- [alert-collector] processing message...
14:20:07.863 [pool-10-thread-1] DEBUG com.fbp.engine.node.TimerNode -- [timer] Timer 틱 발생: 9
14:20:07.863 [Thread-49] INFO com.fbp.engine.node.AbstractNode -- [sensor] processing message...
14:20:07.863 [Thread-50] INFO com.fbp.engine.node.AbstractNode -- [filter] processing message...
14:20:07.863 [Thread-52] INFO com.fbp.engine.node.AbstractNode -- [normal-collector] processing message...
14:20:07.873 [pool-10-thread-1] DEBUG com.fbp.engine.node.TimerNode -- [timer] Timer 틱 발생: 10
14:20:07.873 [Thread-49] INFO com.fbp.engine.node.AbstractNode -- [sensor] processing message...
14:20:07.873 [Thread-50] INFO com.fbp.engine.node.AbstractNode -- [filter] processing message...
14:20:07.873 [Thread-52] INFO com.fbp.engine.node.AbstractNode -- [normal-collector] processing message...
14:20:07.883 [pool-10-thread-1] DEBUG com.fbp.engine.node.TimerNode -- [timer] Timer 틱 발생: 11
14:20:07.883 [Thread-49] INFO com.fbp.engine.node.AbstractNode -- [sensor] processing message...
14:20:07.883 [Thread-50] INFO com.fbp.engine.node.AbstractNode -- [filter] processing message...
14:20:07.883 [Thread-52] INFO com.fbp.engine.node.AbstractNode -- [normal-collector] processing message...
14:20:07.893 [pool-10-thread-1] DEBUG com.fbp.engine.node.TimerNode -- [timer] Timer 틱 발생: 12
14:20:07.893 [Thread-49] INFO com.fbp.engine.node.AbstractNode -- [sensor] processing message...
14:20:07.893 [Thread-50] INFO com.fbp.engine.node.AbstractNode -- [filter] processing message...
14:20:07.893 [Thread-52] INFO com.fbp.engine.node.AbstractNode -- [normal-collector] processing message...
14:20:07.903 [pool-10-thread-1] DEBUG com.fbp.engine.node.TimerNode -- [timer] Timer 틱 발생: 13
14:20:07.903 [Thread-49] INFO com.fbp.engine.node.AbstractNode -- [sensor] processing message...
14:20:07.903 [Thread-50] INFO com.fbp.engine.node.AbstractNode -- [filter] processing message...
14:20:07.903 [Thread-51] INFO com.fbp.engine.node.AbstractNode -- [alert-collector] processing message...
14:20:07.913 [pool-10-thread-1] DEBUG com.fbp.engine.node.TimerNode -- [timer] Timer 틱 발생: 14
14:20:07.913 [Thread-49] INFO com.fbp.engine.node.AbstractNode -- [sensor] processing message...
14:20:07.913 [Thread-50] INFO com.fbp.engine.node.AbstractNode -- [filter] processing message...
14:20:07.913 [Thread-51] INFO com.fbp.engine.node.AbstractNode -- [alert-collector] processing message...
14:20:07.923 [pool-10-thread-1] DEBUG com.fbp.engine.node.TimerNode -- [timer] Timer 틱 발생: 15
14:20:07.923 [Thread-49] INFO com.fbp.engine.node.AbstractNode -- [sensor] processing message...
14:20:07.923 [Thread-50] INFO com.fbp.engine.node.AbstractNode -- [filter] processing message...
14:20:07.923 [Thread-51] INFO com.fbp.engine.node.AbstractNode -- [alert-collector] processing message...
14:20:07.933 [pool-10-thread-1] DEBUG com.fbp.engine.node.TimerNode -- [timer] Timer 틱 발생: 16
14:20:07.933 [Thread-49] INFO com.fbp.engine.node.AbstractNode -- [sensor] processing message...
14:20:07.933 [Thread-50] INFO com.fbp.engine.node.AbstractNode -- [filter] processing message...
14:20:07.933 [Thread-51] INFO com.fbp.engine.node.AbstractNode -- [alert-collector] processing message...
14:20:07.943 [pool-10-thread-1] DEBUG com.fbp.engine.node.TimerNode -- [timer] Timer 틱 발생: 17
14:20:07.943 [Thread-49] INFO com.fbp.engine.node.AbstractNode -- [sensor] processing message...
14:20:07.944 [Thread-50] INFO com.fbp.engine.node.AbstractNode -- [filter] processing message...
14:20:07.944 [Thread-51] INFO com.fbp.engine.node.AbstractNode -- [alert-collector] processing message...
14:20:07.953 [pool-10-thread-1] DEBUG com.fbp.engine.node.TimerNode -- [timer] Timer 틱 발생: 18
14:20:07.953 [Thread-49] INFO com.fbp.engine.node.AbstractNode -- [sensor] processing message...
14:20:07.953 [Thread-50] INFO com.fbp.engine.node.AbstractNode -- [filter] processing message...
14:20:07.953 [Thread-51] INFO com.fbp.engine.node.AbstractNode -- [alert-collector] processing message...
14:20:07.963 [pool-10-thread-1] DEBUG com.fbp.engine.node.TimerNode -- [timer] Timer 틱 발생: 19
14:20:07.963 [Thread-49] INFO com.fbp.engine.node.AbstractNode -- [sensor] processing message...
14:20:07.963 [Thread-50] INFO com.fbp.engine.node.AbstractNode -- [filter] processing message...
14:20:07.963 [Thread-52] INFO com.fbp.engine.node.AbstractNode -- [normal-collector] processing message...
14:20:07.973 [pool-10-thread-1] DEBUG com.fbp.engine.node.TimerNode -- [timer] Timer 틱 발생: 20
14:20:07.973 [Thread-49] INFO com.fbp.engine.node.AbstractNode -- [sensor] processing message...
14:20:07.974 [Thread-50] INFO com.fbp.engine.node.AbstractNode -- [filter] processing message...
14:20:07.974 [Thread-52] INFO com.fbp.engine.node.AbstractNode -- [normal-collector] processing message...
14:20:07.983 [pool-10-thread-1] DEBUG com.fbp.engine.node.TimerNode -- [timer] Timer 틱 발생: 21
14:20:07.983 [Thread-49] INFO com.fbp.engine.node.AbstractNode -- [sensor] processing message...
14:20:07.983 [Thread-50] INFO com.fbp.engine.node.AbstractNode -- [filter] processing message...
14:20:07.983 [Thread-51] INFO com.fbp.engine.node.AbstractNode -- [alert-collector] processing message...
14:20:07.992 [pool-10-thread-1] DEBUG com.fbp.engine.node.TimerNode -- [timer] Timer 틱 발생: 22
14:20:07.993 [Thread-49] INFO com.fbp.engine.node.AbstractNode -- [sensor] processing message...
14:20:07.993 [Thread-50] INFO com.fbp.engine.node.AbstractNode -- [filter] processing message...
14:20:07.993 [Thread-52] INFO com.fbp.engine.node.AbstractNode -- [normal-collector] processing message...
14:20:08.002 [pool-10-thread-1] DEBUG com.fbp.engine.node.TimerNode -- [timer] Timer 틱 발생: 23
14:20:08.002 [Thread-49] INFO com.fbp.engine.node.AbstractNode -- [sensor] processing message...
14:20:08.002 [Thread-50] INFO com.fbp.engine.node.AbstractNode -- [filter] processing message...
14:20:08.002 [Thread-51] INFO com.fbp.engine.node.AbstractNode -- [alert-collector] processing message...
14:20:08.012 [pool-10-thread-1] DEBUG com.fbp.engine.node.TimerNode -- [timer] Timer 틱 발생: 24
14:20:08.012 [Thread-49] INFO com.fbp.engine.node.AbstractNode -- [sensor] processing message...
14:20:08.012 [Thread-50] INFO com.fbp.engine.node.AbstractNode -- [filter] processing message...
14:20:08.012 [Thread-51] INFO com.fbp.engine.node.AbstractNode -- [alert-collector] processing message...
14:20:08.023 [pool-10-thread-1] DEBUG com.fbp.engine.node.TimerNode -- [timer] Timer 틱 발생: 25
14:20:08.023 [Thread-49] INFO com.fbp.engine.node.AbstractNode -- [sensor] processing message...
14:20:08.023 [Thread-50] INFO com.fbp.engine.node.AbstractNode -- [filter] processing message...
14:20:08.023 [Thread-52] INFO com.fbp.engine.node.AbstractNode -- [normal-collector] processing message...
14:20:08.032 [pool-10-thread-1] DEBUG com.fbp.engine.node.TimerNode -- [timer] Timer 틱 발생: 26
14:20:08.032 [Thread-49] INFO com.fbp.engine.node.AbstractNode -- [sensor] processing message...
14:20:08.032 [Thread-50] INFO com.fbp.engine.node.AbstractNode -- [filter] processing message...
14:20:08.032 [Thread-51] INFO com.fbp.engine.node.AbstractNode -- [alert-collector] processing message...
14:20:08.042 [pool-10-thread-1] DEBUG com.fbp.engine.node.TimerNode -- [timer] Timer 틱 발생: 27
14:20:08.042 [Thread-49] INFO com.fbp.engine.node.AbstractNode -- [sensor] processing message...
14:20:08.042 [Thread-50] INFO com.fbp.engine.node.AbstractNode -- [filter] processing message...
14:20:08.042 [Thread-52] INFO com.fbp.engine.node.AbstractNode -- [normal-collector] processing message...
14:20:08.052 [pool-10-thread-1] DEBUG com.fbp.engine.node.TimerNode -- [timer] Timer 틱 발생: 28
14:20:08.053 [Thread-49] INFO com.fbp.engine.node.AbstractNode -- [sensor] processing message...
14:20:08.053 [Thread-50] INFO com.fbp.engine.node.AbstractNode -- [filter] processing message...
14:20:08.053 [Thread-52] INFO com.fbp.engine.node.AbstractNode -- [normal-collector] processing message...
14:20:08.063 [pool-10-thread-1] DEBUG com.fbp.engine.node.TimerNode -- [timer] Timer 틱 발생: 29
14:20:08.063 [Thread-49] INFO com.fbp.engine.node.AbstractNode -- [sensor] processing message...
14:20:08.063 [Thread-50] INFO com.fbp.engine.node.AbstractNode -- [filter] processing message...
14:20:08.063 [Thread-52] INFO com.fbp.engine.node.AbstractNode -- [normal-collector] processing message...
14:20:08.072 [pool-10-thread-1] DEBUG com.fbp.engine.node.TimerNode -- [timer] Timer 틱 발생: 30
14:20:08.072 [Thread-49] INFO com.fbp.engine.node.AbstractNode -- [sensor] processing message...
14:20:08.072 [Thread-50] INFO com.fbp.engine.node.AbstractNode -- [filter] processing message...
14:20:08.072 [Thread-51] INFO com.fbp.engine.node.AbstractNode -- [alert-collector] processing message...
14:20:08.083 [pool-10-thread-1] DEBUG com.fbp.engine.node.TimerNode -- [timer] Timer 틱 발생: 31
14:20:08.083 [Thread-49] INFO com.fbp.engine.node.AbstractNode -- [sensor] processing message...
14:20:08.083 [Thread-50] INFO com.fbp.engine.node.AbstractNode -- [filter] processing message...
14:20:08.083 [Thread-52] INFO com.fbp.engine.node.AbstractNode -- [normal-collector] processing message...
14:20:08.093 [pool-10-thread-1] DEBUG com.fbp.engine.node.TimerNode -- [timer] Timer 틱 발생: 32
14:20:08.093 [Thread-49] INFO com.fbp.engine.node.AbstractNode -- [sensor] processing message...
14:20:08.093 [Thread-50] INFO com.fbp.engine.node.AbstractNode -- [filter] processing message...
14:20:08.093 [Thread-51] INFO com.fbp.engine.node.AbstractNode -- [alert-collector] processing message...
14:20:08.103 [pool-10-thread-1] DEBUG com.fbp.engine.node.TimerNode -- [timer] Timer 틱 발생: 33
14:20:08.103 [Thread-49] INFO com.fbp.engine.node.AbstractNode -- [sensor] processing message...
14:20:08.103 [Thread-50] INFO com.fbp.engine.node.AbstractNode -- [filter] processing message...
14:20:08.103 [Thread-51] INFO com.fbp.engine.node.AbstractNode -- [alert-collector] processing message...
14:20:08.113 [pool-10-thread-1] DEBUG com.fbp.engine.node.TimerNode -- [timer] Timer 틱 발생: 34
14:20:08.113 [Thread-49] INFO com.fbp.engine.node.AbstractNode -- [sensor] processing message...
14:20:08.113 [Thread-50] INFO com.fbp.engine.node.AbstractNode -- [filter] processing message...
14:20:08.113 [Thread-52] INFO com.fbp.engine.node.AbstractNode -- [normal-collector] processing message...
14:20:08.123 [pool-10-thread-1] DEBUG com.fbp.engine.node.TimerNode -- [timer] Timer 틱 발생: 35
14:20:08.123 [Thread-49] INFO com.fbp.engine.node.AbstractNode -- [sensor] processing message...
14:20:08.123 [Thread-50] INFO com.fbp.engine.node.AbstractNode -- [filter] processing message...
14:20:08.123 [Thread-52] INFO com.fbp.engine.node.AbstractNode -- [normal-collector] processing message...
14:20:08.133 [pool-10-thread-1] DEBUG com.fbp.engine.node.TimerNode -- [timer] Timer 틱 발생: 36
14:20:08.133 [Thread-49] INFO com.fbp.engine.node.AbstractNode -- [sensor] processing message...
14:20:08.133 [Thread-50] INFO com.fbp.engine.node.AbstractNode -- [filter] processing message...
14:20:08.133 [Thread-52] INFO com.fbp.engine.node.AbstractNode -- [normal-collector] processing message...
14:20:08.141 [pool-10-thread-1] DEBUG com.fbp.engine.node.TimerNode -- [timer] Timer 틱 발생: 37
14:20:08.141 [Thread-49] INFO com.fbp.engine.node.AbstractNode -- [sensor] processing message...
14:20:08.141 [Thread-50] INFO com.fbp.engine.node.AbstractNode -- [filter] processing message...
14:20:08.141 [Thread-52] INFO com.fbp.engine.node.AbstractNode -- [normal-collector] processing message...
14:20:08.154 [pool-10-thread-1] DEBUG com.fbp.engine.node.TimerNode -- [timer] Timer 틱 발생: 38
14:20:08.154 [Thread-49] INFO com.fbp.engine.node.AbstractNode -- [sensor] processing message...
14:20:08.154 [Thread-50] INFO com.fbp.engine.node.AbstractNode -- [filter] processing message...
14:20:08.154 [Thread-52] INFO com.fbp.engine.node.AbstractNode -- [normal-collector] processing message...
14:20:08.163 [pool-10-thread-1] DEBUG com.fbp.engine.node.TimerNode -- [timer] Timer 틱 발생: 39
14:20:08.163 [Thread-49] INFO com.fbp.engine.node.AbstractNode -- [sensor] processing message...
14:20:08.163 [Thread-50] INFO com.fbp.engine.node.AbstractNode -- [filter] processing message...
14:20:08.163 [Thread-52] INFO com.fbp.engine.node.AbstractNode -- [normal-collector] processing message...
14:20:08.173 [pool-10-thread-1] DEBUG com.fbp.engine.node.TimerNode -- [timer] Timer 틱 발생: 40
14:20:08.173 [Thread-49] INFO com.fbp.engine.node.AbstractNode -- [sensor] processing message...
14:20:08.173 [Thread-50] INFO com.fbp.engine.node.AbstractNode -- [filter] processing message...
14:20:08.174 [Thread-52] INFO com.fbp.engine.node.AbstractNode -- [normal-collector] processing message...
14:20:08.183 [pool-10-thread-1] DEBUG com.fbp.engine.node.TimerNode -- [timer] Timer 틱 발생: 41
14:20:08.183 [Thread-49] INFO com.fbp.engine.node.AbstractNode -- [sensor] processing message...
14:20:08.183 [Thread-50] INFO com.fbp.engine.node.AbstractNode -- [filter] processing message...
14:20:08.183 [Thread-52] INFO com.fbp.engine.node.AbstractNode -- [normal-collector] processing message...
14:20:08.193 [pool-10-thread-1] DEBUG com.fbp.engine.node.TimerNode -- [timer] Timer 틱 발생: 42
14:20:08.193 [Thread-49] INFO com.fbp.engine.node.AbstractNode -- [sensor] processing message...
14:20:08.193 [Thread-50] INFO com.fbp.engine.node.AbstractNode -- [filter] processing message...
14:20:08.193 [Thread-52] INFO com.fbp.engine.node.AbstractNode -- [normal-collector] processing message...
14:20:08.203 [pool-10-thread-1] DEBUG com.fbp.engine.node.TimerNode -- [timer] Timer 틱 발생: 43
14:20:08.203 [Thread-49] INFO com.fbp.engine.node.AbstractNode -- [sensor] processing message...
14:20:08.203 [Thread-50] INFO com.fbp.engine.node.AbstractNode -- [filter] processing message...
14:20:08.203 [Thread-51] INFO com.fbp.engine.node.AbstractNode -- [alert-collector] processing message...
14:20:08.213 [pool-10-thread-1] DEBUG com.fbp.engine.node.TimerNode -- [timer] Timer 틱 발생: 44
14:20:08.213 [Thread-49] INFO com.fbp.engine.node.AbstractNode -- [sensor] processing message...
14:20:08.213 [Thread-50] INFO com.fbp.engine.node.AbstractNode -- [filter] processing message...
14:20:08.213 [Thread-52] INFO com.fbp.engine.node.AbstractNode -- [normal-collector] processing message...
14:20:08.223 [pool-10-thread-1] DEBUG com.fbp.engine.node.TimerNode -- [timer] Timer 틱 발생: 45
14:20:08.223 [Thread-49] INFO com.fbp.engine.node.AbstractNode -- [sensor] processing message...
14:20:08.223 [Thread-50] INFO com.fbp.engine.node.AbstractNode -- [filter] processing message...
14:20:08.223 [Thread-52] INFO com.fbp.engine.node.AbstractNode -- [normal-collector] processing message...
14:20:08.233 [pool-10-thread-1] DEBUG com.fbp.engine.node.TimerNode -- [timer] Timer 틱 발생: 46
14:20:08.233 [Thread-49] INFO com.fbp.engine.node.AbstractNode -- [sensor] processing message...
14:20:08.233 [Thread-50] INFO com.fbp.engine.node.AbstractNode -- [filter] processing message...
14:20:08.233 [Thread-52] INFO com.fbp.engine.node.AbstractNode -- [normal-collector] processing message...
14:20:08.243 [pool-10-thread-1] DEBUG com.fbp.engine.node.TimerNode -- [timer] Timer 틱 발생: 47
14:20:08.244 [Thread-49] INFO com.fbp.engine.node.AbstractNode -- [sensor] processing message...
14:20:08.244 [Thread-50] INFO com.fbp.engine.node.AbstractNode -- [filter] processing message...
14:20:08.244 [Thread-51] INFO com.fbp.engine.node.AbstractNode -- [alert-collector] processing message...
14:20:08.253 [pool-10-thread-1] DEBUG com.fbp.engine.node.TimerNode -- [timer] Timer 틱 발생: 48
14:20:08.253 [Thread-49] INFO com.fbp.engine.node.AbstractNode -- [sensor] processing message...
14:20:08.253 [Thread-50] INFO com.fbp.engine.node.AbstractNode -- [filter] processing message...
14:20:08.253 [Thread-51] INFO com.fbp.engine.node.AbstractNode -- [alert-collector] processing message...
14:20:08.263 [pool-10-thread-1] DEBUG com.fbp.engine.node.TimerNode -- [timer] Timer 틱 발생: 49
14:20:08.263 [Thread-49] INFO com.fbp.engine.node.AbstractNode -- [sensor] processing message...
14:20:08.263 [Thread-50] INFO com.fbp.engine.node.AbstractNode -- [filter] processing message...
14:20:08.263 [Thread-51] INFO com.fbp.engine.node.AbstractNode -- [alert-collector] processing message...
14:20:08.273 [pool-10-thread-1] DEBUG com.fbp.engine.node.TimerNode -- [timer] Timer 틱 발생: 50
14:20:08.273 [main] INFO com.fbp.engine.node.TimerNode -- [timer] Timer 종료
]]></system-out>
  </testcase>
  <testcase name="test3" classname="com.fbp.engine.integration.TemperatureMonitoringFlowTest" time="0.507">
    <system-out><![CDATA[14:20:08.275 [main] INFO com.fbp.engine.core.FlowEngine -- [Engine] Flow integrated-test를 등록됨
14:20:08.275 [main] INFO com.fbp.engine.node.TimerNode -- [timer] Timer 시작 (주기: 10ms)
14:20:08.275 [main] INFO com.fbp.engine.core.FlowEngine -- Engine] 플로우 'integrated-test' 시작됨
14:20:08.275 [pool-11-thread-1] DEBUG com.fbp.engine.node.TimerNode -- [timer] Timer 틱 발생: 0
14:20:08.276 [Thread-53] INFO com.fbp.engine.node.AbstractNode -- [sensor] processing message...
14:20:08.276 [Thread-54] INFO com.fbp.engine.node.AbstractNode -- [filter] processing message...
14:20:08.276 [Thread-55] INFO com.fbp.engine.node.AbstractNode -- [alert-collector] processing message...
14:20:08.288 [pool-11-thread-1] DEBUG com.fbp.engine.node.TimerNode -- [timer] Timer 틱 발생: 1
14:20:08.288 [Thread-53] INFO com.fbp.engine.node.AbstractNode -- [sensor] processing message...
14:20:08.288 [Thread-54] INFO com.fbp.engine.node.AbstractNode -- [filter] processing message...
14:20:08.288 [Thread-56] INFO com.fbp.engine.node.AbstractNode -- [normal-collector] processing message...
14:20:08.297 [pool-11-thread-1] DEBUG com.fbp.engine.node.TimerNode -- [timer] Timer 틱 발생: 2
14:20:08.297 [Thread-53] INFO com.fbp.engine.node.AbstractNode -- [sensor] processing message...
14:20:08.297 [Thread-54] INFO com.fbp.engine.node.AbstractNode -- [filter] processing message...
14:20:08.297 [Thread-55] INFO com.fbp.engine.node.AbstractNode -- [alert-collector] processing message...
14:20:08.307 [pool-11-thread-1] DEBUG com.fbp.engine.node.TimerNode -- [timer] Timer 틱 발생: 3
14:20:08.307 [Thread-53] INFO com.fbp.engine.node.AbstractNode -- [sensor] processing message...
14:20:08.307 [Thread-54] INFO com.fbp.engine.node.AbstractNode -- [filter] processing message...
14:20:08.307 [Thread-56] INFO com.fbp.engine.node.AbstractNode -- [normal-collector] processing message...
14:20:08.317 [pool-11-thread-1] DEBUG com.fbp.engine.node.TimerNode -- [timer] Timer 틱 발생: 4
14:20:08.317 [Thread-53] INFO com.fbp.engine.node.AbstractNode -- [sensor] processing message...
14:20:08.317 [Thread-54] INFO com.fbp.engine.node.AbstractNode -- [filter] processing message...
14:20:08.317 [Thread-56] INFO com.fbp.engine.node.AbstractNode -- [normal-collector] processing message...
14:20:08.327 [pool-11-thread-1] DEBUG com.fbp.engine.node.TimerNode -- [timer] Timer 틱 발생: 5
14:20:08.327 [Thread-53] INFO com.fbp.engine.node.AbstractNode -- [sensor] processing message...
14:20:08.327 [Thread-54] INFO com.fbp.engine.node.AbstractNode -- [filter] processing message...
14:20:08.327 [Thread-56] INFO com.fbp.engine.node.AbstractNode -- [normal-collector] processing message...
14:20:08.337 [pool-11-thread-1] DEBUG com.fbp.engine.node.TimerNode -- [timer] Timer 틱 발생: 6
14:20:08.337 [Thread-53] INFO com.fbp.engine.node.AbstractNode -- [sensor] processing message...
14:20:08.337 [Thread-54] INFO com.fbp.engine.node.AbstractNode -- [filter] processing message...
14:20:08.337 [Thread-56] INFO com.fbp.engine.node.AbstractNode -- [normal-collector] processing message...
14:20:08.346 [pool-11-thread-1] DEBUG com.fbp.engine.node.TimerNode -- [timer] Timer 틱 발생: 7
14:20:08.346 [Thread-53] INFO com.fbp.engine.node.AbstractNode -- [sensor] processing message...
14:20:08.346 [Thread-54] INFO com.fbp.engine.node.AbstractNode -- [filter] processing message...
14:20:08.346 [Thread-55] INFO com.fbp.engine.node.AbstractNode -- [alert-collector] processing message...
14:20:08.358 [pool-11-thread-1] DEBUG com.fbp.engine.node.TimerNode -- [timer] Timer 틱 발생: 8
14:20:08.358 [Thread-53] INFO com.fbp.engine.node.AbstractNode -- [sensor] processing message...
14:20:08.358 [Thread-54] INFO com.fbp.engine.node.AbstractNode -- [filter] processing message...
14:20:08.358 [Thread-56] INFO com.fbp.engine.node.AbstractNode -- [normal-collector] processing message...
14:20:08.366 [pool-11-thread-1] DEBUG com.fbp.engine.node.TimerNode -- [timer] Timer 틱 발생: 9
14:20:08.366 [Thread-53] INFO com.fbp.engine.node.AbstractNode -- [sensor] processing message...
14:20:08.366 [Thread-54] INFO com.fbp.engine.node.AbstractNode -- [filter] processing message...
14:20:08.366 [Thread-55] INFO com.fbp.engine.node.AbstractNode -- [alert-collector] processing message...
14:20:08.378 [pool-11-thread-1] DEBUG com.fbp.engine.node.TimerNode -- [timer] Timer 틱 발생: 10
14:20:08.378 [Thread-53] INFO com.fbp.engine.node.AbstractNode -- [sensor] processing message...
14:20:08.378 [Thread-54] INFO com.fbp.engine.node.AbstractNode -- [filter] processing message...
14:20:08.378 [Thread-56] INFO com.fbp.engine.node.AbstractNode -- [normal-collector] processing message...
14:20:08.387 [pool-11-thread-1] DEBUG com.fbp.engine.node.TimerNode -- [timer] Timer 틱 발생: 11
14:20:08.387 [Thread-53] INFO com.fbp.engine.node.AbstractNode -- [sensor] processing message...
14:20:08.387 [Thread-54] INFO com.fbp.engine.node.AbstractNode -- [filter] processing message...
14:20:08.387 [Thread-56] INFO com.fbp.engine.node.AbstractNode -- [normal-collector] processing message...
14:20:08.396 [pool-11-thread-1] DEBUG com.fbp.engine.node.TimerNode -- [timer] Timer 틱 발생: 12
14:20:08.396 [Thread-53] INFO com.fbp.engine.node.AbstractNode -- [sensor] processing message...
14:20:08.396 [Thread-54] INFO com.fbp.engine.node.AbstractNode -- [filter] processing message...
14:20:08.396 [Thread-56] INFO com.fbp.engine.node.AbstractNode -- [normal-collector] processing message...
14:20:08.408 [pool-11-thread-1] DEBUG com.fbp.engine.node.TimerNode -- [timer] Timer 틱 발생: 13
14:20:08.408 [Thread-53] INFO com.fbp.engine.node.AbstractNode -- [sensor] processing message...
14:20:08.408 [Thread-54] INFO com.fbp.engine.node.AbstractNode -- [filter] processing message...
14:20:08.408 [Thread-56] INFO com.fbp.engine.node.AbstractNode -- [normal-collector] processing message...
14:20:08.417 [pool-11-thread-1] DEBUG com.fbp.engine.node.TimerNode -- [timer] Timer 틱 발생: 14
14:20:08.417 [Thread-53] INFO com.fbp.engine.node.AbstractNode -- [sensor] processing message...
14:20:08.417 [Thread-54] INFO com.fbp.engine.node.AbstractNode -- [filter] processing message...
14:20:08.417 [Thread-56] INFO com.fbp.engine.node.AbstractNode -- [normal-collector] processing message...
14:20:08.427 [pool-11-thread-1] DEBUG com.fbp.engine.node.TimerNode -- [timer] Timer 틱 발생: 15
14:20:08.427 [Thread-53] INFO com.fbp.engine.node.AbstractNode -- [sensor] processing message...
14:20:08.427 [Thread-54] INFO com.fbp.engine.node.AbstractNode -- [filter] processing message...
14:20:08.427 [Thread-55] INFO com.fbp.engine.node.AbstractNode -- [alert-collector] processing message...
14:20:08.437 [pool-11-thread-1] DEBUG com.fbp.engine.node.TimerNode -- [timer] Timer 틱 발생: 16
14:20:08.437 [Thread-53] INFO com.fbp.engine.node.AbstractNode -- [sensor] processing message...
14:20:08.437 [Thread-54] INFO com.fbp.engine.node.AbstractNode -- [filter] processing message...
14:20:08.437 [Thread-56] INFO com.fbp.engine.node.AbstractNode -- [normal-collector] processing message...
14:20:08.447 [pool-11-thread-1] DEBUG com.fbp.engine.node.TimerNode -- [timer] Timer 틱 발생: 17
14:20:08.447 [Thread-53] INFO com.fbp.engine.node.AbstractNode -- [sensor] processing message...
14:20:08.447 [Thread-54] INFO com.fbp.engine.node.AbstractNode -- [filter] processing message...
14:20:08.447 [Thread-55] INFO com.fbp.engine.node.AbstractNode -- [alert-collector] processing message...
14:20:08.457 [pool-11-thread-1] DEBUG com.fbp.engine.node.TimerNode -- [timer] Timer 틱 발생: 18
14:20:08.457 [Thread-53] INFO com.fbp.engine.node.AbstractNode -- [sensor] processing message...
14:20:08.457 [Thread-54] INFO com.fbp.engine.node.AbstractNode -- [filter] processing message...
14:20:08.457 [Thread-56] INFO com.fbp.engine.node.AbstractNode -- [normal-collector] processing message...
14:20:08.467 [pool-11-thread-1] DEBUG com.fbp.engine.node.TimerNode -- [timer] Timer 틱 발생: 19
14:20:08.467 [Thread-53] INFO com.fbp.engine.node.AbstractNode -- [sensor] processing message...
14:20:08.467 [Thread-54] INFO com.fbp.engine.node.AbstractNode -- [filter] processing message...
14:20:08.467 [Thread-55] INFO com.fbp.engine.node.AbstractNode -- [alert-collector] processing message...
14:20:08.477 [pool-11-thread-1] DEBUG com.fbp.engine.node.TimerNode -- [timer] Timer 틱 발생: 20
14:20:08.477 [Thread-53] INFO com.fbp.engine.node.AbstractNode -- [sensor] processing message...
14:20:08.477 [Thread-54] INFO com.fbp.engine.node.AbstractNode -- [filter] processing message...
14:20:08.477 [Thread-56] INFO com.fbp.engine.node.AbstractNode -- [normal-collector] processing message...
14:20:08.487 [pool-11-thread-1] DEBUG com.fbp.engine.node.TimerNode -- [timer] Timer 틱 발생: 21
14:20:08.488 [Thread-53] INFO com.fbp.engine.node.AbstractNode -- [sensor] processing message...
14:20:08.488 [Thread-54] INFO com.fbp.engine.node.AbstractNode -- [filter] processing message...
14:20:08.488 [Thread-55] INFO com.fbp.engine.node.AbstractNode -- [alert-collector] processing message...
14:20:08.497 [pool-11-thread-1] DEBUG com.fbp.engine.node.TimerNode -- [timer] Timer 틱 발생: 22
14:20:08.497 [Thread-53] INFO com.fbp.engine.node.AbstractNode -- [sensor] processing message...
14:20:08.497 [Thread-54] INFO com.fbp.engine.node.AbstractNode -- [filter] processing message...
14:20:08.497 [Thread-56] INFO com.fbp.engine.node.AbstractNode -- [normal-collector] processing message...
14:20:08.507 [pool-11-thread-1] DEBUG com.fbp.engine.node.TimerNode -- [timer] Timer 틱 발생: 23
14:20:08.507 [Thread-53] INFO com.fbp.engine.node.AbstractNode -- [sensor] processing message...
14:20:08.507 [Thread-54] INFO com.fbp.engine.node.AbstractNode -- [filter] processing message...
14:20:08.507 [Thread-56] INFO com.fbp.engine.node.AbstractNode -- [normal-collector] processing message...
14:20:08.517 [pool-11-thread-1] DEBUG com.fbp.engine.node.TimerNode -- [timer] Timer 틱 발생: 24
14:20:08.517 [Thread-53] INFO com.fbp.engine.node.AbstractNode -- [sensor] processing message...
14:20:08.517 [Thread-54] INFO com.fbp.engine.node.AbstractNode -- [filter] processing message...
14:20:08.517 [Thread-55] INFO com.fbp.engine.node.AbstractNode -- [alert-collector] processing message...
14:20:08.527 [pool-11-thread-1] DEBUG com.fbp.engine.node.TimerNode -- [timer] Timer 틱 발생: 25
14:20:08.527 [Thread-53] INFO com.fbp.engine.node.AbstractNode -- [sensor] processing message...
14:20:08.527 [Thread-54] INFO com.fbp.engine.node.AbstractNode -- [filter] processing message...
14:20:08.527 [Thread-56] INFO com.fbp.engine.node.AbstractNode -- [normal-collector] processing message...
14:20:08.537 [pool-11-thread-1] DEBUG com.fbp.engine.node.TimerNode -- [timer] Timer 틱 발생: 26
14:20:08.537 [Thread-53] INFO com.fbp.engine.node.AbstractNode -- [sensor] processing message...
14:20:08.537 [Thread-54] INFO com.fbp.engine.node.AbstractNode -- [filter] processing message...
14:20:08.537 [Thread-56] INFO com.fbp.engine.node.AbstractNode -- [normal-collector] processing message...
14:20:08.547 [pool-11-thread-1] DEBUG com.fbp.engine.node.TimerNode -- [timer] Timer 틱 발생: 27
14:20:08.547 [Thread-53] INFO com.fbp.engine.node.AbstractNode -- [sensor] processing message...
14:20:08.547 [Thread-54] INFO com.fbp.engine.node.AbstractNode -- [filter] processing message...
14:20:08.547 [Thread-55] INFO com.fbp.engine.node.AbstractNode -- [alert-collector] processing message...
14:20:08.557 [pool-11-thread-1] DEBUG com.fbp.engine.node.TimerNode -- [timer] Timer 틱 발생: 28
14:20:08.557 [Thread-53] INFO com.fbp.engine.node.AbstractNode -- [sensor] processing message...
14:20:08.557 [Thread-54] INFO com.fbp.engine.node.AbstractNode -- [filter] processing message...
14:20:08.557 [Thread-55] INFO com.fbp.engine.node.AbstractNode -- [alert-collector] processing message...
14:20:08.567 [pool-11-thread-1] DEBUG com.fbp.engine.node.TimerNode -- [timer] Timer 틱 발생: 29
14:20:08.567 [Thread-53] INFO com.fbp.engine.node.AbstractNode -- [sensor] processing message...
14:20:08.567 [Thread-54] INFO com.fbp.engine.node.AbstractNode -- [filter] processing message...
14:20:08.567 [Thread-56] INFO com.fbp.engine.node.AbstractNode -- [normal-collector] processing message...
14:20:08.577 [pool-11-thread-1] DEBUG com.fbp.engine.node.TimerNode -- [timer] Timer 틱 발생: 30
14:20:08.577 [Thread-53] INFO com.fbp.engine.node.AbstractNode -- [sensor] processing message...
14:20:08.577 [Thread-54] INFO com.fbp.engine.node.AbstractNode -- [filter] processing message...
14:20:08.577 [Thread-55] INFO com.fbp.engine.node.AbstractNode -- [alert-collector] processing message...
14:20:08.587 [pool-11-thread-1] DEBUG com.fbp.engine.node.TimerNode -- [timer] Timer 틱 발생: 31
14:20:08.587 [Thread-53] INFO com.fbp.engine.node.AbstractNode -- [sensor] processing message...
14:20:08.587 [Thread-54] INFO com.fbp.engine.node.AbstractNode -- [filter] processing message...
14:20:08.587 [Thread-55] INFO com.fbp.engine.node.AbstractNode -- [alert-collector] processing message...
14:20:08.597 [pool-11-thread-1] DEBUG com.fbp.engine.node.TimerNode -- [timer] Timer 틱 발생: 32
14:20:08.597 [Thread-53] INFO com.fbp.engine.node.AbstractNode -- [sensor] processing message...
14:20:08.597 [Thread-54] INFO com.fbp.engine.node.AbstractNode -- [filter] processing message...
14:20:08.597 [Thread-55] INFO com.fbp.engine.node.AbstractNode -- [alert-collector] processing message...
14:20:08.607 [pool-11-thread-1] DEBUG com.fbp.engine.node.TimerNode -- [timer] Timer 틱 발생: 33
14:20:08.607 [Thread-53] INFO com.fbp.engine.node.AbstractNode -- [sensor] processing message...
14:20:08.607 [Thread-54] INFO com.fbp.engine.node.AbstractNode -- [filter] processing message...
14:20:08.607 [Thread-56] INFO com.fbp.engine.node.AbstractNode -- [normal-collector] processing message...
14:20:08.617 [pool-11-thread-1] DEBUG com.fbp.engine.node.TimerNode -- [timer] Timer 틱 발생: 34
14:20:08.617 [Thread-53] INFO com.fbp.engine.node.AbstractNode -- [sensor] processing message...
14:20:08.617 [Thread-54] INFO com.fbp.engine.node.AbstractNode -- [filter] processing message...
14:20:08.617 [Thread-55] INFO com.fbp.engine.node.AbstractNode -- [alert-collector] processing message...
14:20:08.627 [pool-11-thread-1] DEBUG com.fbp.engine.node.TimerNode -- [timer] Timer 틱 발생: 35
14:20:08.627 [Thread-53] INFO com.fbp.engine.node.AbstractNode -- [sensor] processing message...
14:20:08.627 [Thread-54] INFO com.fbp.engine.node.AbstractNode -- [filter] processing message...
14:20:08.627 [Thread-55] INFO com.fbp.engine.node.AbstractNode -- [alert-collector] processing message...
14:20:08.637 [pool-11-thread-1] DEBUG com.fbp.engine.node.TimerNode -- [timer] Timer 틱 발생: 36
14:20:08.637 [Thread-53] INFO com.fbp.engine.node.AbstractNode -- [sensor] processing message...
14:20:08.638 [Thread-54] INFO com.fbp.engine.node.AbstractNode -- [filter] processing message...
14:20:08.638 [Thread-56] INFO com.fbp.engine.node.AbstractNode -- [normal-collector] processing message...
14:20:08.647 [pool-11-thread-1] DEBUG com.fbp.engine.node.TimerNode -- [timer] Timer 틱 발생: 37
14:20:08.647 [Thread-53] INFO com.fbp.engine.node.AbstractNode -- [sensor] processing message...
14:20:08.647 [Thread-54] INFO com.fbp.engine.node.AbstractNode -- [filter] processing message...
14:20:08.647 [Thread-56] INFO com.fbp.engine.node.AbstractNode -- [normal-collector] processing message...
14:20:08.657 [pool-11-thread-1] DEBUG com.fbp.engine.node.TimerNode -- [timer] Timer 틱 발생: 38
14:20:08.657 [Thread-53] INFO com.fbp.engine.node.AbstractNode -- [sensor] processing message...
14:20:08.657 [Thread-54] INFO com.fbp.engine.node.AbstractNode -- [filter] processing message...
14:20:08.657 [Thread-55] INFO com.fbp.engine.node.AbstractNode -- [alert-collector] processing message...
14:20:08.667 [pool-11-thread-1] DEBUG com.fbp.engine.node.TimerNode -- [timer] Timer 틱 발생: 39
14:20:08.668 [Thread-53] INFO com.fbp.engine.node.AbstractNode -- [sensor] processing message...
14:20:08.668 [Thread-54] INFO com.fbp.engine.node.AbstractNode -- [filter] processing message...
14:20:08.668 [Thread-56] INFO com.fbp.engine.node.AbstractNode -- [normal-collector] processing message...
14:20:08.677 [pool-11-thread-1] DEBUG com.fbp.engine.node.TimerNode -- [timer] Timer 틱 발생: 40
14:20:08.677 [Thread-53] INFO com.fbp.engine.node.AbstractNode -- [sensor] processing message...
14:20:08.677 [Thread-54] INFO com.fbp.engine.node.AbstractNode -- [filter] processing message...
14:20:08.677 [Thread-55] INFO com.fbp.engine.node.AbstractNode -- [alert-collector] processing message...
14:20:08.687 [pool-11-thread-1] DEBUG com.fbp.engine.node.TimerNode -- [timer] Timer 틱 발생: 41
14:20:08.687 [Thread-53] INFO com.fbp.engine.node.AbstractNode -- [sensor] processing message...
14:20:08.687 [Thread-54] INFO com.fbp.engine.node.AbstractNode -- [filter] processing message...
14:20:08.687 [Thread-55] INFO com.fbp.engine.node.AbstractNode -- [alert-collector] processing message...
14:20:08.697 [pool-11-thread-1] DEBUG com.fbp.engine.node.TimerNode -- [timer] Timer 틱 발생: 42
14:20:08.697 [Thread-53] INFO com.fbp.engine.node.AbstractNode -- [sensor] processing message...
14:20:08.697 [Thread-54] INFO com.fbp.engine.node.AbstractNode -- [filter] processing message...
14:20:08.697 [Thread-55] INFO com.fbp.engine.node.AbstractNode -- [alert-collector] processing message...
14:20:08.707 [pool-11-thread-1] DEBUG com.fbp.engine.node.TimerNode -- [timer] Timer 틱 발생: 43
14:20:08.707 [Thread-53] INFO com.fbp.engine.node.AbstractNode -- [sensor] processing message...
14:20:08.707 [Thread-54] INFO com.fbp.engine.node.AbstractNode -- [filter] processing message...
14:20:08.707 [Thread-56] INFO com.fbp.engine.node.AbstractNode -- [normal-collector] processing message...
14:20:08.717 [pool-11-thread-1] DEBUG com.fbp.engine.node.TimerNode -- [timer] Timer 틱 발생: 44
14:20:08.717 [Thread-53] INFO com.fbp.engine.node.AbstractNode -- [sensor] processing message...
14:20:08.717 [Thread-54] INFO com.fbp.engine.node.AbstractNode -- [filter] processing message...
14:20:08.717 [Thread-55] INFO com.fbp.engine.node.AbstractNode -- [alert-collector] processing message...
14:20:08.727 [pool-11-thread-1] DEBUG com.fbp.engine.node.TimerNode -- [timer] Timer 틱 발생: 45
14:20:08.727 [Thread-53] INFO com.fbp.engine.node.AbstractNode -- [sensor] processing message...
14:20:08.727 [Thread-54] INFO com.fbp.engine.node.AbstractNode -- [filter] processing message...
14:20:08.727 [Thread-55] INFO com.fbp.engine.node.AbstractNode -- [alert-collector] processing message...
14:20:08.737 [pool-11-thread-1] DEBUG com.fbp.engine.node.TimerNode -- [timer] Timer 틱 발생: 46
14:20:08.737 [Thread-53] INFO com.fbp.engine.node.AbstractNode -- [sensor] processing message...
14:20:08.737 [Thread-54] INFO com.fbp.engine.node.AbstractNode -- [filter] processing message...
14:20:08.737 [Thread-56] INFO com.fbp.engine.node.AbstractNode -- [normal-collector] processing message...
14:20:08.746 [pool-11-thread-1] DEBUG com.fbp.engine.node.TimerNode -- [timer] Timer 틱 발생: 47
14:20:08.746 [Thread-53] INFO com.fbp.engine.node.AbstractNode -- [sensor] processing message...
14:20:08.746 [Thread-54] INFO com.fbp.engine.node.AbstractNode -- [filter] processing message...
14:20:08.746 [Thread-55] INFO com.fbp.engine.node.AbstractNode -- [alert-collector] processing message...
14:20:08.758 [pool-11-thread-1] DEBUG com.fbp.engine.node.TimerNode -- [timer] Timer 틱 발생: 48
14:20:08.758 [Thread-53] INFO com.fbp.engine.node.AbstractNode -- [sensor] processing message...
14:20:08.758 [Thread-54] INFO com.fbp.engine.node.AbstractNode -- [filter] processing message...
14:20:08.758 [Thread-56] INFO com.fbp.engine.node.AbstractNode -- [normal-collector] processing message...
14:20:08.767 [pool-11-thread-1] DEBUG com.fbp.engine.node.TimerNode -- [timer] Timer 틱 발생: 49
14:20:08.767 [Thread-53] INFO com.fbp.engine.node.AbstractNode -- [sensor] processing message...
14:20:08.768 [Thread-54] INFO com.fbp.engine.node.AbstractNode -- [filter] processing message...
14:20:08.768 [Thread-55] INFO com.fbp.engine.node.AbstractNode -- [alert-collector] processing message...
14:20:08.777 [pool-11-thread-1] DEBUG com.fbp.engine.node.TimerNode -- [timer] Timer 틱 발생: 50
14:20:08.777 [Thread-53] INFO com.fbp.engine.node.AbstractNode -- [sensor] processing message...
14:20:08.777 [Thread-54] INFO com.fbp.engine.node.AbstractNode -- [filter] processing message...
14:20:08.777 [Thread-56] INFO com.fbp.engine.node.AbstractNode -- [normal-collector] processing message...
14:20:08.781 [main] INFO com.fbp.engine.node.TimerNode -- [timer] Timer 종료
]]></system-out>
  </testcase>
</testsuite>