<?xml version="1.0" encoding="UTF-8"?>
<testsuite xmlns:xsi="http://www.w3.org/2001/XMLSchema-instance" xsi:noNamespaceSchemaLocation="https://maven.apache.org/surefire/maven-surefire-plugin/xsd/surefire-test-report.xsd" version="3.0.1" name="com.fbp.engine.node.AbstractNodeTest" time="0.007" tests="6" errors="0" skipped="0" failures="0">
  <properties>
[...]
</properties>
  <testcase name="test1" classname="com.fbp.engine.node.AbstractNodeTest" time="0.002"/>
  <testcase name="test2" classname="com.fbp.engine.node.AbstractNodeTest" time="0.0"/>
  <testcase name="test3" classname="com.fbp.engine.node.AbstractNodeTest" time="0.001"/>
  <testcase name="test4" classname="com.fbp.engine.node.AbstractNodeTest" time="0.001"/>
  <testcase name="test5" classname="com.fbp.engine.node.AbstractNodeTest" time="0.0">
    <system-out><![CDATA[14:20:09.831 [main] INFO com.fbp.engine.node.AbstractNode -- [node-1] processing message...
]]></system-out>
  </testcase>
  <testcase name="test6" classname="com.fbp.engine.node.AbstractNodeTest" time="0.0"/>
</testsuite>