<?xml version="1.0" encoding="UTF-8"?>
<testsuite xmlns:xsi="http://www.w3.org/2001/XMLSchema-instance" xsi:noNamespaceSchemaLocation="https://maven.apache.org/surefire/maven-surefire-plugin/xsd/surefire-test-report.xsd" version="3.0.1" name="com.fbp.engine.integration.CrossProtocolIntegrationTest" time="7.76" tests="3" errors="0" skipped="0" failures="0">
  <properties>
[...]
</properties>
  <testcase name="testModbusToMqttFlow" classname="com.fbp.engine.integration.CrossProtocolIntegrationTest" time="1.596">
    <system-out><![CDATA[17:09:20.578 [Thread-45] INFO com.fbp.engine.protocol.ModbusTcpSimulator -- MODBUS TCP 슬레이브 시작됨 (포트: 5025)
17:09:21.099 [Thread-45] INFO com.fbp.engine.protocol.ModbusTcpSimulator -- 마스터(클라이언트) 접속 됨: /127.0.0.1:63354
17:09:21.099 [main] INFO com.fbp.engine.node.ProtocolNode -- [reader] 네트워크 연결 성공
17:09:21.412 [main] INFO com.fbp.engine.node.MqttPublisherNode -- [pub] MQTT Broker 준비 완료: tcp://localhost:1883
17:09:21.412 [MQTT Call: pub-cross-2] INFO com.fbp.engine.node.MqttPublisherNode -- [pub] MQTT 연결 완료 (reconnect: false)
17:09:21.412 [main] INFO com.fbp.engine.node.ProtocolNode -- [pub] 네트워크 연결 성공
17:09:21.921 [main] DEBUG com.fbp.engine.node.RuleNode -- [rule] 메시지 조건 만족 -> 'match' 포트로 전달
17:09:21.948 [main] DEBUG com.fbp.engine.node.MqttPublisherNode -- [pub] 외부 브로커로 메시지 발행 완료 [토픽: alert/high_temp]
17:09:21.949 [main] INFO com.fbp.engine.node.ProtocolNode -- [reader] 프로토콜 노드 종료 맟 연결 해제
17:09:21.949 [Thread-51] INFO com.fbp.engine.protocol.ModbusTcpSimulator -- 마스터와 연결 종료됨
17:09:22.054 [main] INFO com.fbp.engine.node.ProtocolNode -- [pub] 프로토콜 노드 종료 맟 연결 해제
17:09:22.160 [main] INFO com.fbp.engine.protocol.ModbusTcpSimulator -- MODBUS TCP 슬레이브 종료됨
]]></system-out>
  </testcase>
  <testcase name="testComplexFlowStability" classname="com.fbp.engine.integration.CrossProtocolIntegrationTest" time="4.453">
    <system-out><![CDATA[17:09:22.162 [Thread-59] INFO com.fbp.engine.protocol.ModbusTcpSimulator -- MODBUS TCP 슬레이브 시작됨 (포트: 5025)
17:09:22.899 [MQTT Call: sub-cross-stable] INFO com.fbp.engine.node.MqttSubscriberNode -- [sub] MQTT 연결 완료 (reconnect: false)
17:09:22.900 [main] INFO com.fbp.engine.node.MqttSubscriberNode -- [sub] MQTT Broker 연결됨: tcp://localhost:1883
17:09:22.900 [main] INFO com.fbp.engine.node.ProtocolNode -- [sub] 네트워크 연결 성공
17:09:22.901 [main] INFO com.fbp.engine.node.ProtocolNode -- [writer] 네트워크 연결 성공
17:09:22.901 [Thread-59] INFO com.fbp.engine.protocol.ModbusTcpSimulator -- 마스터(클라이언트) 접속 됨: /127.0.0.1:63362
17:09:23.427 [MQTT Call: sub-cross-stable] DEBUG com.fbp.engine.node.MqttSubscriberNode -- [sub] MQTT 메시지 수신 및 플로우 전달: stress/in
17:09:23.428 [main] DEBUG com.fbp.engine.node.RuleNode -- [rule] 메시지 조건 만족 -> 'match' 포트로 전달
17:09:23.468 [MQTT Call: sub-cross-stable] DEBUG com.fbp.engine.node.MqttSubscriberNode -- [sub] MQTT 메시지 수신 및 플로우 전달: stress/in
17:09:23.478 [main] DEBUG com.fbp.engine.node.RuleNode -- [rule] 메시지 조건 만족 -> 'match' 포트로 전달
17:09:23.530 [MQTT Call: sub-cross-stable] DEBUG com.fbp.engine.node.MqttSubscriberNode -- [sub] MQTT 메시지 수신 및 플로우 전달: stress/in
17:09:23.542 [main] DEBUG com.fbp.engine.node.RuleNode -- [rule] 메시지 조건 만족 -> 'match' 포트로 전달
17:09:23.594 [MQTT Call: sub-cross-stable] DEBUG com.fbp.engine.node.MqttSubscriberNode -- [sub] MQTT 메시지 수신 및 플로우 전달: stress/in
17:09:23.606 [main] DEBUG com.fbp.engine.node.RuleNode -- [rule] 메시지 조건 만족 -> 'match' 포트로 전달
17:09:23.656 [MQTT Call: sub-cross-stable] DEBUG com.fbp.engine.node.MqttSubscriberNode -- [sub] MQTT 메시지 수신 및 플로우 전달: stress/in
17:09:23.669 [main] DEBUG com.fbp.engine.node.RuleNode -- [rule] 메시지 조건 만족 -> 'match' 포트로 전달
17:09:23.720 [MQTT Call: sub-cross-stable] DEBUG com.fbp.engine.node.MqttSubscriberNode -- [sub] MQTT 메시지 수신 및 플로우 전달: stress/in
17:09:23.733 [main] DEBUG com.fbp.engine.node.RuleNode -- [rule] 메시지 조건 만족 -> 'match' 포트로 전달
17:09:23.785 [MQTT Call: sub-cross-stable] DEBUG com.fbp.engine.node.MqttSubscriberNode -- [sub] MQTT 메시지 수신 및 플로우 전달: stress/in
17:09:23.797 [main] DEBUG com.fbp.engine.node.RuleNode -- [rule] 메시지 조건 만족 -> 'match' 포트로 전달
17:09:23.847 [MQTT Call: sub-cross-stable] DEBUG com.fbp.engine.node.MqttSubscriberNode -- [sub] MQTT 메시지 수신 및 플로우 전달: stress/in
17:09:23.859 [main] DEBUG com.fbp.engine.node.RuleNode -- [rule] 메시지 조건 만족 -> 'match' 포트로 전달
17:09:23.907 [MQTT Call: sub-cross-stable] DEBUG com.fbp.engine.node.MqttSubscriberNode -- [sub] MQTT 메시지 수신 및 플로우 전달: stress/in
17:09:23.919 [main] DEBUG com.fbp.engine.node.RuleNode -- [rule] 메시지 조건 만족 -> 'match' 포트로 전달
17:09:23.969 [MQTT Call: sub-cross-stable] DEBUG com.fbp.engine.node.MqttSubscriberNode -- [sub] MQTT 메시지 수신 및 플로우 전달: stress/in
17:09:23.979 [main] DEBUG com.fbp.engine.node.RuleNode -- [rule] 메시지 조건 만족 -> 'match' 포트로 전달
17:09:24.026 [MQTT Call: sub-cross-stable] DEBUG com.fbp.engine.node.MqttSubscriberNode -- [sub] MQTT 메시지 수신 및 플로우 전달: stress/in
17:09:24.037 [main] DEBUG com.fbp.engine.node.RuleNode -- [rule] 메시지 조건 만족 -> 'match' 포트로 전달
17:09:24.083 [MQTT Call: sub-cross-stable] DEBUG com.fbp.engine.node.MqttSubscriberNode -- [sub] MQTT 메시지 수신 및 플로우 전달: stress/in
17:09:24.094 [main] DEBUG com.fbp.engine.node.RuleNode -- [rule] 메시지 조건 만족 -> 'match' 포트로 전달
17:09:24.144 [MQTT Call: sub-cross-stable] DEBUG com.fbp.engine.node.MqttSubscriberNode -- [sub] MQTT 메시지 수신 및 플로우 전달: stress/in
17:09:24.156 [main] DEBUG com.fbp.engine.node.RuleNode -- [rule] 메시지 조건 만족 -> 'match' 포트로 전달
17:09:24.204 [MQTT Call: sub-cross-stable] DEBUG com.fbp.engine.node.MqttSubscriberNode -- [sub] MQTT 메시지 수신 및 플로우 전달: stress/in
17:09:24.205 [main] DEBUG com.fbp.engine.node.RuleNode -- [rule] 메시지 조건 만족 -> 'match' 포트로 전달
17:09:24.266 [MQTT Call: sub-cross-stable] DEBUG com.fbp.engine.node.MqttSubscriberNode -- [sub] MQTT 메시지 수신 및 플로우 전달: stress/in
17:09:24.278 [main] DEBUG com.fbp.engine.node.RuleNode -- [rule] 메시지 조건 만족 -> 'match' 포트로 전달
17:09:24.328 [MQTT Call: sub-cross-stable] DEBUG com.fbp.engine.node.MqttSubscriberNode -- [sub] MQTT 메시지 수신 및 플로우 전달: stress/in
17:09:24.339 [main] DEBUG com.fbp.engine.node.RuleNode -- [rule] 메시지 조건 만족 -> 'match' 포트로 전달
17:09:24.390 [MQTT Call: sub-cross-stable] DEBUG com.fbp.engine.node.MqttSubscriberNode -- [sub] MQTT 메시지 수신 및 플로우 전달: stress/in
17:09:24.403 [main] DEBUG com.fbp.engine.node.RuleNode -- [rule] 메시지 조건 만족 -> 'match' 포트로 전달
17:09:24.453 [MQTT Call: sub-cross-stable] DEBUG com.fbp.engine.node.MqttSubscriberNode -- [sub] MQTT 메시지 수신 및 플로우 전달: stress/in
17:09:24.464 [main] DEBUG com.fbp.engine.node.RuleNode -- [rule] 메시지 조건 만족 -> 'match' 포트로 전달
17:09:24.513 [MQTT Call: sub-cross-stable] DEBUG com.fbp.engine.node.MqttSubscriberNode -- [sub] MQTT 메시지 수신 및 플로우 전달: stress/in
17:09:24.525 [main] DEBUG com.fbp.engine.node.RuleNode -- [rule] 메시지 조건 만족 -> 'match' 포트로 전달
17:09:24.577 [MQTT Call: sub-cross-stable] DEBUG com.fbp.engine.node.MqttSubscriberNode -- [sub] MQTT 메시지 수신 및 플로우 전달: stress/in
17:09:24.589 [main] DEBUG com.fbp.engine.node.RuleNode -- [rule] 메시지 조건 만족 -> 'match' 포트로 전달
17:09:24.638 [MQTT Call: sub-cross-stable] DEBUG com.fbp.engine.node.MqttSubscriberNode -- [sub] MQTT 메시지 수신 및 플로우 전달: stress/in
17:09:24.651 [main] DEBUG com.fbp.engine.node.RuleNode -- [rule] 메시지 조건 만족 -> 'match' 포트로 전달
17:09:24.700 [MQTT Call: sub-cross-stable] DEBUG com.fbp.engine.node.MqttSubscriberNode -- [sub] MQTT 메시지 수신 및 플로우 전달: stress/in
17:09:24.712 [main] DEBUG com.fbp.engine.node.RuleNode -- [rule] 메시지 조건 만족 -> 'match' 포트로 전달
17:09:24.764 [MQTT Call: sub-cross-stable] DEBUG com.fbp.engine.node.MqttSubscriberNode -- [sub] MQTT 메시지 수신 및 플로우 전달: stress/in
17:09:24.776 [main] DEBUG com.fbp.engine.node.RuleNode -- [rule] 메시지 조건 만족 -> 'match' 포트로 전달
17:09:24.825 [MQTT Call: sub-cross-stable] DEBUG com.fbp.engine.node.MqttSubscriberNode -- [sub] MQTT 메시지 수신 및 플로우 전달: stress/in
17:09:24.837 [main] DEBUG com.fbp.engine.node.RuleNode -- [rule] 메시지 조건 만족 -> 'match' 포트로 전달
17:09:24.889 [MQTT Call: sub-cross-stable] DEBUG com.fbp.engine.node.MqttSubscriberNode -- [sub] MQTT 메시지 수신 및 플로우 전달: stress/in
17:09:24.899 [main] DEBUG com.fbp.engine.node.RuleNode -- [rule] 메시지 조건 만족 -> 'match' 포트로 전달
17:09:24.949 [MQTT Call: sub-cross-stable] DEBUG com.fbp.engine.node.MqttSubscriberNode -- [sub] MQTT 메시지 수신 및 플로우 전달: stress/in
17:09:24.961 [main] DEBUG com.fbp.engine.node.RuleNode -- [rule] 메시지 조건 만족 -> 'match' 포트로 전달
17:09:25.012 [MQTT Call: sub-cross-stable] DEBUG com.fbp.engine.node.MqttSubscriberNode -- [sub] MQTT 메시지 수신 및 플로우 전달: stress/in
17:09:25.024 [main] DEBUG com.fbp.engine.node.RuleNode -- [rule] 메시지 조건 만족 -> 'match' 포트로 전달
17:09:25.076 [MQTT Call: sub-cross-stable] DEBUG com.fbp.engine.node.MqttSubscriberNode -- [sub] MQTT 메시지 수신 및 플로우 전달: stress/in
17:09:25.088 [main] DEBUG com.fbp.engine.node.RuleNode -- [rule] 메시지 조건 만족 -> 'match' 포트로 전달
17:09:25.139 [MQTT Call: sub-cross-stable] DEBUG com.fbp.engine.node.MqttSubscriberNode -- [sub] MQTT 메시지 수신 및 플로우 전달: stress/in
17:09:25.152 [main] DEBUG com.fbp.engine.node.RuleNode -- [rule] 메시지 조건 만족 -> 'match' 포트로 전달
17:09:25.200 [MQTT Call: sub-cross-stable] DEBUG com.fbp.engine.node.MqttSubscriberNode -- [sub] MQTT 메시지 수신 및 플로우 전달: stress/in
17:09:25.213 [main] DEBUG com.fbp.engine.node.RuleNode -- [rule] 메시지 조건 만족 -> 'match' 포트로 전달
17:09:25.260 [MQTT Call: sub-cross-stable] DEBUG com.fbp.engine.node.MqttSubscriberNode -- [sub] MQTT 메시지 수신 및 플로우 전달: stress/in
17:09:25.272 [main] DEBUG com.fbp.engine.node.RuleNode -- [rule] 메시지 조건 만족 -> 'match' 포트로 전달
17:09:25.324 [MQTT Call: sub-cross-stable] DEBUG com.fbp.engine.node.MqttSubscriberNode -- [sub] MQTT 메시지 수신 및 플로우 전달: stress/in
17:09:25.335 [main] DEBUG com.fbp.engine.node.RuleNode -- [rule] 메시지 조건 만족 -> 'match' 포트로 전달
17:09:25.384 [MQTT Call: sub-cross-stable] DEBUG com.fbp.engine.node.MqttSubscriberNode -- [sub] MQTT 메시지 수신 및 플로우 전달: stress/in
17:09:25.396 [main] DEBUG com.fbp.engine.node.RuleNode -- [rule] 메시지 조건 만족 -> 'match' 포트로 전달
17:09:25.447 [MQTT Call: sub-cross-stable] DEBUG com.fbp.engine.node.MqttSubscriberNode -- [sub] MQTT 메시지 수신 및 플로우 전달: stress/in
17:09:25.459 [main] DEBUG com.fbp.engine.node.RuleNode -- [rule] 메시지 조건 만족 -> 'match' 포트로 전달
17:09:25.510 [MQTT Call: sub-cross-stable] DEBUG com.fbp.engine.node.MqttSubscriberNode -- [sub] MQTT 메시지 수신 및 플로우 전달: stress/in
17:09:25.522 [main] DEBUG com.fbp.engine.node.RuleNode -- [rule] 메시지 조건 만족 -> 'match' 포트로 전달
17:09:25.573 [MQTT Call: sub-cross-stable] DEBUG com.fbp.engine.node.MqttSubscriberNode -- [sub] MQTT 메시지 수신 및 플로우 전달: stress/in
17:09:25.585 [main] DEBUG com.fbp.engine.node.RuleNode -- [rule] 메시지 조건 만족 -> 'match' 포트로 전달
17:09:25.637 [MQTT Call: sub-cross-stable] DEBUG com.fbp.engine.node.MqttSubscriberNode -- [sub] MQTT 메시지 수신 및 플로우 전달: stress/in
17:09:25.650 [main] DEBUG com.fbp.engine.node.RuleNode -- [rule] 메시지 조건 만족 -> 'match' 포트로 전달
17:09:25.699 [MQTT Call: sub-cross-stable] DEBUG com.fbp.engine.node.MqttSubscriberNode -- [sub] MQTT 메시지 수신 및 플로우 전달: stress/in
17:09:25.709 [main] DEBUG com.fbp.engine.node.RuleNode -- [rule] 메시지 조건 만족 -> 'match' 포트로 전달
17:09:25.762 [MQTT Call: sub-cross-stable] DEBUG com.fbp.engine.node.MqttSubscriberNode -- [sub] MQTT 메시지 수신 및 플로우 전달: stress/in
17:09:25.774 [main] DEBUG com.fbp.engine.node.RuleNode -- [rule] 메시지 조건 만족 -> 'match' 포트로 전달
17:09:25.825 [MQTT Call: sub-cross-stable] DEBUG com.fbp.engine.node.MqttSubscriberNode -- [sub] MQTT 메시지 수신 및 플로우 전달: stress/in
17:09:25.836 [main] DEBUG com.fbp.engine.node.RuleNode -- [rule] 메시지 조건 만족 -> 'match' 포트로 전달
17:09:25.884 [MQTT Call: sub-cross-stable] DEBUG com.fbp.engine.node.MqttSubscriberNode -- [sub] MQTT 메시지 수신 및 플로우 전달: stress/in
17:09:25.896 [main] DEBUG com.fbp.engine.node.RuleNode -- [rule] 메시지 조건 만족 -> 'match' 포트로 전달
17:09:25.948 [MQTT Call: sub-cross-stable] DEBUG com.fbp.engine.node.MqttSubscriberNode -- [sub] MQTT 메시지 수신 및 플로우 전달: stress/in
17:09:25.960 [main] DEBUG com.fbp.engine.node.RuleNode -- [rule] 메시지 조건 만족 -> 'match' 포트로 전달
17:09:26.013 [MQTT Call: sub-cross-stable] DEBUG com.fbp.engine.node.MqttSubscriberNode -- [sub] MQTT 메시지 수신 및 플로우 전달: stress/in
17:09:26.024 [main] DEBUG com.fbp.engine.node.RuleNode -- [rule] 메시지 조건 만족 -> 'match' 포트로 전달
17:09:26.075 [MQTT Call: sub-cross-stable] DEBUG com.fbp.engine.node.MqttSubscriberNode -- [sub] MQTT 메시지 수신 및 플로우 전달: stress/in
17:09:26.087 [main] DEBUG com.fbp.engine.node.RuleNode -- [rule] 메시지 조건 만족 -> 'match' 포트로 전달
17:09:26.138 [MQTT Call: sub-cross-stable] DEBUG com.fbp.engine.node.MqttSubscriberNode -- [sub] MQTT 메시지 수신 및 플로우 전달: stress/in
17:09:26.151 [main] DEBUG com.fbp.engine.node.RuleNode -- [rule] 메시지 조건 만족 -> 'match' 포트로 전달
17:09:26.200 [MQTT Call: sub-cross-stable] DEBUG com.fbp.engine.node.MqttSubscriberNode -- [sub] MQTT 메시지 수신 및 플로우 전달: stress/in
17:09:26.213 [main] DEBUG com.fbp.engine.node.RuleNode -- [rule] 메시지 조건 만족 -> 'match' 포트로 전달
17:09:26.260 [MQTT Call: sub-cross-stable] DEBUG com.fbp.engine.node.MqttSubscriberNode -- [sub] MQTT 메시지 수신 및 플로우 전달: stress/in
17:09:26.273 [main] DEBUG com.fbp.engine.node.RuleNode -- [rule] 메시지 조건 만족 -> 'match' 포트로 전달
17:09:26.321 [MQTT Call: sub-cross-stable] DEBUG com.fbp.engine.node.MqttSubscriberNode -- [sub] MQTT 메시지 수신 및 플로우 전달: stress/in
17:09:26.333 [main] DEBUG com.fbp.engine.node.RuleNode -- [rule] 메시지 조건 만족 -> 'match' 포트로 전달
17:09:26.384 [MQTT Call: sub-cross-stable] DEBUG com.fbp.engine.node.MqttSubscriberNode -- [sub] MQTT 메시지 수신 및 플로우 전달: stress/in
17:09:26.396 [main] DEBUG com.fbp.engine.node.RuleNode -- [rule] 메시지 조건 만족 -> 'match' 포트로 전달
17:09:26.511 [main] INFO com.fbp.engine.node.ProtocolNode -- [sub] 프로토콜 노드 종료 맟 연결 해제
17:09:26.511 [main] INFO com.fbp.engine.node.ProtocolNode -- [writer] 프로토콜 노드 종료 맟 연결 해제
17:09:26.511 [Thread-70] INFO com.fbp.engine.protocol.ModbusTcpSimulator -- 마스터와 연결 종료됨
17:09:26.613 [main] INFO com.fbp.engine.protocol.ModbusTcpSimulator -- MODBUS TCP 슬레이브 종료됨
]]></system-out>
  </testcase>
  <testcase name="testMqttToModbusFlow" classname="com.fbp.engine.integration.CrossProtocolIntegrationTest" time="1.71">
    <system-out><![CDATA[17:09:26.615 [Thread-73] INFO com.fbp.engine.protocol.ModbusTcpSimulator -- MODBUS TCP 슬레이브 시작됨 (포트: 5025)
17:09:27.354 [MQTT Call: sub-cross-1] INFO com.fbp.engine.node.MqttSubscriberNode -- [sub] MQTT 연결 완료 (reconnect: false)
17:09:27.354 [main] INFO com.fbp.engine.node.MqttSubscriberNode -- [sub] MQTT Broker 연결됨: tcp://localhost:1883
17:09:27.354 [main] INFO com.fbp.engine.node.ProtocolNode -- [sub] 네트워크 연결 성공
17:09:27.355 [Thread-73] INFO com.fbp.engine.protocol.ModbusTcpSimulator -- 마스터(클라이언트) 접속 됨: /127.0.0.1:63374
17:09:27.355 [main] INFO com.fbp.engine.node.ProtocolNode -- [writer] 네트워크 연결 성공
17:09:27.866 [MQTT Call: sub-cross-1] DEBUG com.fbp.engine.node.MqttSubscriberNode -- [sub] MQTT 메시지 수신 및 플로우 전달: sensor/temp
17:09:27.914 [main] DEBUG com.fbp.engine.node.RuleNode -- [rule] 메시지 조건 만족 -> 'match' 포트로 전달
17:09:28.220 [main] INFO com.fbp.engine.node.ProtocolNode -- [sub] 프로토콜 노드 종료 맟 연결 해제
17:09:28.220 [main] INFO com.fbp.engine.node.ProtocolNode -- [writer] 프로토콜 노드 종료 맟 연결 해제
17:09:28.220 [Thread-84] INFO com.fbp.engine.protocol.ModbusTcpSimulator -- 마스터와 연결 종료됨
17:09:28.323 [main] INFO com.fbp.engine.protocol.ModbusTcpSimulator -- MODBUS TCP 슬레이브 종료됨
]]></system-out>
  </testcase>
</testsuite>