<?xml version="1.0" encoding="UTF-8"?>
<testsuite xmlns:xsi="http://www.w3.org/2001/XMLSchema-instance" xsi:noNamespaceSchemaLocation="https://maven.apache.org/surefire/maven-surefire-plugin/xsd/surefire-test-report.xsd" version="3.0.1" name="com.fbp.engine.integration.MqttModbusIntegrationTest" time="8.158" tests="4" errors="0" skipped="0" failures="0">
  <properties>
[...]
</properties>
  <testcase name="testRuleMatchToModbusWrite" classname="com.fbp.engine.integration.MqttModbusIntegrationTest" time="1.99">
    <system-out><![CDATA[17:09:30.488 [Thread-108] INFO com.fbp.engine.protocol.ModbusTcpSimulator -- MODBUS TCP 슬레이브 시작됨 (포트: 5020)
17:09:31.234 [MQTT Call: fbp-sub-node] INFO com.fbp.engine.node.MqttSubscriberNode -- [mqtt-sub] MQTT 연결 완료 (reconnect: false)
17:09:31.234 [main] INFO com.fbp.engine.node.MqttSubscriberNode -- [mqtt-sub] MQTT Broker 연결됨: tcp://localhost:1883
17:09:31.234 [main] INFO com.fbp.engine.node.ProtocolNode -- [mqtt-sub] 네트워크 연결 성공
17:09:31.235 [main] INFO com.fbp.engine.node.ProtocolNode -- [modbus-writer] 네트워크 연결 성공
17:09:31.235 [Thread-108] INFO com.fbp.engine.protocol.ModbusTcpSimulator -- 마스터(클라이언트) 접속 됨: /127.0.0.1:63390
17:09:31.557 [main] INFO com.fbp.engine.node.MqttPublisherNode -- [mqtt-pub] MQTT Broker 준비 완료: tcp://localhost:1883
17:09:31.557 [MQTT Call: fbp-pub-node] INFO com.fbp.engine.node.MqttPublisherNode -- [mqtt-pub] MQTT 연결 완료 (reconnect: false)
17:09:31.557 [main] INFO com.fbp.engine.node.ProtocolNode -- [mqtt-pub] 네트워크 연결 성공
17:09:32.269 [main] INFO com.fbp.engine.node.ProtocolNode -- [mqtt-sub] 프로토콜 노드 종료 맟 연결 해제
17:09:32.269 [main] INFO com.fbp.engine.node.ProtocolNode -- [modbus-writer] 프로토콜 노드 종료 맟 연결 해제
17:09:32.269 [Thread-119] INFO com.fbp.engine.protocol.ModbusTcpSimulator -- 마스터와 연결 종료됨
17:09:32.371 [main] INFO com.fbp.engine.node.ProtocolNode -- [mqtt-pub] 프로토콜 노드 종료 맟 연결 해제
17:09:32.477 [main] INFO com.fbp.engine.protocol.ModbusTcpSimulator -- MODBUS TCP 슬레이브 종료됨
]]></system-out>
  </testcase>
  <testcase name="testMqttReceiveAndRuleBranching" classname="com.fbp.engine.integration.MqttModbusIntegrationTest" time="1.911">
    <system-out><![CDATA[17:09:32.480 [Thread-128] INFO com.fbp.engine.protocol.ModbusTcpSimulator -- MODBUS TCP 슬레이브 시작됨 (포트: 5020)
17:09:33.207 [MQTT Call: fbp-sub-node] INFO com.fbp.engine.node.MqttSubscriberNode -- [mqtt-sub] MQTT 연결 완료 (reconnect: false)
17:09:33.207 [main] INFO com.fbp.engine.node.MqttSubscriberNode -- [mqtt-sub] MQTT Broker 연결됨: tcp://localhost:1883
17:09:33.207 [main] INFO com.fbp.engine.node.ProtocolNode -- [mqtt-sub] 네트워크 연결 성공
17:09:33.208 [main] INFO com.fbp.engine.node.ProtocolNode -- [modbus-writer] 네트워크 연결 성공
17:09:33.208 [Thread-128] INFO com.fbp.engine.protocol.ModbusTcpSimulator -- 마스터(클라이언트) 접속 됨: /127.0.0.1:63398
17:09:33.521 [main] INFO com.fbp.engine.node.MqttPublisherNode -- [mqtt-pub] MQTT Broker 준비 완료: tcp://localhost:1883
17:09:33.521 [MQTT Call: fbp-pub-node] INFO com.fbp.engine.node.MqttPublisherNode -- [mqtt-pub] MQTT 연결 완료 (reconnect: false)
17:09:33.521 [main] INFO com.fbp.engine.node.ProtocolNode -- [mqtt-pub] 네트워크 연결 성공
17:09:34.029 [MQTT Call: fbp-sub-node] DEBUG com.fbp.engine.node.MqttSubscriberNode -- [mqtt-sub] MQTT 메시지 수신 및 플로우 전달: test/sensor
17:09:34.079 [main] DEBUG com.fbp.engine.node.RuleNode -- [rule-node] 메시지 조건 만족 -> 'match' 포트로 전달
17:09:34.183 [main] INFO com.fbp.engine.node.ProtocolNode -- [mqtt-sub] 프로토콜 노드 종료 맟 연결 해제
17:09:34.183 [main] INFO com.fbp.engine.node.ProtocolNode -- [modbus-writer] 프로토콜 노드 종료 맟 연결 해제
17:09:34.183 [Thread-139] INFO com.fbp.engine.protocol.ModbusTcpSimulator -- 마스터와 연결 종료됨
17:09:34.285 [main] INFO com.fbp.engine.node.ProtocolNode -- [mqtt-pub] 프로토콜 노드 종료 맟 연결 해제
17:09:34.389 [main] INFO com.fbp.engine.protocol.ModbusTcpSimulator -- MODBUS TCP 슬레이브 종료됨
]]></system-out>
  </testcase>
  <testcase name="testRuleMatchToMqttAlert" classname="com.fbp.engine.integration.MqttModbusIntegrationTest" time="1.863">
    <system-out><![CDATA[17:09:34.390 [Thread-148] INFO com.fbp.engine.protocol.ModbusTcpSimulator -- MODBUS TCP 슬레이브 시작됨 (포트: 5020)
17:09:35.120 [MQTT Call: fbp-sub-node] INFO com.fbp.engine.node.MqttSubscriberNode -- [mqtt-sub] MQTT 연결 완료 (reconnect: false)
17:09:35.121 [main] INFO com.fbp.engine.node.MqttSubscriberNode -- [mqtt-sub] MQTT Broker 연결됨: tcp://localhost:1883
17:09:35.121 [main] INFO com.fbp.engine.node.ProtocolNode -- [mqtt-sub] 네트워크 연결 성공
17:09:35.121 [main] INFO com.fbp.engine.node.ProtocolNode -- [modbus-writer] 네트워크 연결 성공
17:09:35.122 [Thread-148] INFO com.fbp.engine.protocol.ModbusTcpSimulator -- 마스터(클라이언트) 접속 됨: /127.0.0.1:63406
17:09:35.432 [main] INFO com.fbp.engine.node.MqttPublisherNode -- [mqtt-pub] MQTT Broker 준비 완료: tcp://localhost:1883
17:09:35.432 [MQTT Call: fbp-pub-node] INFO com.fbp.engine.node.MqttPublisherNode -- [mqtt-pub] MQTT 연결 완료 (reconnect: false)
17:09:35.432 [main] INFO com.fbp.engine.node.ProtocolNode -- [mqtt-pub] 네트워크 연결 성공
17:09:35.944 [main] DEBUG com.fbp.engine.node.MqttPublisherNode -- [mqtt-pub] 외부 브로커로 메시지 발행 완료 [토픽: test/alert]
17:09:36.046 [main] INFO com.fbp.engine.node.ProtocolNode -- [mqtt-sub] 프로토콜 노드 종료 맟 연결 해제
17:09:36.046 [main] INFO com.fbp.engine.node.ProtocolNode -- [modbus-writer] 프로토콜 노드 종료 맟 연결 해제
17:09:36.047 [Thread-159] INFO com.fbp.engine.protocol.ModbusTcpSimulator -- 마스터와 연결 종료됨
17:09:36.148 [main] INFO com.fbp.engine.node.ProtocolNode -- [mqtt-pub] 프로토콜 노드 종료 맟 연결 해제
17:09:36.252 [main] INFO com.fbp.engine.protocol.ModbusTcpSimulator -- MODBUS TCP 슬레이브 종료됨
]]></system-out>
  </testcase>
  <testcase name="testEndToEndPipeline" classname="com.fbp.engine.integration.MqttModbusIntegrationTest" time="2.391">
    <system-out><![CDATA[17:09:36.255 [Thread-168] INFO com.fbp.engine.protocol.ModbusTcpSimulator -- MODBUS TCP 슬레이브 시작됨 (포트: 5020)
17:09:36.986 [MQTT Call: fbp-sub-node] INFO com.fbp.engine.node.MqttSubscriberNode -- [mqtt-sub] MQTT 연결 완료 (reconnect: false)
17:09:36.987 [main] INFO com.fbp.engine.node.MqttSubscriberNode -- [mqtt-sub] MQTT Broker 연결됨: tcp://localhost:1883
17:09:36.987 [main] INFO com.fbp.engine.node.ProtocolNode -- [mqtt-sub] 네트워크 연결 성공
17:09:36.988 [main] INFO com.fbp.engine.node.ProtocolNode -- [modbus-writer] 네트워크 연결 성공
17:09:36.988 [Thread-168] INFO com.fbp.engine.protocol.ModbusTcpSimulator -- 마스터(클라이언트) 접속 됨: /127.0.0.1:63415
17:09:37.303 [main] INFO com.fbp.engine.node.MqttPublisherNode -- [mqtt-pub] MQTT Broker 준비 완료: tcp://localhost:1883
17:09:37.303 [MQTT Call: fbp-pub-node] INFO com.fbp.engine.node.MqttPublisherNode -- [mqtt-pub] MQTT 연결 완료 (reconnect: false)
17:09:37.303 [main] INFO com.fbp.engine.node.ProtocolNode -- [mqtt-pub] 네트워크 연결 성공
17:09:37.813 [MQTT Call: fbp-sub-node] DEBUG com.fbp.engine.node.MqttSubscriberNode -- [mqtt-sub] MQTT 메시지 수신 및 플로우 전달: test/sensor
17:09:37.862 [main] DEBUG com.fbp.engine.node.RuleNode -- [rule-node] 메시지 조건 만족 -> 'match' 포트로 전달
17:09:37.864 [main] DEBUG com.fbp.engine.node.MqttPublisherNode -- [mqtt-pub] 외부 브로커로 메시지 발행 완료 [토픽: test/alert]
17:09:38.071 [MQTT Call: fbp-sub-node] DEBUG com.fbp.engine.node.MqttSubscriberNode -- [mqtt-sub] MQTT 메시지 수신 및 플로우 전달: test/sensor
17:09:38.126 [main] DEBUG com.fbp.engine.node.RuleNode -- [rule-node] 메시지 조건 불만족 -> 'mismatch' 포트로 전달
17:09:38.435 [main] INFO com.fbp.engine.node.ProtocolNode -- [mqtt-sub] 프로토콜 노드 종료 맟 연결 해제
17:09:38.436 [main] INFO com.fbp.engine.node.ProtocolNode -- [modbus-writer] 프로토콜 노드 종료 맟 연결 해제
17:09:38.436 [Thread-179] INFO com.fbp.engine.protocol.ModbusTcpSimulator -- 마스터와 연결 종료됨
17:09:38.538 [main] INFO com.fbp.engine.node.ProtocolNode -- [mqtt-pub] 프로토콜 노드 종료 맟 연결 해제
17:09:38.644 [main] INFO com.fbp.engine.protocol.ModbusTcpSimulator -- MODBUS TCP 슬레이브 종료됨
]]></system-out>
  </testcase>
</testsuite>