<?xml version="1.0" encoding="UTF-8"?>
<testsuite xmlns:xsi="http://www.w3.org/2001/XMLSchema-instance" xsi:noNamespaceSchemaLocation="https://maven.apache.org/surefire/maven-surefire-plugin/xsd/surefire-test-report.xsd" version="3.0.1" name="com.fbp.engine.integration.TemperatureMonitoringFlowTest" time="1.523" tests="3" errors="0" skipped="0" failures="0">
  <properties>
[...]
</properties>
  <testcase name="test1" classname="com.fbp.engine.integration.TemperatureMonitoringFlowTest" time="0.506">
    <system-out><![CDATA[17:09:28.329 [main] INFO com.fbp.engine.core.FlowEngine -- [Engine] Flow integrated-test를 등록됨
17:09:28.330 [main] INFO com.fbp.engine.node.TimerNode -- [timer] Timer 시작 (주기: 10ms)
17:09:28.331 [pool-26-thread-1] DEBUG com.fbp.engine.node.TimerNode -- [timer] Timer 틱 발생: 0
17:09:28.331 [main] INFO com.fbp.engine.core.FlowEngine -- Engine] 플로우 'integrated-test' 시작됨
17:09:28.343 [pool-26-thread-1] DEBUG com.fbp.engine.node.TimerNode -- [timer] Timer 틱 발생: 1
17:09:28.352 [pool-26-thread-1] DEBUG com.fbp.engine.node.TimerNode -- [timer] Timer 틱 발생: 2
17:09:28.363 [pool-26-thread-1] DEBUG com.fbp.engine.node.TimerNode -- [timer] Timer 틱 발생: 3
17:09:28.373 [pool-26-thread-1] DEBUG com.fbp.engine.node.TimerNode -- [timer] Timer 틱 발생: 4
17:09:28.381 [pool-26-thread-1] DEBUG com.fbp.engine.node.TimerNode -- [timer] Timer 틱 발생: 5
17:09:28.393 [pool-26-thread-1] DEBUG com.fbp.engine.node.TimerNode -- [timer] Timer 틱 발생: 6
17:09:28.402 [pool-26-thread-1] DEBUG com.fbp.engine.node.TimerNode -- [timer] Timer 틱 발생: 7
17:09:28.413 [pool-26-thread-1] DEBUG com.fbp.engine.node.TimerNode -- [timer] Timer 틱 발생: 8
17:09:28.423 [pool-26-thread-1] DEBUG com.fbp.engine.node.TimerNode -- [timer] Timer 틱 발생: 9
17:09:28.433 [pool-26-thread-1] DEBUG com.fbp.engine.node.TimerNode -- [timer] Timer 틱 발생: 10
17:09:28.441 [pool-26-thread-1] DEBUG com.fbp.engine.node.TimerNode -- [timer] Timer 틱 발생: 11
17:09:28.453 [pool-26-thread-1] DEBUG com.fbp.engine.node.TimerNode -- [timer] Timer 틱 발생: 12
17:09:28.461 [pool-26-thread-1] DEBUG com.fbp.engine.node.TimerNode -- [timer] Timer 틱 발생: 13
17:09:28.473 [pool-26-thread-1] DEBUG com.fbp.engine.node.TimerNode -- [timer] Timer 틱 발생: 14
17:09:28.482 [pool-26-thread-1] DEBUG com.fbp.engine.node.TimerNode -- [timer] Timer 틱 발생: 15
17:09:28.492 [pool-26-thread-1] DEBUG com.fbp.engine.node.TimerNode -- [timer] Timer 틱 발생: 16
17:09:28.503 [pool-26-thread-1] DEBUG com.fbp.engine.node.TimerNode -- [timer] Timer 틱 발생: 17
17:09:28.513 [pool-26-thread-1] DEBUG com.fbp.engine.node.TimerNode -- [timer] Timer 틱 발생: 18
17:09:28.523 [pool-26-thread-1] DEBUG com.fbp.engine.node.TimerNode -- [timer] Timer 틱 발생: 19
17:09:28.533 [pool-26-thread-1] DEBUG com.fbp.engine.node.TimerNode -- [timer] Timer 틱 발생: 20
17:09:28.541 [pool-26-thread-1] DEBUG com.fbp.engine.node.TimerNode -- [timer] Timer 틱 발생: 21
17:09:28.553 [pool-26-thread-1] DEBUG com.fbp.engine.node.TimerNode -- [timer] Timer 틱 발생: 22
17:09:28.562 [pool-26-thread-1] DEBUG com.fbp.engine.node.TimerNode -- [timer] Timer 틱 발생: 23
17:09:28.571 [pool-26-thread-1] DEBUG com.fbp.engine.node.TimerNode -- [timer] Timer 틱 발생: 24
17:09:28.582 [pool-26-thread-1] DEBUG com.fbp.engine.node.TimerNode -- [timer] Timer 틱 발생: 25
17:09:28.593 [pool-26-thread-1] DEBUG com.fbp.engine.node.TimerNode -- [timer] Timer 틱 발생: 26
17:09:28.602 [pool-26-thread-1] DEBUG com.fbp.engine.node.TimerNode -- [timer] Timer 틱 발생: 27
17:09:28.613 [pool-26-thread-1] DEBUG com.fbp.engine.node.TimerNode -- [timer] Timer 틱 발생: 28
17:09:28.623 [pool-26-thread-1] DEBUG com.fbp.engine.node.TimerNode -- [timer] Timer 틱 발생: 29
17:09:28.633 [pool-26-thread-1] DEBUG com.fbp.engine.node.TimerNode -- [timer] Timer 틱 발생: 30
17:09:28.643 [pool-26-thread-1] DEBUG com.fbp.engine.node.TimerNode -- [timer] Timer 틱 발생: 31
17:09:28.653 [pool-26-thread-1] DEBUG com.fbp.engine.node.TimerNode -- [timer] Timer 틱 발생: 32
17:09:28.663 [pool-26-thread-1] DEBUG com.fbp.engine.node.TimerNode -- [timer] Timer 틱 발생: 33
17:09:28.673 [pool-26-thread-1] DEBUG com.fbp.engine.node.TimerNode -- [timer] Timer 틱 발생: 34
17:09:28.682 [pool-26-thread-1] DEBUG com.fbp.engine.node.TimerNode -- [timer] Timer 틱 발생: 35
17:09:28.693 [pool-26-thread-1] DEBUG com.fbp.engine.node.TimerNode -- [timer] Timer 틱 발생: 36
17:09:28.703 [pool-26-thread-1] DEBUG com.fbp.engine.node.TimerNode -- [timer] Timer 틱 발생: 37
17:09:28.711 [pool-26-thread-1] DEBUG com.fbp.engine.node.TimerNode -- [timer] Timer 틱 발생: 38
17:09:28.723 [pool-26-thread-1] DEBUG com.fbp.engine.node.TimerNode -- [timer] Timer 틱 발생: 39
17:09:28.732 [pool-26-thread-1] DEBUG com.fbp.engine.node.TimerNode -- [timer] Timer 틱 발생: 40
17:09:28.743 [pool-26-thread-1] DEBUG com.fbp.engine.node.TimerNode -- [timer] Timer 틱 발생: 41
17:09:28.753 [pool-26-thread-1] DEBUG com.fbp.engine.node.TimerNode -- [timer] Timer 틱 발생: 42
17:09:28.763 [pool-26-thread-1] DEBUG com.fbp.engine.node.TimerNode -- [timer] Timer 틱 발생: 43
17:09:28.772 [pool-26-thread-1] DEBUG com.fbp.engine.node.TimerNode -- [timer] Timer 틱 발생: 44
17:09:28.782 [pool-26-thread-1] DEBUG com.fbp.engine.node.TimerNode -- [timer] Timer 틱 발생: 45
17:09:28.793 [pool-26-thread-1] DEBUG com.fbp.engine.node.TimerNode -- [timer] Timer 틱 발생: 46
17:09:28.802 [pool-26-thread-1] DEBUG com.fbp.engine.node.TimerNode -- [timer] Timer 틱 발생: 47
17:09:28.813 [pool-26-thread-1] DEBUG com.fbp.engine.node.TimerNode -- [timer] Timer 틱 발생: 48
17:09:28.823 [pool-26-thread-1] DEBUG com.fbp.engine.node.TimerNode -- [timer] Timer 틱 발생: 49
17:09:28.833 [pool-26-thread-1] DEBUG com.fbp.engine.node.TimerNode -- [timer] Timer 틱 발생: 50
17:09:28.833 [main] INFO com.fbp.engine.node.TimerNode -- [timer] Timer 종료
]]></system-out>
  </testcase>
  <testcase name="test2" classname="com.fbp.engine.integration.TemperatureMonitoringFlowTest" time="0.507">
    <system-out><![CDATA[17:09:28.836 [main] INFO com.fbp.engine.core.FlowEngine -- [Engine] Flow integrated-test를 등록됨
17:09:28.836 [main] INFO com.fbp.engine.node.TimerNode -- [timer] Timer 시작 (주기: 10ms)
17:09:28.836 [pool-28-thread-1] DEBUG com.fbp.engine.node.TimerNode -- [timer] Timer 틱 발생: 0
17:09:28.836 [main] INFO com.fbp.engine.core.FlowEngine -- Engine] 플로우 'integrated-test' 시작됨
17:09:28.847 [pool-28-thread-1] DEBUG com.fbp.engine.node.TimerNode -- [timer] Timer 틱 발생: 1
17:09:28.858 [pool-28-thread-1] DEBUG com.fbp.engine.node.TimerNode -- [timer] Timer 틱 발생: 2
17:09:28.868 [pool-28-thread-1] DEBUG com.fbp.engine.node.TimerNode -- [timer] Timer 틱 발생: 3
17:09:28.878 [pool-28-thread-1] DEBUG com.fbp.engine.node.TimerNode -- [timer] Timer 틱 발생: 4
17:09:28.888 [pool-28-thread-1] DEBUG com.fbp.engine.node.TimerNode -- [timer] Timer 틱 발생: 5
17:09:28.898 [pool-28-thread-1] DEBUG com.fbp.engine.node.TimerNode -- [timer] Timer 틱 발생: 6
17:09:28.908 [pool-28-thread-1] DEBUG com.fbp.engine.node.TimerNode -- [timer] Timer 틱 발생: 7
17:09:28.917 [pool-28-thread-1] DEBUG com.fbp.engine.node.TimerNode -- [timer] Timer 틱 발생: 8
17:09:28.928 [pool-28-thread-1] DEBUG com.fbp.engine.node.TimerNode -- [timer] Timer 틱 발생: 9
17:09:28.938 [pool-28-thread-1] DEBUG com.fbp.engine.node.TimerNode -- [timer] Timer 틱 발생: 10
17:09:28.948 [pool-28-thread-1] DEBUG com.fbp.engine.node.TimerNode -- [timer] Timer 틱 발생: 11
17:09:28.958 [pool-28-thread-1] DEBUG com.fbp.engine.node.TimerNode -- [timer] Timer 틱 발생: 12
17:09:28.968 [pool-28-thread-1] DEBUG com.fbp.engine.node.TimerNode -- [timer] Timer 틱 발생: 13
17:09:28.978 [pool-28-thread-1] DEBUG com.fbp.engine.node.TimerNode -- [timer] Timer 틱 발생: 14
17:09:28.988 [pool-28-thread-1] DEBUG com.fbp.engine.node.TimerNode -- [timer] Timer 틱 발생: 15
17:09:28.997 [pool-28-thread-1] DEBUG com.fbp.engine.node.TimerNode -- [timer] Timer 틱 발생: 16
17:09:29.008 [pool-28-thread-1] DEBUG com.fbp.engine.node.TimerNode -- [timer] Timer 틱 발생: 17
17:09:29.018 [pool-28-thread-1] DEBUG com.fbp.engine.node.TimerNode -- [timer] Timer 틱 발생: 18
17:09:29.027 [pool-28-thread-1] DEBUG com.fbp.engine.node.TimerNode -- [timer] Timer 틱 발생: 19
17:09:29.038 [pool-28-thread-1] DEBUG com.fbp.engine.node.TimerNode -- [timer] Timer 틱 발생: 20
17:09:29.048 [pool-28-thread-1] DEBUG com.fbp.engine.node.TimerNode -- [timer] Timer 틱 발생: 21
17:09:29.058 [pool-28-thread-1] DEBUG com.fbp.engine.node.TimerNode -- [timer] Timer 틱 발생: 22
17:09:29.068 [pool-28-thread-1] DEBUG com.fbp.engine.node.TimerNode -- [timer] Timer 틱 발생: 23
17:09:29.078 [pool-28-thread-1] DEBUG com.fbp.engine.node.TimerNode -- [timer] Timer 틱 발생: 24
17:09:29.087 [pool-28-thread-1] DEBUG com.fbp.engine.node.TimerNode -- [timer] Timer 틱 발생: 25
17:09:29.098 [pool-28-thread-1] DEBUG com.fbp.engine.node.TimerNode -- [timer] Timer 틱 발생: 26
17:09:29.108 [pool-28-thread-1] DEBUG com.fbp.engine.node.TimerNode -- [timer] Timer 틱 발생: 27
17:09:29.118 [pool-28-thread-1] DEBUG com.fbp.engine.node.TimerNode -- [timer] Timer 틱 발생: 28
17:09:29.128 [pool-28-thread-1] DEBUG com.fbp.engine.node.TimerNode -- [timer] Timer 틱 발생: 29
17:09:29.136 [pool-28-thread-1] DEBUG com.fbp.engine.node.TimerNode -- [timer] Timer 틱 발생: 30
17:09:29.148 [pool-28-thread-1] DEBUG com.fbp.engine.node.TimerNode -- [timer] Timer 틱 발생: 31
17:09:29.158 [pool-28-thread-1] DEBUG com.fbp.engine.node.TimerNode -- [timer] Timer 틱 발생: 32
17:09:29.168 [pool-28-thread-1] DEBUG com.fbp.engine.node.TimerNode -- [timer] Timer 틱 발생: 33
17:09:29.178 [pool-28-thread-1] DEBUG com.fbp.engine.node.TimerNode -- [timer] Timer 틱 발생: 34
17:09:29.188 [pool-28-thread-1] DEBUG com.fbp.engine.node.TimerNode -- [timer] Timer 틱 발생: 35
17:09:29.198 [pool-28-thread-1] DEBUG com.fbp.engine.node.TimerNode -- [timer] Timer 틱 발생: 36
17:09:29.208 [pool-28-thread-1] DEBUG com.fbp.engine.node.TimerNode -- [timer] Timer 틱 발생: 37
17:09:29.218 [pool-28-thread-1] DEBUG com.fbp.engine.node.TimerNode -- [timer] Timer 틱 발생: 38
17:09:29.228 [pool-28-thread-1] DEBUG com.fbp.engine.node.TimerNode -- [timer] Timer 틱 발생: 39
17:09:29.238 [pool-28-thread-1] DEBUG com.fbp.engine.node.TimerNode -- [timer] Timer 틱 발생: 40
17:09:29.247 [pool-28-thread-1] DEBUG com.fbp.engine.node.TimerNode -- [timer] Timer 틱 발생: 41
17:09:29.258 [pool-28-thread-1] DEBUG com.fbp.engine.node.TimerNode -- [timer] Timer 틱 발생: 42
17:09:29.267 [pool-28-thread-1] DEBUG com.fbp.engine.node.TimerNode -- [timer] Timer 틱 발생: 43
17:09:29.278 [pool-28-thread-1] DEBUG com.fbp.engine.node.TimerNode -- [timer] Timer 틱 발생: 44
17:09:29.288 [pool-28-thread-1] DEBUG com.fbp.engine.node.TimerNode -- [timer] Timer 틱 발생: 45
17:09:29.296 [pool-28-thread-1] DEBUG com.fbp.engine.node.TimerNode -- [timer] Timer 틱 발생: 46
17:09:29.308 [pool-28-thread-1] DEBUG com.fbp.engine.node.TimerNode -- [timer] Timer 틱 발생: 47
17:09:29.318 [pool-28-thread-1] DEBUG com.fbp.engine.node.TimerNode -- [timer] Timer 틱 발생: 48
17:09:29.327 [pool-28-thread-1] DEBUG com.fbp.engine.node.TimerNode -- [timer] Timer 틱 발생: 49
17:09:29.338 [pool-28-thread-1] DEBUG com.fbp.engine.node.TimerNode -- [timer] Timer 틱 발생: 50
17:09:29.341 [main] INFO com.fbp.engine.node.TimerNode -- [timer] Timer 종료
]]></system-out>
  </testcase>
  <testcase name="test3" classname="com.fbp.engine.integration.TemperatureMonitoringFlowTest" time="0.507">
    <system-out><![CDATA[17:09:29.344 [main] INFO com.fbp.engine.core.FlowEngine -- [Engine] Flow integrated-test를 등록됨
17:09:29.344 [main] INFO com.fbp.engine.node.TimerNode -- [timer] Timer 시작 (주기: 10ms)
17:09:29.345 [pool-30-thread-1] DEBUG com.fbp.engine.node.TimerNode -- [timer] Timer 틱 발생: 0
17:09:29.345 [main] INFO com.fbp.engine.core.FlowEngine -- Engine] 플로우 'integrated-test' 시작됨
17:09:29.357 [pool-30-thread-1] DEBUG com.fbp.engine.node.TimerNode -- [timer] Timer 틱 발생: 1
17:09:29.366 [pool-30-thread-1] DEBUG com.fbp.engine.node.TimerNode -- [timer] Timer 틱 발생: 2
17:09:29.377 [pool-30-thread-1] DEBUG com.fbp.engine.node.TimerNode -- [timer] Timer 틱 발생: 3
17:09:29.385 [pool-30-thread-1] DEBUG com.fbp.engine.node.TimerNode -- [timer] Timer 틱 발생: 4
17:09:29.397 [pool-30-thread-1] DEBUG com.fbp.engine.node.TimerNode -- [timer] Timer 틱 발생: 5
17:09:29.406 [pool-30-thread-1] DEBUG com.fbp.engine.node.TimerNode -- [timer] Timer 틱 발생: 6
17:09:29.417 [pool-30-thread-1] DEBUG com.fbp.engine.node.TimerNode -- [timer] Timer 틱 발생: 7
17:09:29.427 [pool-30-thread-1] DEBUG com.fbp.engine.node.TimerNode -- [timer] Timer 틱 발생: 8
17:09:29.436 [pool-30-thread-1] DEBUG com.fbp.engine.node.TimerNode -- [timer] Timer 틱 발생: 9
17:09:29.445 [pool-30-thread-1] DEBUG com.fbp.engine.node.TimerNode -- [timer] Timer 틱 발생: 10
17:09:29.457 [pool-30-thread-1] DEBUG com.fbp.engine.node.TimerNode -- [timer] Timer 틱 발생: 11
17:09:29.466 [pool-30-thread-1] DEBUG com.fbp.engine.node.TimerNode -- [timer] Timer 틱 발생: 12
17:09:29.477 [pool-30-thread-1] DEBUG com.fbp.engine.node.TimerNode -- [timer] Timer 틱 발생: 13
17:09:29.486 [pool-30-thread-1] DEBUG com.fbp.engine.node.TimerNode -- [timer] Timer 틱 발생: 14
17:09:29.497 [pool-30-thread-1] DEBUG com.fbp.engine.node.TimerNode -- [timer] Timer 틱 발생: 15
17:09:29.507 [pool-30-thread-1] DEBUG com.fbp.engine.node.TimerNode -- [timer] Timer 틱 발생: 16
17:09:29.515 [pool-30-thread-1] DEBUG com.fbp.engine.node.TimerNode -- [timer] Timer 틱 발생: 17
17:09:29.527 [pool-30-thread-1] DEBUG com.fbp.engine.node.TimerNode -- [timer] Timer 틱 발생: 18
17:09:29.536 [pool-30-thread-1] DEBUG com.fbp.engine.node.TimerNode -- [timer] Timer 틱 발생: 19
17:09:29.547 [pool-30-thread-1] DEBUG com.fbp.engine.node.TimerNode -- [timer] Timer 틱 발생: 20
17:09:29.556 [pool-30-thread-1] DEBUG com.fbp.engine.node.TimerNode -- [timer] Timer 틱 발생: 21
17:09:29.567 [pool-30-thread-1] DEBUG com.fbp.engine.node.TimerNode -- [timer] Timer 틱 발생: 22
17:09:29.576 [pool-30-thread-1] DEBUG com.fbp.engine.node.TimerNode -- [timer] Timer 틱 발생: 23
17:09:29.587 [pool-30-thread-1] DEBUG com.fbp.engine.node.TimerNode -- [timer] Timer 틱 발생: 24
17:09:29.596 [pool-30-thread-1] DEBUG com.fbp.engine.node.TimerNode -- [timer] Timer 틱 발생: 25
17:09:29.607 [pool-30-thread-1] DEBUG com.fbp.engine.node.TimerNode -- [timer] Timer 틱 발생: 26
17:09:29.617 [pool-30-thread-1] DEBUG com.fbp.engine.node.TimerNode -- [timer] Timer 틱 발생: 27
17:09:29.627 [pool-30-thread-1] DEBUG com.fbp.engine.node.TimerNode -- [timer] Timer 틱 발생: 28
17:09:29.637 [pool-30-thread-1] DEBUG com.fbp.engine.node.TimerNode -- [timer] Timer 틱 발생: 29
17:09:29.646 [pool-30-thread-1] DEBUG com.fbp.engine.node.TimerNode -- [timer] Timer 틱 발생: 30
17:09:29.655 [pool-30-thread-1] DEBUG com.fbp.engine.node.TimerNode -- [timer] Timer 틱 발생: 31
17:09:29.667 [pool-30-thread-1] DEBUG com.fbp.engine.node.TimerNode -- [timer] Timer 틱 발생: 32
17:09:29.676 [pool-30-thread-1] DEBUG com.fbp.engine.node.TimerNode -- [timer] Timer 틱 발생: 33
17:09:29.686 [pool-30-thread-1] DEBUG com.fbp.engine.node.TimerNode -- [timer] Timer 틱 발생: 34
17:09:29.697 [pool-30-thread-1] DEBUG com.fbp.engine.node.TimerNode -- [timer] Timer 틱 발생: 35
17:09:29.706 [pool-30-thread-1] DEBUG com.fbp.engine.node.TimerNode -- [timer] Timer 틱 발생: 36
17:09:29.716 [pool-30-thread-1] DEBUG com.fbp.engine.node.TimerNode -- [timer] Timer 틱 발생: 37
17:09:29.726 [pool-30-thread-1] DEBUG com.fbp.engine.node.TimerNode -- [timer] Timer 틱 발생: 38
17:09:29.736 [pool-30-thread-1] DEBUG com.fbp.engine.node.TimerNode -- [timer] Timer 틱 발생: 39
17:09:29.747 [pool-30-thread-1] DEBUG com.fbp.engine.node.TimerNode -- [timer] Timer 틱 발생: 40
17:09:29.756 [pool-30-thread-1] DEBUG com.fbp.engine.node.TimerNode -- [timer] Timer 틱 발생: 41
17:09:29.767 [pool-30-thread-1] DEBUG com.fbp.engine.node.TimerNode -- [timer] Timer 틱 발생: 42
17:09:29.776 [pool-30-thread-1] DEBUG com.fbp.engine.node.TimerNode -- [timer] Timer 틱 발생: 43
17:09:29.787 [pool-30-thread-1] DEBUG com.fbp.engine.node.TimerNode -- [timer] Timer 틱 발생: 44
17:09:29.795 [pool-30-thread-1] DEBUG com.fbp.engine.node.TimerNode -- [timer] Timer 틱 발생: 45
17:09:29.805 [pool-30-thread-1] DEBUG com.fbp.engine.node.TimerNode -- [timer] Timer 틱 발생: 46
17:09:29.817 [pool-30-thread-1] DEBUG com.fbp.engine.node.TimerNode -- [timer] Timer 틱 발생: 47
17:09:29.826 [pool-30-thread-1] DEBUG com.fbp.engine.node.TimerNode -- [timer] Timer 틱 발생: 48
17:09:29.837 [pool-30-thread-1] DEBUG com.fbp.engine.node.TimerNode -- [timer] Timer 틱 발생: 49
17:09:29.847 [pool-30-thread-1] DEBUG com.fbp.engine.node.TimerNode -- [timer] Timer 틱 발생: 50
17:09:29.849 [main] INFO com.fbp.engine.node.TimerNode -- [timer] Timer 종료
]]></system-out>
  </testcase>
</testsuite>