<?xml version="1.0" encoding="UTF-8"?>
<testsuite xmlns:xsi="http://www.w3.org/2001/XMLSchema-instance" xsi:noNamespaceSchemaLocation="https://maven.apache.org/surefire/maven-surefire-plugin/xsd/surefire-test-report.xsd" version="3.0.1" name="com.fbp.engine.integration.FinalIntegrationTest" time="7.062" tests="7" errors="0" skipped="0" failures="0">
  <properties>
[...]
</properties>
  <testcase name="test1" classname="com.fbp.engine.integration.FinalIntegrationTest" time="1.01">
    <system-out><![CDATA[14:20:00.200 [main] INFO com.fbp.engine.core.FlowEngine -- [Engine] Flow final-test를 등록됨
14:20:00.201 [main] INFO com.fbp.engine.node.TimerNode -- [timer] Timer 시작 (주기: 10ms)
14:20:00.202 [pool-2-thread-1] DEBUG com.fbp.engine.node.TimerNode -- [timer] Timer 틱 발생: 0
14:20:00.202 [main] INFO com.fbp.engine.node.FileWriterNode -- [file-writer] 파일 쓰기 준비 완료: test_final_normal_temp.txt
14:20:00.202 [main] INFO com.fbp.engine.core.FlowEngine -- Engine] 플로우 'final-test' 시작됨
14:20:00.213 [pool-2-thread-1] DEBUG com.fbp.engine.node.TimerNode -- [timer] Timer 틱 발생: 1
14:20:00.213 [Thread-3] INFO com.fbp.engine.node.AbstractNode -- [sensor] processing message...
14:20:00.213 [Thread-4] INFO com.fbp.engine.node.AbstractNode -- [filter] processing message...
14:20:00.213 [Thread-5] INFO com.fbp.engine.node.AbstractNode -- [total-collector] processing message...
14:20:00.213 [Thread-6] INFO com.fbp.engine.node.AbstractNode -- [alert-collector] processing message...
14:20:00.223 [pool-2-thread-1] DEBUG com.fbp.engine.node.TimerNode -- [timer] Timer 틱 발생: 2
14:20:00.224 [Thread-3] INFO com.fbp.engine.node.AbstractNode -- [sensor] processing message...
14:20:00.224 [Thread-4] INFO com.fbp.engine.node.AbstractNode -- [filter] processing message...
14:20:00.224 [Thread-5] INFO com.fbp.engine.node.AbstractNode -- [total-collector] processing message...
14:20:00.224 [Thread-8] INFO com.fbp.engine.node.AbstractNode -- [file-writer] processing message...
14:20:00.224 [Thread-7] INFO com.fbp.engine.node.AbstractNode -- [normal-collector] processing message...
14:20:00.233 [pool-2-thread-1] DEBUG com.fbp.engine.node.TimerNode -- [timer] Timer 틱 발생: 3
14:20:00.233 [Thread-3] INFO com.fbp.engine.node.AbstractNode -- [sensor] processing message...
14:20:00.233 [Thread-5] INFO com.fbp.engine.node.AbstractNode -- [total-collector] processing message...
14:20:00.233 [Thread-4] INFO com.fbp.engine.node.AbstractNode -- [filter] processing message...
14:20:00.234 [Thread-7] INFO com.fbp.engine.node.AbstractNode -- [normal-collector] processing message...
14:20:00.234 [Thread-8] INFO com.fbp.engine.node.AbstractNode -- [file-writer] processing message...
14:20:00.243 [pool-2-thread-1] DEBUG com.fbp.engine.node.TimerNode -- [timer] Timer 틱 발생: 4
14:20:00.243 [Thread-3] INFO com.fbp.engine.node.AbstractNode -- [sensor] processing message...
14:20:00.243 [Thread-5] INFO com.fbp.engine.node.AbstractNode -- [total-collector] processing message...
14:20:00.243 [Thread-4] INFO com.fbp.engine.node.AbstractNode -- [filter] processing message...
14:20:00.244 [Thread-7] INFO com.fbp.engine.node.AbstractNode -- [normal-collector] processing message...
14:20:00.244 [Thread-8] INFO com.fbp.engine.node.AbstractNode -- [file-writer] processing message...
14:20:00.253 [pool-2-thread-1] DEBUG com.fbp.engine.node.TimerNode -- [timer] Timer 틱 발생: 5
14:20:00.253 [Thread-3] INFO com.fbp.engine.node.AbstractNode -- [sensor] processing message...
14:20:00.254 [Thread-5] INFO com.fbp.engine.node.AbstractNode -- [total-collector] processing message...
14:20:00.254 [Thread-4] INFO com.fbp.engine.node.AbstractNode -- [filter] processing message...
14:20:00.254 [Thread-7] INFO com.fbp.engine.node.AbstractNode -- [normal-collector] processing message...
14:20:00.254 [Thread-8] INFO com.fbp.engine.node.AbstractNode -- [file-writer] processing message...
14:20:00.263 [pool-2-thread-1] DEBUG com.fbp.engine.node.TimerNode -- [timer] Timer 틱 발생: 6
14:20:00.263 [Thread-3] INFO com.fbp.engine.node.AbstractNode -- [sensor] processing message...
14:20:00.264 [Thread-5] INFO com.fbp.engine.node.AbstractNode -- [total-collector] processing message...
14:20:00.264 [Thread-4] INFO com.fbp.engine.node.AbstractNode -- [filter] processing message...
14:20:00.264 [Thread-6] INFO com.fbp.engine.node.AbstractNode -- [alert-collector] processing message...
14:20:00.273 [pool-2-thread-1] DEBUG com.fbp.engine.node.TimerNode -- [timer] Timer 틱 발생: 7
14:20:00.273 [Thread-3] INFO com.fbp.engine.node.AbstractNode -- [sensor] processing message...
14:20:00.274 [Thread-4] INFO com.fbp.engine.node.AbstractNode -- [filter] processing message...
14:20:00.274 [Thread-5] INFO com.fbp.engine.node.AbstractNode -- [total-collector] processing message...
14:20:00.274 [Thread-6] INFO com.fbp.engine.node.AbstractNode -- [alert-collector] processing message...
14:20:00.283 [pool-2-thread-1] DEBUG com.fbp.engine.node.TimerNode -- [timer] Timer 틱 발생: 8
14:20:00.283 [Thread-3] INFO com.fbp.engine.node.AbstractNode -- [sensor] processing message...
14:20:00.283 [Thread-5] INFO com.fbp.engine.node.AbstractNode -- [total-collector] processing message...
14:20:00.283 [Thread-4] INFO com.fbp.engine.node.AbstractNode -- [filter] processing message...
14:20:00.284 [Thread-7] INFO com.fbp.engine.node.AbstractNode -- [normal-collector] processing message...
14:20:00.284 [Thread-8] INFO com.fbp.engine.node.AbstractNode -- [file-writer] processing message...
14:20:00.293 [pool-2-thread-1] DEBUG com.fbp.engine.node.TimerNode -- [timer] Timer 틱 발생: 9
14:20:00.293 [Thread-3] INFO com.fbp.engine.node.AbstractNode -- [sensor] processing message...
14:20:00.294 [Thread-5] INFO com.fbp.engine.node.AbstractNode -- [total-collector] processing message...
14:20:00.294 [Thread-4] INFO com.fbp.engine.node.AbstractNode -- [filter] processing message...
14:20:00.294 [Thread-7] INFO com.fbp.engine.node.AbstractNode -- [normal-collector] processing message...
14:20:00.294 [Thread-8] INFO com.fbp.engine.node.AbstractNode -- [file-writer] processing message...
14:20:00.303 [pool-2-thread-1] DEBUG com.fbp.engine.node.TimerNode -- [timer] Timer 틱 발생: 10
14:20:00.303 [Thread-3] INFO com.fbp.engine.node.AbstractNode -- [sensor] processing message...
14:20:00.303 [Thread-4] INFO com.fbp.engine.node.AbstractNode -- [filter] processing message...
14:20:00.303 [Thread-5] INFO com.fbp.engine.node.AbstractNode -- [total-collector] processing message...
14:20:00.304 [Thread-6] INFO com.fbp.engine.node.AbstractNode -- [alert-collector] processing message...
14:20:00.313 [pool-2-thread-1] DEBUG com.fbp.engine.node.TimerNode -- [timer] Timer 틱 발생: 11
14:20:00.313 [Thread-3] INFO com.fbp.engine.node.AbstractNode -- [sensor] processing message...
14:20:00.314 [Thread-5] INFO com.fbp.engine.node.AbstractNode -- [total-collector] processing message...
14:20:00.314 [Thread-4] INFO com.fbp.engine.node.AbstractNode -- [filter] processing message...
14:20:00.314 [Thread-6] INFO com.fbp.engine.node.AbstractNode -- [alert-collector] processing message...
14:20:00.323 [pool-2-thread-1] DEBUG com.fbp.engine.node.TimerNode -- [timer] Timer 틱 발생: 12
14:20:00.323 [Thread-3] INFO com.fbp.engine.node.AbstractNode -- [sensor] processing message...
14:20:00.324 [Thread-4] INFO com.fbp.engine.node.AbstractNode -- [filter] processing message...
14:20:00.324 [Thread-5] INFO com.fbp.engine.node.AbstractNode -- [total-collector] processing message...
14:20:00.324 [Thread-6] INFO com.fbp.engine.node.AbstractNode -- [alert-collector] processing message...
14:20:00.332 [pool-2-thread-1] DEBUG com.fbp.engine.node.TimerNode -- [timer] Timer 틱 발생: 13
14:20:00.332 [Thread-3] INFO com.fbp.engine.node.AbstractNode -- [sensor] processing message...
14:20:00.332 [Thread-4] INFO com.fbp.engine.node.AbstractNode -- [filter] processing message...
14:20:00.332 [Thread-5] INFO com.fbp.engine.node.AbstractNode -- [total-collector] processing message...
14:20:00.332 [Thread-6] INFO com.fbp.engine.node.AbstractNode -- [alert-collector] processing message...
14:20:00.344 [pool-2-thread-1] DEBUG com.fbp.engine.node.TimerNode -- [timer] Timer 틱 발생: 14
14:20:00.344 [Thread-3] INFO com.fbp.engine.node.AbstractNode -- [sensor] processing message...
14:20:00.344 [Thread-4] INFO com.fbp.engine.node.AbstractNode -- [filter] processing message...
14:20:00.344 [Thread-5] INFO com.fbp.engine.node.AbstractNode -- [total-collector] processing message...
14:20:00.344 [Thread-7] INFO com.fbp.engine.node.AbstractNode -- [normal-collector] processing message...
14:20:00.344 [Thread-8] INFO com.fbp.engine.node.AbstractNode -- [file-writer] processing message...
14:20:00.353 [pool-2-thread-1] DEBUG com.fbp.engine.node.TimerNode -- [timer] Timer 틱 발생: 15
14:20:00.353 [Thread-3] INFO com.fbp.engine.node.AbstractNode -- [sensor] processing message...
14:20:00.354 [Thread-4] INFO com.fbp.engine.node.AbstractNode -- [filter] processing message...
14:20:00.354 [Thread-5] INFO com.fbp.engine.node.AbstractNode -- [total-collector] processing message...
14:20:00.354 [Thread-7] INFO com.fbp.engine.node.AbstractNode -- [normal-collector] processing message...
14:20:00.354 [Thread-8] INFO com.fbp.engine.node.AbstractNode -- [file-writer] processing message...
14:20:00.363 [pool-2-thread-1] DEBUG com.fbp.engine.node.TimerNode -- [timer] Timer 틱 발생: 16
14:20:00.363 [Thread-3] INFO com.fbp.engine.node.AbstractNode -- [sensor] processing message...
14:20:00.363 [Thread-4] INFO com.fbp.engine.node.AbstractNode -- [filter] processing message...
14:20:00.363 [Thread-5] INFO com.fbp.engine.node.AbstractNode -- [total-collector] processing message...
14:20:00.363 [Thread-6] INFO com.fbp.engine.node.AbstractNode -- [alert-collector] processing message...
14:20:00.374 [pool-2-thread-1] DEBUG com.fbp.engine.node.TimerNode -- [timer] Timer 틱 발생: 17
14:20:00.374 [Thread-3] INFO com.fbp.engine.node.AbstractNode -- [sensor] processing message...
14:20:00.374 [Thread-4] INFO com.fbp.engine.node.AbstractNode -- [filter] processing message...
14:20:00.374 [Thread-5] INFO com.fbp.engine.node.AbstractNode -- [total-collector] processing message...
14:20:00.374 [Thread-6] INFO com.fbp.engine.node.AbstractNode -- [alert-collector] processing message...
14:20:00.382 [pool-2-thread-1] DEBUG com.fbp.engine.node.TimerNode -- [timer] Timer 틱 발생: 18
14:20:00.383 [Thread-3] INFO com.fbp.engine.node.AbstractNode -- [sensor] processing message...
14:20:00.383 [Thread-5] INFO com.fbp.engine.node.AbstractNode -- [total-collector] processing message...
14:20:00.383 [Thread-4] INFO com.fbp.engine.node.AbstractNode -- [filter] processing message...
14:20:00.383 [Thread-6] INFO com.fbp.engine.node.AbstractNode -- [alert-collector] processing message...
14:20:00.394 [pool-2-thread-1] DEBUG com.fbp.engine.node.TimerNode -- [timer] Timer 틱 발생: 19
14:20:00.394 [Thread-3] INFO com.fbp.engine.node.AbstractNode -- [sensor] processing message...
14:20:00.394 [Thread-4] INFO com.fbp.engine.node.AbstractNode -- [filter] processing message...
14:20:00.394 [Thread-5] INFO com.fbp.engine.node.AbstractNode -- [total-collector] processing message...
14:20:00.394 [Thread-7] INFO com.fbp.engine.node.AbstractNode -- [normal-collector] processing message...
14:20:00.394 [Thread-8] INFO com.fbp.engine.node.AbstractNode -- [file-writer] processing message...
14:20:00.402 [pool-2-thread-1] DEBUG com.fbp.engine.node.TimerNode -- [timer] Timer 틱 발생: 20
14:20:00.403 [Thread-3] INFO com.fbp.engine.node.AbstractNode -- [sensor] processing message...
14:20:00.403 [Thread-4] INFO com.fbp.engine.node.AbstractNode -- [filter] processing message...
14:20:00.403 [Thread-8] INFO com.fbp.engine.node.AbstractNode -- [file-writer] processing message...
14:20:00.403 [Thread-5] INFO com.fbp.engine.node.AbstractNode -- [total-collector] processing message...
14:20:00.403 [Thread-7] INFO com.fbp.engine.node.AbstractNode -- [normal-collector] processing message...
14:20:00.413 [pool-2-thread-1] DEBUG com.fbp.engine.node.TimerNode -- [timer] Timer 틱 발생: 21
14:20:00.413 [Thread-3] INFO com.fbp.engine.node.AbstractNode -- [sensor] processing message...
14:20:00.413 [Thread-5] INFO com.fbp.engine.node.AbstractNode -- [total-collector] processing message...
14:20:00.413 [Thread-4] INFO com.fbp.engine.node.AbstractNode -- [filter] processing message...
14:20:00.413 [Thread-7] INFO com.fbp.engine.node.AbstractNode -- [normal-collector] processing message...
14:20:00.413 [Thread-8] INFO com.fbp.engine.node.AbstractNode -- [file-writer] processing message...
14:20:00.423 [pool-2-thread-1] DEBUG com.fbp.engine.node.TimerNode -- [timer] Timer 틱 발생: 22
14:20:00.423 [Thread-3] INFO com.fbp.engine.node.AbstractNode -- [sensor] processing message...
14:20:00.423 [Thread-4] INFO com.fbp.engine.node.AbstractNode -- [filter] processing message...
14:20:00.423 [Thread-5] INFO com.fbp.engine.node.AbstractNode -- [total-collector] processing message...
14:20:00.423 [Thread-6] INFO com.fbp.engine.node.AbstractNode -- [alert-collector] processing message...
14:20:00.432 [pool-2-thread-1] DEBUG com.fbp.engine.node.TimerNode -- [timer] Timer 틱 발생: 23
14:20:00.432 [Thread-3] INFO com.fbp.engine.node.AbstractNode -- [sensor] processing message...
14:20:00.432 [Thread-4] INFO com.fbp.engine.node.AbstractNode -- [filter] processing message...
14:20:00.432 [Thread-5] INFO com.fbp.engine.node.AbstractNode -- [total-collector] processing message...
14:20:00.432 [Thread-7] INFO com.fbp.engine.node.AbstractNode -- [normal-collector] processing message...
14:20:00.432 [Thread-8] INFO com.fbp.engine.node.AbstractNode -- [file-writer] processing message...
14:20:00.444 [pool-2-thread-1] DEBUG com.fbp.engine.node.TimerNode -- [timer] Timer 틱 발생: 24
14:20:00.444 [Thread-3] INFO com.fbp.engine.node.AbstractNode -- [sensor] processing message...
14:20:00.444 [Thread-4] INFO com.fbp.engine.node.AbstractNode -- [filter] processing message...
14:20:00.444 [Thread-5] INFO com.fbp.engine.node.AbstractNode -- [total-collector] processing message...
14:20:00.444 [Thread-7] INFO com.fbp.engine.node.AbstractNode -- [normal-collector] processing message...
14:20:00.444 [Thread-8] INFO com.fbp.engine.node.AbstractNode -- [file-writer] processing message...
14:20:00.453 [pool-2-thread-1] DEBUG com.fbp.engine.node.TimerNode -- [timer] Timer 틱 발생: 25
14:20:00.453 [Thread-3] INFO com.fbp.engine.node.AbstractNode -- [sensor] processing message...
14:20:00.453 [Thread-4] INFO com.fbp.engine.node.AbstractNode -- [filter] processing message...
14:20:00.453 [Thread-5] INFO com.fbp.engine.node.AbstractNode -- [total-collector] processing message...
14:20:00.453 [Thread-6] INFO com.fbp.engine.node.AbstractNode -- [alert-collector] processing message...
14:20:00.463 [pool-2-thread-1] DEBUG com.fbp.engine.node.TimerNode -- [timer] Timer 틱 발생: 26
14:20:00.463 [Thread-3] INFO com.fbp.engine.node.AbstractNode -- [sensor] processing message...
14:20:00.463 [Thread-4] INFO com.fbp.engine.node.AbstractNode -- [filter] processing message...
14:20:00.463 [Thread-5] INFO com.fbp.engine.node.AbstractNode -- [total-collector] processing message...
14:20:00.463 [Thread-6] INFO com.fbp.engine.node.AbstractNode -- [alert-collector] processing message...
14:20:00.473 [pool-2-thread-1] DEBUG com.fbp.engine.node.TimerNode -- [timer] Timer 틱 발생: 27
14:20:00.474 [Thread-3] INFO com.fbp.engine.node.AbstractNode -- [sensor] processing message...
14:20:00.474 [Thread-4] INFO com.fbp.engine.node.AbstractNode -- [filter] processing message...
14:20:00.474 [Thread-5] INFO com.fbp.engine.node.AbstractNode -- [total-collector] processing message...
14:20:00.474 [Thread-7] INFO com.fbp.engine.node.AbstractNode -- [normal-collector] processing message...
14:20:00.474 [Thread-8] INFO com.fbp.engine.node.AbstractNode -- [file-writer] processing message...
14:20:00.483 [pool-2-thread-1] DEBUG com.fbp.engine.node.TimerNode -- [timer] Timer 틱 발생: 28
14:20:00.483 [Thread-3] INFO com.fbp.engine.node.AbstractNode -- [sensor] processing message...
14:20:00.484 [Thread-5] INFO com.fbp.engine.node.AbstractNode -- [total-collector] processing message...
14:20:00.484 [Thread-4] INFO com.fbp.engine.node.AbstractNode -- [filter] processing message...
14:20:00.484 [Thread-7] INFO com.fbp.engine.node.AbstractNode -- [normal-collector] processing message...
14:20:00.484 [Thread-8] INFO com.fbp.engine.node.AbstractNode -- [file-writer] processing message...
14:20:00.493 [pool-2-thread-1] DEBUG com.fbp.engine.node.TimerNode -- [timer] Timer 틱 발생: 29
14:20:00.493 [Thread-3] INFO com.fbp.engine.node.AbstractNode -- [sensor] processing message...
14:20:00.494 [Thread-5] INFO com.fbp.engine.node.AbstractNode -- [total-collector] processing message...
14:20:00.494 [Thread-4] INFO com.fbp.engine.node.AbstractNode -- [filter] processing message...
14:20:00.494 [Thread-7] INFO com.fbp.engine.node.AbstractNode -- [normal-collector] processing message...
14:20:00.494 [Thread-8] INFO com.fbp.engine.node.AbstractNode -- [file-writer] processing message...
14:20:00.503 [pool-2-thread-1] DEBUG com.fbp.engine.node.TimerNode -- [timer] Timer 틱 발생: 30
14:20:00.503 [Thread-3] INFO com.fbp.engine.node.AbstractNode -- [sensor] processing message...
14:20:00.503 [Thread-4] INFO com.fbp.engine.node.AbstractNode -- [filter] processing message...
14:20:00.503 [Thread-5] INFO com.fbp.engine.node.AbstractNode -- [total-collector] processing message...
14:20:00.503 [Thread-7] INFO com.fbp.engine.node.AbstractNode -- [normal-collector] processing message...
14:20:00.503 [Thread-8] INFO com.fbp.engine.node.AbstractNode -- [file-writer] processing message...
14:20:00.513 [pool-2-thread-1] DEBUG com.fbp.engine.node.TimerNode -- [timer] Timer 틱 발생: 31
14:20:00.514 [Thread-3] INFO com.fbp.engine.node.AbstractNode -- [sensor] processing message...
14:20:00.514 [Thread-4] INFO com.fbp.engine.node.AbstractNode -- [filter] processing message...
14:20:00.514 [Thread-5] INFO com.fbp.engine.node.AbstractNode -- [total-collector] processing message...
14:20:00.514 [Thread-6] INFO com.fbp.engine.node.AbstractNode -- [alert-collector] processing message...
14:20:00.523 [pool-2-thread-1] DEBUG com.fbp.engine.node.TimerNode -- [timer] Timer 틱 발생: 32
14:20:00.523 [Thread-3] INFO com.fbp.engine.node.AbstractNode -- [sensor] processing message...
14:20:00.524 [Thread-4] INFO com.fbp.engine.node.AbstractNode -- [filter] processing message...
14:20:00.524 [Thread-5] INFO com.fbp.engine.node.AbstractNode -- [total-collector] processing message...
14:20:00.524 [Thread-7] INFO com.fbp.engine.node.AbstractNode -- [normal-collector] processing message...
14:20:00.524 [Thread-8] INFO com.fbp.engine.node.AbstractNode -- [file-writer] processing message...
14:20:00.533 [pool-2-thread-1] DEBUG com.fbp.engine.node.TimerNode -- [timer] Timer 틱 발생: 33
14:20:00.533 [Thread-3] INFO com.fbp.engine.node.AbstractNode -- [sensor] processing message...
14:20:00.534 [Thread-4] INFO com.fbp.engine.node.AbstractNode -- [filter] processing message...
14:20:00.534 [Thread-5] INFO com.fbp.engine.node.AbstractNode -- [total-collector] processing message...
14:20:00.534 [Thread-7] INFO com.fbp.engine.node.AbstractNode -- [normal-collector] processing message...
14:20:00.534 [Thread-8] INFO com.fbp.engine.node.AbstractNode -- [file-writer] processing message...
14:20:00.543 [pool-2-thread-1] DEBUG com.fbp.engine.node.TimerNode -- [timer] Timer 틱 발생: 34
14:20:00.544 [Thread-3] INFO com.fbp.engine.node.AbstractNode -- [sensor] processing message...
14:20:00.544 [Thread-4] INFO com.fbp.engine.node.AbstractNode -- [filter] processing message...
14:20:00.544 [Thread-5] INFO com.fbp.engine.node.AbstractNode -- [total-collector] processing message...
14:20:00.544 [Thread-8] INFO com.fbp.engine.node.AbstractNode -- [file-writer] processing message...
14:20:00.544 [Thread-7] INFO com.fbp.engine.node.AbstractNode -- [normal-collector] processing message...
14:20:00.553 [pool-2-thread-1] DEBUG com.fbp.engine.node.TimerNode -- [timer] Timer 틱 발생: 35
14:20:00.554 [Thread-3] INFO com.fbp.engine.node.AbstractNode -- [sensor] processing message...
14:20:00.554 [Thread-4] INFO com.fbp.engine.node.AbstractNode -- [filter] processing message...
14:20:00.554 [Thread-5] INFO com.fbp.engine.node.AbstractNode -- [total-collector] processing message...
14:20:00.554 [Thread-7] INFO com.fbp.engine.node.AbstractNode -- [normal-collector] processing message...
14:20:00.554 [Thread-8] INFO com.fbp.engine.node.AbstractNode -- [file-writer] processing message...
14:20:00.563 [pool-2-thread-1] DEBUG com.fbp.engine.node.TimerNode -- [timer] Timer 틱 발생: 36
14:20:00.564 [Thread-3] INFO com.fbp.engine.node.AbstractNode -- [sensor] processing message...
14:20:00.564 [Thread-4] INFO com.fbp.engine.node.AbstractNode -- [filter] processing message...
14:20:00.564 [Thread-5] INFO com.fbp.engine.node.AbstractNode -- [total-collector] processing message...
14:20:00.564 [Thread-8] INFO com.fbp.engine.node.AbstractNode -- [file-writer] processing message...
14:20:00.564 [Thread-7] INFO com.fbp.engine.node.AbstractNode -- [normal-collector] processing message...
14:20:00.573 [pool-2-thread-1] DEBUG com.fbp.engine.node.TimerNode -- [timer] Timer 틱 발생: 37
14:20:00.574 [Thread-3] INFO com.fbp.engine.node.AbstractNode -- [sensor] processing message...
14:20:00.574 [Thread-5] INFO com.fbp.engine.node.AbstractNode -- [total-collector] processing message...
14:20:00.574 [Thread-4] INFO com.fbp.engine.node.AbstractNode -- [filter] processing message...
14:20:00.574 [Thread-6] INFO com.fbp.engine.node.AbstractNode -- [alert-collector] processing message...
14:20:00.583 [pool-2-thread-1] DEBUG com.fbp.engine.node.TimerNode -- [timer] Timer 틱 발생: 38
14:20:00.584 [Thread-3] INFO com.fbp.engine.node.AbstractNode -- [sensor] processing message...
14:20:00.584 [Thread-4] INFO com.fbp.engine.node.AbstractNode -- [filter] processing message...
14:20:00.584 [Thread-5] INFO com.fbp.engine.node.AbstractNode -- [total-collector] processing message...
14:20:00.584 [Thread-6] INFO com.fbp.engine.node.AbstractNode -- [alert-collector] processing message...
14:20:00.593 [pool-2-thread-1] DEBUG com.fbp.engine.node.TimerNode -- [timer] Timer 틱 발생: 39
14:20:00.594 [Thread-3] INFO com.fbp.engine.node.AbstractNode -- [sensor] processing message...
14:20:00.594 [Thread-4] INFO com.fbp.engine.node.AbstractNode -- [filter] processing message...
14:20:00.594 [Thread-5] INFO com.fbp.engine.node.AbstractNode -- [total-collector] processing message...
14:20:00.594 [Thread-7] INFO com.fbp.engine.node.AbstractNode -- [normal-collector] processing message...
14:20:00.594 [Thread-8] INFO com.fbp.engine.node.AbstractNode -- [file-writer] processing message...
14:20:00.603 [pool-2-thread-1] DEBUG com.fbp.engine.node.TimerNode -- [timer] Timer 틱 발생: 40
14:20:00.603 [Thread-3] INFO com.fbp.engine.node.AbstractNode -- [sensor] processing message...
14:20:00.604 [Thread-5] INFO com.fbp.engine.node.AbstractNode -- [total-collector] processing message...
14:20:00.604 [Thread-4] INFO com.fbp.engine.node.AbstractNode -- [filter] processing message...
14:20:00.604 [Thread-8] INFO com.fbp.engine.node.AbstractNode -- [file-writer] processing message...
14:20:00.604 [Thread-7] INFO com.fbp.engine.node.AbstractNode -- [normal-collector] processing message...
14:20:00.613 [pool-2-thread-1] DEBUG com.fbp.engine.node.TimerNode -- [timer] Timer 틱 발생: 41
14:20:00.614 [Thread-3] INFO com.fbp.engine.node.AbstractNode -- [sensor] processing message...
14:20:00.614 [Thread-4] INFO com.fbp.engine.node.AbstractNode -- [filter] processing message...
14:20:00.614 [Thread-5] INFO com.fbp.engine.node.AbstractNode -- [total-collector] processing message...
14:20:00.614 [Thread-7] INFO com.fbp.engine.node.AbstractNode -- [normal-collector] processing message...
14:20:00.614 [Thread-8] INFO com.fbp.engine.node.AbstractNode -- [file-writer] processing message...
14:20:00.621 [pool-2-thread-1] DEBUG com.fbp.engine.node.TimerNode -- [timer] Timer 틱 발생: 42
14:20:00.622 [Thread-3] INFO com.fbp.engine.node.AbstractNode -- [sensor] processing message...
14:20:00.622 [Thread-4] INFO com.fbp.engine.node.AbstractNode -- [filter] processing message...
14:20:00.622 [Thread-5] INFO com.fbp.engine.node.AbstractNode -- [total-collector] processing message...
14:20:00.622 [Thread-6] INFO com.fbp.engine.node.AbstractNode -- [alert-collector] processing message...
14:20:00.634 [pool-2-thread-1] DEBUG com.fbp.engine.node.TimerNode -- [timer] Timer 틱 발생: 43
14:20:00.634 [Thread-3] INFO com.fbp.engine.node.AbstractNode -- [sensor] processing message...
14:20:00.634 [Thread-5] INFO com.fbp.engine.node.AbstractNode -- [total-collector] processing message...
14:20:00.634 [Thread-4] INFO com.fbp.engine.node.AbstractNode -- [filter] processing message...
14:20:00.634 [Thread-7] INFO com.fbp.engine.node.AbstractNode -- [normal-collector] processing message...
14:20:00.634 [Thread-8] INFO com.fbp.engine.node.AbstractNode -- [file-writer] processing message...
14:20:00.643 [pool-2-thread-1] DEBUG com.fbp.engine.node.TimerNode -- [timer] Timer 틱 발생: 44
14:20:00.643 [Thread-3] INFO com.fbp.engine.node.AbstractNode -- [sensor] processing message...
14:20:00.643 [Thread-4] INFO com.fbp.engine.node.AbstractNode -- [filter] processing message...
14:20:00.643 [Thread-5] INFO com.fbp.engine.node.AbstractNode -- [total-collector] processing message...
14:20:00.643 [Thread-8] INFO com.fbp.engine.node.AbstractNode -- [file-writer] processing message...
14:20:00.643 [Thread-7] INFO com.fbp.engine.node.AbstractNode -- [normal-collector] processing message...
14:20:00.653 [pool-2-thread-1] DEBUG com.fbp.engine.node.TimerNode -- [timer] Timer 틱 발생: 45
14:20:00.653 [Thread-3] INFO com.fbp.engine.node.AbstractNode -- [sensor] processing message...
14:20:00.654 [Thread-4] INFO com.fbp.engine.node.AbstractNode -- [filter] processing message...
14:20:00.654 [Thread-5] INFO com.fbp.engine.node.AbstractNode -- [total-collector] processing message...
14:20:00.654 [Thread-7] INFO com.fbp.engine.node.AbstractNode -- [normal-collector] processing message...
14:20:00.654 [Thread-8] INFO com.fbp.engine.node.AbstractNode -- [file-writer] processing message...
14:20:00.661 [pool-2-thread-1] DEBUG com.fbp.engine.node.TimerNode -- [timer] Timer 틱 발생: 46
14:20:00.662 [Thread-3] INFO com.fbp.engine.node.AbstractNode -- [sensor] processing message...
14:20:00.662 [Thread-4] INFO com.fbp.engine.node.AbstractNode -- [filter] processing message...
14:20:00.662 [Thread-5] INFO com.fbp.engine.node.AbstractNode -- [total-collector] processing message...
14:20:00.662 [Thread-8] INFO com.fbp.engine.node.AbstractNode -- [file-writer] processing message...
14:20:00.662 [Thread-7] INFO com.fbp.engine.node.AbstractNode -- [normal-collector] processing message...
14:20:00.674 [pool-2-thread-1] DEBUG com.fbp.engine.node.TimerNode -- [timer] Timer 틱 발생: 47
14:20:00.674 [Thread-3] INFO com.fbp.engine.node.AbstractNode -- [sensor] processing message...
14:20:00.674 [Thread-4] INFO com.fbp.engine.node.AbstractNode -- [filter] processing message...
14:20:00.674 [Thread-5] INFO com.fbp.engine.node.AbstractNode -- [total-collector] processing message...
14:20:00.674 [Thread-6] INFO com.fbp.engine.node.AbstractNode -- [alert-collector] processing message...
14:20:00.683 [pool-2-thread-1] DEBUG com.fbp.engine.node.TimerNode -- [timer] Timer 틱 발생: 48
14:20:00.683 [Thread-3] INFO com.fbp.engine.node.AbstractNode -- [sensor] processing message...
14:20:00.683 [Thread-4] INFO com.fbp.engine.node.AbstractNode -- [filter] processing message...
14:20:00.683 [Thread-5] INFO com.fbp.engine.node.AbstractNode -- [total-collector] processing message...
14:20:00.683 [Thread-6] INFO com.fbp.engine.node.AbstractNode -- [alert-collector] processing message...
14:20:00.692 [pool-2-thread-1] DEBUG com.fbp.engine.node.TimerNode -- [timer] Timer 틱 발생: 49
14:20:00.692 [Thread-3] INFO com.fbp.engine.node.AbstractNode -- [sensor] processing message...
14:20:00.692 [Thread-4] INFO com.fbp.engine.node.AbstractNode -- [filter] processing message...
14:20:00.692 [Thread-5] INFO com.fbp.engine.node.AbstractNode -- [total-collector] processing message...
14:20:00.693 [Thread-6] INFO com.fbp.engine.node.AbstractNode -- [alert-collector] processing message...
14:20:00.704 [pool-2-thread-1] DEBUG com.fbp.engine.node.TimerNode -- [timer] Timer 틱 발생: 50
14:20:00.704 [Thread-3] INFO com.fbp.engine.node.AbstractNode -- [sensor] processing message...
14:20:00.704 [Thread-4] INFO com.fbp.engine.node.AbstractNode -- [filter] processing message...
14:20:00.704 [Thread-5] INFO com.fbp.engine.node.AbstractNode -- [total-collector] processing message...
14:20:00.704 [Thread-8] INFO com.fbp.engine.node.AbstractNode -- [file-writer] processing message...
14:20:00.704 [Thread-7] INFO com.fbp.engine.node.AbstractNode -- [normal-collector] processing message...
14:20:00.713 [pool-2-thread-1] DEBUG com.fbp.engine.node.TimerNode -- [timer] Timer 틱 발생: 51
14:20:00.713 [Thread-3] INFO com.fbp.engine.node.AbstractNode -- [sensor] processing message...
14:20:00.713 [Thread-5] INFO com.fbp.engine.node.AbstractNode -- [total-collector] processing message...
14:20:00.713 [Thread-4] INFO com.fbp.engine.node.AbstractNode -- [filter] processing message...
14:20:00.714 [Thread-7] INFO com.fbp.engine.node.AbstractNode -- [normal-collector] processing message...
14:20:00.714 [Thread-8] INFO com.fbp.engine.node.AbstractNode -- [file-writer] processing message...
14:20:00.723 [pool-2-thread-1] DEBUG com.fbp.engine.node.TimerNode -- [timer] Timer 틱 발생: 52
14:20:00.724 [Thread-3] INFO com.fbp.engine.node.AbstractNode -- [sensor] processing message...
14:20:00.724 [Thread-4] INFO com.fbp.engine.node.AbstractNode -- [filter] processing message...
14:20:00.724 [Thread-5] INFO com.fbp.engine.node.AbstractNode -- [total-collector] processing message...
14:20:00.724 [Thread-7] INFO com.fbp.engine.node.AbstractNode -- [normal-collector] processing message...
14:20:00.724 [Thread-8] INFO com.fbp.engine.node.AbstractNode -- [file-writer] processing message...
14:20:00.733 [pool-2-thread-1] DEBUG com.fbp.engine.node.TimerNode -- [timer] Timer 틱 발생: 53
14:20:00.733 [Thread-3] INFO com.fbp.engine.node.AbstractNode -- [sensor] processing message...
14:20:00.734 [Thread-5] INFO com.fbp.engine.node.AbstractNode -- [total-collector] processing message...
14:20:00.734 [Thread-4] INFO com.fbp.engine.node.AbstractNode -- [filter] processing message...
14:20:00.734 [Thread-7] INFO com.fbp.engine.node.AbstractNode -- [normal-collector] processing message...
14:20:00.734 [Thread-8] INFO com.fbp.engine.node.AbstractNode -- [file-writer] processing message...
14:20:00.743 [pool-2-thread-1] DEBUG com.fbp.engine.node.TimerNode -- [timer] Timer 틱 발생: 54
14:20:00.744 [Thread-3] INFO com.fbp.engine.node.AbstractNode -- [sensor] processing message...
14:20:00.744 [Thread-4] INFO com.fbp.engine.node.AbstractNode -- [filter] processing message...
14:20:00.744 [Thread-5] INFO com.fbp.engine.node.AbstractNode -- [total-collector] processing message...
14:20:00.744 [Thread-6] INFO com.fbp.engine.node.AbstractNode -- [alert-collector] processing message...
14:20:00.753 [pool-2-thread-1] DEBUG com.fbp.engine.node.TimerNode -- [timer] Timer 틱 발생: 55
14:20:00.753 [Thread-3] INFO com.fbp.engine.node.AbstractNode -- [sensor] processing message...
14:20:00.753 [Thread-4] INFO com.fbp.engine.node.AbstractNode -- [filter] processing message...
14:20:00.753 [Thread-5] INFO com.fbp.engine.node.AbstractNode -- [total-collector] processing message...
14:20:00.753 [Thread-6] INFO com.fbp.engine.node.AbstractNode -- [alert-collector] processing message...
14:20:00.763 [pool-2-thread-1] DEBUG com.fbp.engine.node.TimerNode -- [timer] Timer 틱 발생: 56
14:20:00.764 [Thread-3] INFO com.fbp.engine.node.AbstractNode -- [sensor] processing message...
14:20:00.764 [Thread-4] INFO com.fbp.engine.node.AbstractNode -- [filter] processing message...
14:20:00.764 [Thread-5] INFO com.fbp.engine.node.AbstractNode -- [total-collector] processing message...
14:20:00.764 [Thread-7] INFO com.fbp.engine.node.AbstractNode -- [normal-collector] processing message...
14:20:00.764 [Thread-8] INFO com.fbp.engine.node.AbstractNode -- [file-writer] processing message...
14:20:00.773 [pool-2-thread-1] DEBUG com.fbp.engine.node.TimerNode -- [timer] Timer 틱 발생: 57
14:20:00.773 [Thread-3] INFO com.fbp.engine.node.AbstractNode -- [sensor] processing message...
14:20:00.774 [Thread-4] INFO com.fbp.engine.node.AbstractNode -- [filter] processing message...
14:20:00.774 [Thread-5] INFO com.fbp.engine.node.AbstractNode -- [total-collector] processing message...
14:20:00.774 [Thread-6] INFO com.fbp.engine.node.AbstractNode -- [alert-collector] processing message...
14:20:00.783 [pool-2-thread-1] DEBUG com.fbp.engine.node.TimerNode -- [timer] Timer 틱 발생: 58
14:20:00.783 [Thread-3] INFO com.fbp.engine.node.AbstractNode -- [sensor] processing message...
14:20:00.783 [Thread-4] INFO com.fbp.engine.node.AbstractNode -- [filter] processing message...
14:20:00.783 [Thread-5] INFO com.fbp.engine.node.AbstractNode -- [total-collector] processing message...
14:20:00.783 [Thread-7] INFO com.fbp.engine.node.AbstractNode -- [normal-collector] processing message...
14:20:00.783 [Thread-8] INFO com.fbp.engine.node.AbstractNode -- [file-writer] processing message...
14:20:00.793 [pool-2-thread-1] DEBUG com.fbp.engine.node.TimerNode -- [timer] Timer 틱 발생: 59
14:20:00.794 [Thread-3] INFO com.fbp.engine.node.AbstractNode -- [sensor] processing message...
14:20:00.794 [Thread-4] INFO com.fbp.engine.node.AbstractNode -- [filter] processing message...
14:20:00.794 [Thread-5] INFO com.fbp.engine.node.AbstractNode -- [total-collector] processing message...
14:20:00.794 [Thread-6] INFO com.fbp.engine.node.AbstractNode -- [alert-collector] processing message...
14:20:00.805 [pool-2-thread-1] DEBUG com.fbp.engine.node.TimerNode -- [timer] Timer 틱 발생: 60
14:20:00.805 [Thread-3] INFO com.fbp.engine.node.AbstractNode -- [sensor] processing message...
14:20:00.805 [Thread-4] INFO com.fbp.engine.node.AbstractNode -- [filter] processing message...
14:20:00.805 [Thread-5] INFO com.fbp.engine.node.AbstractNode -- [total-collector] processing message...
14:20:00.805 [Thread-7] INFO com.fbp.engine.node.AbstractNode -- [normal-collector] processing message...
14:20:00.805 [Thread-8] INFO com.fbp.engine.node.AbstractNode -- [file-writer] processing message...
14:20:00.811 [pool-2-thread-1] DEBUG com.fbp.engine.node.TimerNode -- [timer] Timer 틱 발생: 61
14:20:00.812 [Thread-3] INFO com.fbp.engine.node.AbstractNode -- [sensor] processing message...
14:20:00.812 [Thread-4] INFO com.fbp.engine.node.AbstractNode -- [filter] processing message...
14:20:00.812 [Thread-5] INFO com.fbp.engine.node.AbstractNode -- [total-collector] processing message...
14:20:00.812 [Thread-7] INFO com.fbp.engine.node.AbstractNode -- [normal-collector] processing message...
14:20:00.812 [Thread-8] INFO com.fbp.engine.node.AbstractNode -- [file-writer] processing message...
14:20:00.824 [pool-2-thread-1] DEBUG com.fbp.engine.node.TimerNode -- [timer] Timer 틱 발생: 62
14:20:00.824 [Thread-3] INFO com.fbp.engine.node.AbstractNode -- [sensor] processing message...
14:20:00.824 [Thread-4] INFO com.fbp.engine.node.AbstractNode -- [filter] processing message...
14:20:00.824 [Thread-5] INFO com.fbp.engine.node.AbstractNode -- [total-collector] processing message...
14:20:00.824 [Thread-7] INFO com.fbp.engine.node.AbstractNode -- [normal-collector] processing message...
14:20:00.824 [Thread-8] INFO com.fbp.engine.node.AbstractNode -- [file-writer] processing message...
14:20:00.833 [pool-2-thread-1] DEBUG com.fbp.engine.node.TimerNode -- [timer] Timer 틱 발생: 63
14:20:00.833 [Thread-3] INFO com.fbp.engine.node.AbstractNode -- [sensor] processing message...
14:20:00.833 [Thread-4] INFO com.fbp.engine.node.AbstractNode -- [filter] processing message...
14:20:00.833 [Thread-5] INFO com.fbp.engine.node.AbstractNode -- [total-collector] processing message...
14:20:00.833 [Thread-6] INFO com.fbp.engine.node.AbstractNode -- [alert-collector] processing message...
14:20:00.843 [pool-2-thread-1] DEBUG com.fbp.engine.node.TimerNode -- [timer] Timer 틱 발생: 64
14:20:00.843 [Thread-3] INFO com.fbp.engine.node.AbstractNode -- [sensor] processing message...
14:20:00.843 [Thread-4] INFO com.fbp.engine.node.AbstractNode -- [filter] processing message...
14:20:00.843 [Thread-5] INFO com.fbp.engine.node.AbstractNode -- [total-collector] processing message...
14:20:00.843 [Thread-6] INFO com.fbp.engine.node.AbstractNode -- [alert-collector] processing message...
14:20:00.853 [pool-2-thread-1] DEBUG com.fbp.engine.node.TimerNode -- [timer] Timer 틱 발생: 65
14:20:00.853 [Thread-3] INFO com.fbp.engine.node.AbstractNode -- [sensor] processing message...
14:20:00.854 [Thread-4] INFO com.fbp.engine.node.AbstractNode -- [filter] processing message...
14:20:00.854 [Thread-5] INFO com.fbp.engine.node.AbstractNode -- [total-collector] processing message...
14:20:00.854 [Thread-7] INFO com.fbp.engine.node.AbstractNode -- [normal-collector] processing message...
14:20:00.854 [Thread-8] INFO com.fbp.engine.node.AbstractNode -- [file-writer] processing message...
14:20:00.863 [pool-2-thread-1] DEBUG com.fbp.engine.node.TimerNode -- [timer] Timer 틱 발생: 66
14:20:00.863 [Thread-3] INFO com.fbp.engine.node.AbstractNode -- [sensor] processing message...
14:20:00.863 [Thread-5] INFO com.fbp.engine.node.AbstractNode -- [total-collector] processing message...
14:20:00.863 [Thread-4] INFO com.fbp.engine.node.AbstractNode -- [filter] processing message...
14:20:00.863 [Thread-6] INFO com.fbp.engine.node.AbstractNode -- [alert-collector] processing message...
14:20:00.874 [pool-2-thread-1] DEBUG com.fbp.engine.node.TimerNode -- [timer] Timer 틱 발생: 67
14:20:00.874 [Thread-3] INFO com.fbp.engine.node.AbstractNode -- [sensor] processing message...
14:20:00.874 [Thread-4] INFO com.fbp.engine.node.AbstractNode -- [filter] processing message...
14:20:00.874 [Thread-5] INFO com.fbp.engine.node.AbstractNode -- [total-collector] processing message...
14:20:00.874 [Thread-6] INFO com.fbp.engine.node.AbstractNode -- [alert-collector] processing message...
14:20:00.883 [pool-2-thread-1] DEBUG com.fbp.engine.node.TimerNode -- [timer] Timer 틱 발생: 68
14:20:00.884 [Thread-3] INFO com.fbp.engine.node.AbstractNode -- [sensor] processing message...
14:20:00.884 [Thread-5] INFO com.fbp.engine.node.AbstractNode -- [total-collector] processing message...
14:20:00.884 [Thread-4] INFO com.fbp.engine.node.AbstractNode -- [filter] processing message...
14:20:00.884 [Thread-7] INFO com.fbp.engine.node.AbstractNode -- [normal-collector] processing message...
14:20:00.884 [Thread-8] INFO com.fbp.engine.node.AbstractNode -- [file-writer] processing message...
14:20:00.893 [pool-2-thread-1] DEBUG com.fbp.engine.node.TimerNode -- [timer] Timer 틱 발생: 69
14:20:00.893 [Thread-3] INFO com.fbp.engine.node.AbstractNode -- [sensor] processing message...
14:20:00.894 [Thread-4] INFO com.fbp.engine.node.AbstractNode -- [filter] processing message...
14:20:00.894 [Thread-5] INFO com.fbp.engine.node.AbstractNode -- [total-collector] processing message...
14:20:00.894 [Thread-6] INFO com.fbp.engine.node.AbstractNode -- [alert-collector] processing message...
14:20:00.904 [pool-2-thread-1] DEBUG com.fbp.engine.node.TimerNode -- [timer] Timer 틱 발생: 70
14:20:00.905 [Thread-3] INFO com.fbp.engine.node.AbstractNode -- [sensor] processing message...
14:20:00.905 [Thread-4] INFO com.fbp.engine.node.AbstractNode -- [filter] processing message...
14:20:00.905 [Thread-5] INFO com.fbp.engine.node.AbstractNode -- [total-collector] processing message...
14:20:00.905 [Thread-6] INFO com.fbp.engine.node.AbstractNode -- [alert-collector] processing message...
14:20:00.913 [pool-2-thread-1] DEBUG com.fbp.engine.node.TimerNode -- [timer] Timer 틱 발생: 71
14:20:00.913 [Thread-3] INFO com.fbp.engine.node.AbstractNode -- [sensor] processing message...
14:20:00.913 [Thread-4] INFO com.fbp.engine.node.AbstractNode -- [filter] processing message...
14:20:00.913 [Thread-5] INFO com.fbp.engine.node.AbstractNode -- [total-collector] processing message...
14:20:00.913 [Thread-7] INFO com.fbp.engine.node.AbstractNode -- [normal-collector] processing message...
14:20:00.913 [Thread-8] INFO com.fbp.engine.node.AbstractNode -- [file-writer] processing message...
14:20:00.922 [pool-2-thread-1] DEBUG com.fbp.engine.node.TimerNode -- [timer] Timer 틱 발생: 72
14:20:00.922 [Thread-3] INFO com.fbp.engine.node.AbstractNode -- [sensor] processing message...
14:20:00.922 [Thread-4] INFO com.fbp.engine.node.AbstractNode -- [filter] processing message...
14:20:00.922 [Thread-5] INFO com.fbp.engine.node.AbstractNode -- [total-collector] processing message...
14:20:00.922 [Thread-7] INFO com.fbp.engine.node.AbstractNode -- [normal-collector] processing message...
14:20:00.922 [Thread-8] INFO com.fbp.engine.node.AbstractNode -- [file-writer] processing message...
14:20:00.934 [pool-2-thread-1] DEBUG com.fbp.engine.node.TimerNode -- [timer] Timer 틱 발생: 73
14:20:00.934 [Thread-3] INFO com.fbp.engine.node.AbstractNode -- [sensor] processing message...
14:20:00.934 [Thread-4] INFO com.fbp.engine.node.AbstractNode -- [filter] processing message...
14:20:00.934 [Thread-5] INFO com.fbp.engine.node.AbstractNode -- [total-collector] processing message...
14:20:00.934 [Thread-6] INFO com.fbp.engine.node.AbstractNode -- [alert-collector] processing message...
14:20:00.943 [pool-2-thread-1] DEBUG com.fbp.engine.node.TimerNode -- [timer] Timer 틱 발생: 74
14:20:00.943 [Thread-3] INFO com.fbp.engine.node.AbstractNode -- [sensor] processing message...
14:20:00.943 [Thread-5] INFO com.fbp.engine.node.AbstractNode -- [total-collector] processing message...
14:20:00.943 [Thread-4] INFO com.fbp.engine.node.AbstractNode -- [filter] processing message...
14:20:00.943 [Thread-7] INFO com.fbp.engine.node.AbstractNode -- [normal-collector] processing message...
14:20:00.943 [Thread-8] INFO com.fbp.engine.node.AbstractNode -- [file-writer] processing message...
14:20:00.953 [pool-2-thread-1] DEBUG com.fbp.engine.node.TimerNode -- [timer] Timer 틱 발생: 75
14:20:00.953 [Thread-3] INFO com.fbp.engine.node.AbstractNode -- [sensor] processing message...
14:20:00.954 [Thread-4] INFO com.fbp.engine.node.AbstractNode -- [filter] processing message...
14:20:00.954 [Thread-5] INFO com.fbp.engine.node.AbstractNode -- [total-collector] processing message...
14:20:00.954 [Thread-6] INFO com.fbp.engine.node.AbstractNode -- [alert-collector] processing message...
14:20:00.963 [pool-2-thread-1] DEBUG com.fbp.engine.node.TimerNode -- [timer] Timer 틱 발생: 76
14:20:00.963 [Thread-3] INFO com.fbp.engine.node.AbstractNode -- [sensor] processing message...
14:20:00.963 [Thread-5] INFO com.fbp.engine.node.AbstractNode -- [total-collector] processing message...
14:20:00.963 [Thread-4] INFO com.fbp.engine.node.AbstractNode -- [filter] processing message...
14:20:00.963 [Thread-6] INFO com.fbp.engine.node.AbstractNode -- [alert-collector] processing message...
14:20:00.973 [pool-2-thread-1] DEBUG com.fbp.engine.node.TimerNode -- [timer] Timer 틱 발생: 77
14:20:00.974 [Thread-3] INFO com.fbp.engine.node.AbstractNode -- [sensor] processing message...
14:20:00.974 [Thread-4] INFO com.fbp.engine.node.AbstractNode -- [filter] processing message...
14:20:00.974 [Thread-5] INFO com.fbp.engine.node.AbstractNode -- [total-collector] processing message...
14:20:00.974 [Thread-7] INFO com.fbp.engine.node.AbstractNode -- [normal-collector] processing message...
14:20:00.974 [Thread-8] INFO com.fbp.engine.node.AbstractNode -- [file-writer] processing message...
14:20:00.983 [pool-2-thread-1] DEBUG com.fbp.engine.node.TimerNode -- [timer] Timer 틱 발생: 78
14:20:00.984 [Thread-3] INFO com.fbp.engine.node.AbstractNode -- [sensor] processing message...
14:20:00.984 [Thread-4] INFO com.fbp.engine.node.AbstractNode -- [filter] processing message...
14:20:00.984 [Thread-5] INFO com.fbp.engine.node.AbstractNode -- [total-collector] processing message...
14:20:00.984 [Thread-7] INFO com.fbp.engine.node.AbstractNode -- [normal-collector] processing message...
14:20:00.984 [Thread-8] INFO com.fbp.engine.node.AbstractNode -- [file-writer] processing message...
14:20:00.993 [pool-2-thread-1] DEBUG com.fbp.engine.node.TimerNode -- [timer] Timer 틱 발생: 79
14:20:00.993 [Thread-3] INFO com.fbp.engine.node.AbstractNode -- [sensor] processing message...
14:20:00.994 [Thread-5] INFO com.fbp.engine.node.AbstractNode -- [total-collector] processing message...
14:20:00.994 [Thread-4] INFO com.fbp.engine.node.AbstractNode -- [filter] processing message...
14:20:00.994 [Thread-7] INFO com.fbp.engine.node.AbstractNode -- [normal-collector] processing message...
14:20:00.994 [Thread-8] INFO com.fbp.engine.node.AbstractNode -- [file-writer] processing message...
14:20:01.002 [pool-2-thread-1] DEBUG com.fbp.engine.node.TimerNode -- [timer] Timer 틱 발생: 80
14:20:01.002 [Thread-3] INFO com.fbp.engine.node.AbstractNode -- [sensor] processing message...
14:20:01.003 [Thread-4] INFO com.fbp.engine.node.AbstractNode -- [filter] processing message...
14:20:01.003 [Thread-5] INFO com.fbp.engine.node.AbstractNode -- [total-collector] processing message...
14:20:01.003 [Thread-7] INFO com.fbp.engine.node.AbstractNode -- [normal-collector] processing message...
14:20:01.003 [Thread-8] INFO com.fbp.engine.node.AbstractNode -- [file-writer] processing message...
14:20:01.014 [pool-2-thread-1] DEBUG com.fbp.engine.node.TimerNode -- [timer] Timer 틱 발생: 81
14:20:01.014 [Thread-3] INFO com.fbp.engine.node.AbstractNode -- [sensor] processing message...
14:20:01.014 [Thread-5] INFO com.fbp.engine.node.AbstractNode -- [total-collector] processing message...
14:20:01.014 [Thread-4] INFO com.fbp.engine.node.AbstractNode -- [filter] processing message...
14:20:01.014 [Thread-8] INFO com.fbp.engine.node.AbstractNode -- [file-writer] processing message...
14:20:01.014 [Thread-7] INFO com.fbp.engine.node.AbstractNode -- [normal-collector] processing message...
14:20:01.023 [pool-2-thread-1] DEBUG com.fbp.engine.node.TimerNode -- [timer] Timer 틱 발생: 82
14:20:01.023 [Thread-3] INFO com.fbp.engine.node.AbstractNode -- [sensor] processing message...
14:20:01.024 [Thread-5] INFO com.fbp.engine.node.AbstractNode -- [total-collector] processing message...
14:20:01.024 [Thread-4] INFO com.fbp.engine.node.AbstractNode -- [filter] processing message...
14:20:01.024 [Thread-7] INFO com.fbp.engine.node.AbstractNode -- [normal-collector] processing message...
14:20:01.024 [Thread-8] INFO com.fbp.engine.node.AbstractNode -- [file-writer] processing message...
14:20:01.033 [pool-2-thread-1] DEBUG com.fbp.engine.node.TimerNode -- [timer] Timer 틱 발생: 83
14:20:01.033 [Thread-3] INFO com.fbp.engine.node.AbstractNode -- [sensor] processing message...
14:20:01.034 [Thread-4] INFO com.fbp.engine.node.AbstractNode -- [filter] processing message...
14:20:01.034 [Thread-5] INFO com.fbp.engine.node.AbstractNode -- [total-collector] processing message...
14:20:01.034 [Thread-6] INFO com.fbp.engine.node.AbstractNode -- [alert-collector] processing message...
14:20:01.043 [pool-2-thread-1] DEBUG com.fbp.engine.node.TimerNode -- [timer] Timer 틱 발생: 84
14:20:01.043 [Thread-3] INFO com.fbp.engine.node.AbstractNode -- [sensor] processing message...
14:20:01.043 [Thread-4] INFO com.fbp.engine.node.AbstractNode -- [filter] processing message...
14:20:01.043 [Thread-5] INFO com.fbp.engine.node.AbstractNode -- [total-collector] processing message...
14:20:01.043 [Thread-7] INFO com.fbp.engine.node.AbstractNode -- [normal-collector] processing message...
14:20:01.044 [Thread-8] INFO com.fbp.engine.node.AbstractNode -- [file-writer] processing message...
14:20:01.053 [pool-2-thread-1] DEBUG com.fbp.engine.node.TimerNode -- [timer] Timer 틱 발생: 85
14:20:01.053 [Thread-3] INFO com.fbp.engine.node.AbstractNode -- [sensor] processing message...
14:20:01.054 [Thread-5] INFO com.fbp.engine.node.AbstractNode -- [total-collector] processing message...
14:20:01.054 [Thread-4] INFO com.fbp.engine.node.AbstractNode -- [filter] processing message...
14:20:01.054 [Thread-6] INFO com.fbp.engine.node.AbstractNode -- [alert-collector] processing message...
14:20:01.063 [pool-2-thread-1] DEBUG com.fbp.engine.node.TimerNode -- [timer] Timer 틱 발생: 86
14:20:01.063 [Thread-3] INFO com.fbp.engine.node.AbstractNode -- [sensor] processing message...
14:20:01.063 [Thread-4] INFO com.fbp.engine.node.AbstractNode -- [filter] processing message...
14:20:01.063 [Thread-5] INFO com.fbp.engine.node.AbstractNode -- [total-collector] processing message...
14:20:01.063 [Thread-8] INFO com.fbp.engine.node.AbstractNode -- [file-writer] processing message...
14:20:01.063 [Thread-7] INFO com.fbp.engine.node.AbstractNode -- [normal-collector] processing message...
14:20:01.074 [pool-2-thread-1] DEBUG com.fbp.engine.node.TimerNode -- [timer] Timer 틱 발생: 87
14:20:01.074 [Thread-3] INFO com.fbp.engine.node.AbstractNode -- [sensor] processing message...
14:20:01.074 [Thread-4] INFO com.fbp.engine.node.AbstractNode -- [filter] processing message...
14:20:01.074 [Thread-5] INFO com.fbp.engine.node.AbstractNode -- [total-collector] processing message...
14:20:01.074 [Thread-6] INFO com.fbp.engine.node.AbstractNode -- [alert-collector] processing message...
14:20:01.083 [pool-2-thread-1] DEBUG com.fbp.engine.node.TimerNode -- [timer] Timer 틱 발생: 88
14:20:01.083 [Thread-3] INFO com.fbp.engine.node.AbstractNode -- [sensor] processing message...
14:20:01.084 [Thread-4] INFO com.fbp.engine.node.AbstractNode -- [filter] processing message...
14:20:01.084 [Thread-5] INFO com.fbp.engine.node.AbstractNode -- [total-collector] processing message...
14:20:01.084 [Thread-7] INFO com.fbp.engine.node.AbstractNode -- [normal-collector] processing message...
14:20:01.084 [Thread-8] INFO com.fbp.engine.node.AbstractNode -- [file-writer] processing message...
14:20:01.093 [pool-2-thread-1] DEBUG com.fbp.engine.node.TimerNode -- [timer] Timer 틱 발생: 89
14:20:01.093 [Thread-3] INFO com.fbp.engine.node.AbstractNode -- [sensor] processing message...
14:20:01.094 [Thread-4] INFO com.fbp.engine.node.AbstractNode -- [filter] processing message...
14:20:01.094 [Thread-5] INFO com.fbp.engine.node.AbstractNode -- [total-collector] processing message...
14:20:01.094 [Thread-6] INFO com.fbp.engine.node.AbstractNode -- [alert-collector] processing message...
14:20:01.102 [pool-2-thread-1] DEBUG com.fbp.engine.node.TimerNode -- [timer] Timer 틱 발생: 90
14:20:01.102 [Thread-3] INFO com.fbp.engine.node.AbstractNode -- [sensor] processing message...
14:20:01.102 [Thread-4] INFO com.fbp.engine.node.AbstractNode -- [filter] processing message...
14:20:01.102 [Thread-5] INFO com.fbp.engine.node.AbstractNode -- [total-collector] processing message...
14:20:01.102 [Thread-6] INFO com.fbp.engine.node.AbstractNode -- [alert-collector] processing message...
14:20:01.113 [pool-2-thread-1] DEBUG com.fbp.engine.node.TimerNode -- [timer] Timer 틱 발생: 91
14:20:01.113 [Thread-3] INFO com.fbp.engine.node.AbstractNode -- [sensor] processing message...
14:20:01.114 [Thread-4] INFO com.fbp.engine.node.AbstractNode -- [filter] processing message...
14:20:01.114 [Thread-5] INFO com.fbp.engine.node.AbstractNode -- [total-collector] processing message...
14:20:01.114 [Thread-7] INFO com.fbp.engine.node.AbstractNode -- [normal-collector] processing message...
14:20:01.114 [Thread-8] INFO com.fbp.engine.node.AbstractNode -- [file-writer] processing message...
14:20:01.123 [pool-2-thread-1] DEBUG com.fbp.engine.node.TimerNode -- [timer] Timer 틱 발생: 92
14:20:01.123 [Thread-3] INFO com.fbp.engine.node.AbstractNode -- [sensor] processing message...
14:20:01.123 [Thread-4] INFO com.fbp.engine.node.AbstractNode -- [filter] processing message...
14:20:01.123 [Thread-5] INFO com.fbp.engine.node.AbstractNode -- [total-collector] processing message...
14:20:01.123 [Thread-7] INFO com.fbp.engine.node.AbstractNode -- [normal-collector] processing message...
14:20:01.124 [Thread-8] INFO com.fbp.engine.node.AbstractNode -- [file-writer] processing message...
14:20:01.133 [pool-2-thread-1] DEBUG com.fbp.engine.node.TimerNode -- [timer] Timer 틱 발생: 93
14:20:01.133 [Thread-3] INFO com.fbp.engine.node.AbstractNode -- [sensor] processing message...
14:20:01.133 [Thread-4] INFO com.fbp.engine.node.AbstractNode -- [filter] processing message...
14:20:01.133 [Thread-5] INFO com.fbp.engine.node.AbstractNode -- [total-collector] processing message...
14:20:01.133 [Thread-7] INFO com.fbp.engine.node.AbstractNode -- [normal-collector] processing message...
14:20:01.133 [Thread-8] INFO com.fbp.engine.node.AbstractNode -- [file-writer] processing message...
14:20:01.142 [pool-2-thread-1] DEBUG com.fbp.engine.node.TimerNode -- [timer] Timer 틱 발생: 94
14:20:01.143 [Thread-3] INFO com.fbp.engine.node.AbstractNode -- [sensor] processing message...
14:20:01.143 [Thread-5] INFO com.fbp.engine.node.AbstractNode -- [total-collector] processing message...
14:20:01.143 [Thread-4] INFO com.fbp.engine.node.AbstractNode -- [filter] processing message...
14:20:01.143 [Thread-6] INFO com.fbp.engine.node.AbstractNode -- [alert-collector] processing message...
14:20:01.153 [pool-2-thread-1] DEBUG com.fbp.engine.node.TimerNode -- [timer] Timer 틱 발생: 95
14:20:01.153 [Thread-3] INFO com.fbp.engine.node.AbstractNode -- [sensor] processing message...
14:20:01.153 [Thread-5] INFO com.fbp.engine.node.AbstractNode -- [total-collector] processing message...
14:20:01.153 [Thread-4] INFO com.fbp.engine.node.AbstractNode -- [filter] processing message...
14:20:01.153 [Thread-6] INFO com.fbp.engine.node.AbstractNode -- [alert-collector] processing message...
14:20:01.164 [pool-2-thread-1] DEBUG com.fbp.engine.node.TimerNode -- [timer] Timer 틱 발생: 96
14:20:01.164 [Thread-3] INFO com.fbp.engine.node.AbstractNode -- [sensor] processing message...
14:20:01.164 [Thread-4] INFO com.fbp.engine.node.AbstractNode -- [filter] processing message...
14:20:01.164 [Thread-6] INFO com.fbp.engine.node.AbstractNode -- [alert-collector] processing message...
14:20:01.164 [Thread-5] INFO com.fbp.engine.node.AbstractNode -- [total-collector] processing message...
14:20:01.173 [pool-2-thread-1] DEBUG com.fbp.engine.node.TimerNode -- [timer] Timer 틱 발생: 97
14:20:01.173 [Thread-3] INFO com.fbp.engine.node.AbstractNode -- [sensor] processing message...
14:20:01.173 [Thread-4] INFO com.fbp.engine.node.AbstractNode -- [filter] processing message...
14:20:01.173 [Thread-5] INFO com.fbp.engine.node.AbstractNode -- [total-collector] processing message...
14:20:01.173 [Thread-6] INFO com.fbp.engine.node.AbstractNode -- [alert-collector] processing message...
14:20:01.183 [pool-2-thread-1] DEBUG com.fbp.engine.node.TimerNode -- [timer] Timer 틱 발생: 98
14:20:01.183 [Thread-3] INFO com.fbp.engine.node.AbstractNode -- [sensor] processing message...
14:20:01.184 [Thread-5] INFO com.fbp.engine.node.AbstractNode -- [total-collector] processing message...
14:20:01.184 [Thread-4] INFO com.fbp.engine.node.AbstractNode -- [filter] processing message...
14:20:01.184 [Thread-6] INFO com.fbp.engine.node.AbstractNode -- [alert-collector] processing message...
14:20:01.193 [pool-2-thread-1] DEBUG com.fbp.engine.node.TimerNode -- [timer] Timer 틱 발생: 99
14:20:01.193 [Thread-3] INFO com.fbp.engine.node.AbstractNode -- [sensor] processing message...
14:20:01.193 [Thread-5] INFO com.fbp.engine.node.AbstractNode -- [total-collector] processing message...
14:20:01.193 [Thread-4] INFO com.fbp.engine.node.AbstractNode -- [filter] processing message...
14:20:01.194 [Thread-6] INFO com.fbp.engine.node.AbstractNode -- [alert-collector] processing message...
14:20:01.203 [main] INFO com.fbp.engine.node.TimerNode -- [timer] Timer 종료
14:20:01.204 [main] INFO com.fbp.engine.node.FileWriterNode -- [file-writer] 파일 닫기 완료
]]></system-out>
  </testcase>
  <testcase name="test2" classname="com.fbp.engine.integration.FinalIntegrationTest" time="1.007">
    <system-out><![CDATA[14:20:01.208 [main] INFO com.fbp.engine.core.FlowEngine -- [Engine] Flow final-test를 등록됨
14:20:01.208 [main] INFO com.fbp.engine.node.TimerNode -- [timer] Timer 시작 (주기: 10ms)
14:20:01.209 [main] INFO com.fbp.engine.node.FileWriterNode -- [file-writer] 파일 쓰기 준비 완료: test_final_normal_temp.txt
14:20:01.209 [main] INFO com.fbp.engine.core.FlowEngine -- Engine] 플로우 'final-test' 시작됨
14:20:01.209 [pool-3-thread-1] DEBUG com.fbp.engine.node.TimerNode -- [timer] Timer 틱 발생: 0
14:20:01.209 [Thread-9] INFO com.fbp.engine.node.AbstractNode -- [sensor] processing message...
14:20:01.209 [Thread-10] INFO com.fbp.engine.node.AbstractNode -- [filter] processing message...
14:20:01.209 [Thread-11] INFO com.fbp.engine.node.AbstractNode -- [total-collector] processing message...
14:20:01.209 [Thread-13] INFO com.fbp.engine.node.AbstractNode -- [normal-collector] processing message...
14:20:01.209 [Thread-14] INFO com.fbp.engine.node.AbstractNode -- [file-writer] processing message...
14:20:01.221 [pool-3-thread-1] DEBUG com.fbp.engine.node.TimerNode -- [timer] Timer 틱 발생: 1
14:20:01.221 [Thread-9] INFO com.fbp.engine.node.AbstractNode -- [sensor] processing message...
14:20:01.221 [Thread-10] INFO com.fbp.engine.node.AbstractNode -- [filter] processing message...
14:20:01.221 [Thread-11] INFO com.fbp.engine.node.AbstractNode -- [total-collector] processing message...
14:20:01.221 [Thread-12] INFO com.fbp.engine.node.AbstractNode -- [alert-collector] processing message...
14:20:01.230 [pool-3-thread-1] DEBUG com.fbp.engine.node.TimerNode -- [timer] Timer 틱 발생: 2
14:20:01.231 [Thread-9] INFO com.fbp.engine.node.AbstractNode -- [sensor] processing message...
14:20:01.231 [Thread-11] INFO com.fbp.engine.node.AbstractNode -- [total-collector] processing message...
14:20:01.231 [Thread-10] INFO com.fbp.engine.node.AbstractNode -- [filter] processing message...
14:20:01.231 [Thread-13] INFO com.fbp.engine.node.AbstractNode -- [normal-collector] processing message...
14:20:01.231 [Thread-14] INFO com.fbp.engine.node.AbstractNode -- [file-writer] processing message...
14:20:01.241 [pool-3-thread-1] DEBUG com.fbp.engine.node.TimerNode -- [timer] Timer 틱 발생: 3
14:20:01.241 [Thread-9] INFO com.fbp.engine.node.AbstractNode -- [sensor] processing message...
14:20:01.241 [Thread-10] INFO com.fbp.engine.node.AbstractNode -- [filter] processing message...
14:20:01.241 [Thread-11] INFO com.fbp.engine.node.AbstractNode -- [total-collector] processing message...
14:20:01.241 [Thread-14] INFO com.fbp.engine.node.AbstractNode -- [file-writer] processing message...
14:20:01.241 [Thread-13] INFO com.fbp.engine.node.AbstractNode -- [normal-collector] processing message...
14:20:01.251 [pool-3-thread-1] DEBUG com.fbp.engine.node.TimerNode -- [timer] Timer 틱 발생: 4
14:20:01.251 [Thread-9] INFO com.fbp.engine.node.AbstractNode -- [sensor] processing message...
14:20:01.251 [Thread-10] INFO com.fbp.engine.node.AbstractNode -- [filter] processing message...
14:20:01.251 [Thread-11] INFO com.fbp.engine.node.AbstractNode -- [total-collector] processing message...
14:20:01.251 [Thread-14] INFO com.fbp.engine.node.AbstractNode -- [file-writer] processing message...
14:20:01.251 [Thread-13] INFO com.fbp.engine.node.AbstractNode -- [normal-collector] processing message...
14:20:01.261 [pool-3-thread-1] DEBUG com.fbp.engine.node.TimerNode -- [timer] Timer 틱 발생: 5
14:20:01.261 [Thread-9] INFO com.fbp.engine.node.AbstractNode -- [sensor] processing message...
14:20:01.261 [Thread-10] INFO com.fbp.engine.node.AbstractNode -- [filter] processing message...
14:20:01.261 [Thread-11] INFO com.fbp.engine.node.AbstractNode -- [total-collector] processing message...
14:20:01.261 [Thread-14] INFO com.fbp.engine.node.AbstractNode -- [file-writer] processing message...
14:20:01.261 [Thread-13] INFO com.fbp.engine.node.AbstractNode -- [normal-collector] processing message...
14:20:01.269 [pool-3-thread-1] DEBUG com.fbp.engine.node.TimerNode -- [timer] Timer 틱 발생: 6
14:20:01.269 [Thread-9] INFO com.fbp.engine.node.AbstractNode -- [sensor] processing message...
14:20:01.269 [Thread-10] INFO com.fbp.engine.node.AbstractNode -- [filter] processing message...
14:20:01.269 [Thread-11] INFO com.fbp.engine.node.AbstractNode -- [total-collector] processing message...
14:20:01.269 [Thread-12] INFO com.fbp.engine.node.AbstractNode -- [alert-collector] processing message...
14:20:01.279 [pool-3-thread-1] DEBUG com.fbp.engine.node.TimerNode -- [timer] Timer 틱 발생: 7
14:20:01.279 [Thread-9] INFO com.fbp.engine.node.AbstractNode -- [sensor] processing message...
14:20:01.279 [Thread-10] INFO com.fbp.engine.node.AbstractNode -- [filter] processing message...
14:20:01.279 [Thread-14] INFO com.fbp.engine.node.AbstractNode -- [file-writer] processing message...
14:20:01.279 [Thread-13] INFO com.fbp.engine.node.AbstractNode -- [normal-collector] processing message...
14:20:01.279 [Thread-11] INFO com.fbp.engine.node.AbstractNode -- [total-collector] processing message...
14:20:01.291 [pool-3-thread-1] DEBUG com.fbp.engine.node.TimerNode -- [timer] Timer 틱 발생: 8
14:20:01.291 [Thread-9] INFO com.fbp.engine.node.AbstractNode -- [sensor] processing message...
14:20:01.291 [Thread-10] INFO com.fbp.engine.node.AbstractNode -- [filter] processing message...
14:20:01.291 [Thread-11] INFO com.fbp.engine.node.AbstractNode -- [total-collector] processing message...
14:20:01.291 [Thread-12] INFO com.fbp.engine.node.AbstractNode -- [alert-collector] processing message...
14:20:01.300 [pool-3-thread-1] DEBUG com.fbp.engine.node.TimerNode -- [timer] Timer 틱 발생: 9
14:20:01.300 [Thread-9] INFO com.fbp.engine.node.AbstractNode -- [sensor] processing message...
14:20:01.300 [Thread-10] INFO com.fbp.engine.node.AbstractNode -- [filter] processing message...
14:20:01.300 [Thread-11] INFO com.fbp.engine.node.AbstractNode -- [total-collector] processing message...
14:20:01.300 [Thread-12] INFO com.fbp.engine.node.AbstractNode -- [alert-collector] processing message...
14:20:01.311 [pool-3-thread-1] DEBUG com.fbp.engine.node.TimerNode -- [timer] Timer 틱 발생: 10
14:20:01.311 [Thread-9] INFO com.fbp.engine.node.AbstractNode -- [sensor] processing message...
14:20:01.311 [Thread-10] INFO com.fbp.engine.node.AbstractNode -- [filter] processing message...
14:20:01.311 [Thread-11] INFO com.fbp.engine.node.AbstractNode -- [total-collector] processing message...
14:20:01.311 [Thread-12] INFO com.fbp.engine.node.AbstractNode -- [alert-collector] processing message...
14:20:01.319 [pool-3-thread-1] DEBUG com.fbp.engine.node.TimerNode -- [timer] Timer 틱 발생: 11
14:20:01.319 [Thread-9] INFO com.fbp.engine.node.AbstractNode -- [sensor] processing message...
14:20:01.319 [Thread-11] INFO com.fbp.engine.node.AbstractNode -- [total-collector] processing message...
14:20:01.319 [Thread-10] INFO com.fbp.engine.node.AbstractNode -- [filter] processing message...
14:20:01.319 [Thread-13] INFO com.fbp.engine.node.AbstractNode -- [normal-collector] processing message...
14:20:01.319 [Thread-14] INFO com.fbp.engine.node.AbstractNode -- [file-writer] processing message...
14:20:01.331 [pool-3-thread-1] DEBUG com.fbp.engine.node.TimerNode -- [timer] Timer 틱 발생: 12
14:20:01.331 [Thread-9] INFO com.fbp.engine.node.AbstractNode -- [sensor] processing message...
14:20:01.331 [Thread-10] INFO com.fbp.engine.node.AbstractNode -- [filter] processing message...
14:20:01.331 [Thread-12] INFO com.fbp.engine.node.AbstractNode -- [alert-collector] processing message...
14:20:01.331 [Thread-11] INFO com.fbp.engine.node.AbstractNode -- [total-collector] processing message...
14:20:01.340 [pool-3-thread-1] DEBUG com.fbp.engine.node.TimerNode -- [timer] Timer 틱 발생: 13
14:20:01.340 [Thread-9] INFO com.fbp.engine.node.AbstractNode -- [sensor] processing message...
14:20:01.340 [Thread-10] INFO com.fbp.engine.node.AbstractNode -- [filter] processing message...
14:20:01.340 [Thread-11] INFO com.fbp.engine.node.AbstractNode -- [total-collector] processing message...
14:20:01.340 [Thread-14] INFO com.fbp.engine.node.AbstractNode -- [file-writer] processing message...
14:20:01.340 [Thread-13] INFO com.fbp.engine.node.AbstractNode -- [normal-collector] processing message...
14:20:01.350 [pool-3-thread-1] DEBUG com.fbp.engine.node.TimerNode -- [timer] Timer 틱 발생: 14
14:20:01.350 [Thread-9] INFO com.fbp.engine.node.AbstractNode -- [sensor] processing message...
14:20:01.350 [Thread-10] INFO com.fbp.engine.node.AbstractNode -- [filter] processing message...
14:20:01.350 [Thread-11] INFO com.fbp.engine.node.AbstractNode -- [total-collector] processing message...
14:20:01.350 [Thread-14] INFO com.fbp.engine.node.AbstractNode -- [file-writer] processing message...
14:20:01.350 [Thread-13] INFO com.fbp.engine.node.AbstractNode -- [normal-collector] processing message...
14:20:01.359 [pool-3-thread-1] DEBUG com.fbp.engine.node.TimerNode -- [timer] Timer 틱 발생: 15
14:20:01.360 [Thread-9] INFO com.fbp.engine.node.AbstractNode -- [sensor] processing message...
14:20:01.360 [Thread-10] INFO com.fbp.engine.node.AbstractNode -- [filter] processing message...
14:20:01.360 [Thread-11] INFO com.fbp.engine.node.AbstractNode -- [total-collector] processing message...
14:20:01.360 [Thread-12] INFO com.fbp.engine.node.AbstractNode -- [alert-collector] processing message...
14:20:01.370 [pool-3-thread-1] DEBUG com.fbp.engine.node.TimerNode -- [timer] Timer 틱 발생: 16
14:20:01.370 [Thread-9] INFO com.fbp.engine.node.AbstractNode -- [sensor] processing message...
14:20:01.370 [Thread-10] INFO com.fbp.engine.node.AbstractNode -- [filter] processing message...
14:20:01.370 [Thread-11] INFO com.fbp.engine.node.AbstractNode -- [total-collector] processing message...
14:20:01.370 [Thread-12] INFO com.fbp.engine.node.AbstractNode -- [alert-collector] processing message...
14:20:01.381 [pool-3-thread-1] DEBUG com.fbp.engine.node.TimerNode -- [timer] Timer 틱 발생: 17
14:20:01.381 [Thread-9] INFO com.fbp.engine.node.AbstractNode -- [sensor] processing message...
14:20:01.381 [Thread-10] INFO com.fbp.engine.node.AbstractNode -- [filter] processing message...
14:20:01.381 [Thread-11] INFO com.fbp.engine.node.AbstractNode -- [total-collector] processing message...
14:20:01.381 [Thread-13] INFO com.fbp.engine.node.AbstractNode -- [normal-collector] processing message...
14:20:01.381 [Thread-14] INFO com.fbp.engine.node.AbstractNode -- [file-writer] processing message...
14:20:01.391 [pool-3-thread-1] DEBUG com.fbp.engine.node.TimerNode -- [timer] Timer 틱 발생: 18
14:20:01.391 [Thread-9] INFO com.fbp.engine.node.AbstractNode -- [sensor] processing message...
14:20:01.391 [Thread-10] INFO com.fbp.engine.node.AbstractNode -- [filter] processing message...
14:20:01.391 [Thread-11] INFO com.fbp.engine.node.AbstractNode -- [total-collector] processing message...
14:20:01.391 [Thread-14] INFO com.fbp.engine.node.AbstractNode -- [file-writer] processing message...
14:20:01.391 [Thread-13] INFO com.fbp.engine.node.AbstractNode -- [normal-collector] processing message...
14:20:01.401 [pool-3-thread-1] DEBUG com.fbp.engine.node.TimerNode -- [timer] Timer 틱 발생: 19
14:20:01.401 [Thread-9] INFO com.fbp.engine.node.AbstractNode -- [sensor] processing message...
14:20:01.401 [Thread-10] INFO com.fbp.engine.node.AbstractNode -- [filter] processing message...
14:20:01.401 [Thread-11] INFO com.fbp.engine.node.AbstractNode -- [total-collector] processing message...
14:20:01.401 [Thread-12] INFO com.fbp.engine.node.AbstractNode -- [alert-collector] processing message...
14:20:01.411 [pool-3-thread-1] DEBUG com.fbp.engine.node.TimerNode -- [timer] Timer 틱 발생: 20
14:20:01.411 [Thread-9] INFO com.fbp.engine.node.AbstractNode -- [sensor] processing message...
14:20:01.411 [Thread-10] INFO com.fbp.engine.node.AbstractNode -- [filter] processing message...
14:20:01.411 [Thread-11] INFO com.fbp.engine.node.AbstractNode -- [total-collector] processing message...
14:20:01.411 [Thread-12] INFO com.fbp.engine.node.AbstractNode -- [alert-collector] processing message...
14:20:01.421 [pool-3-thread-1] DEBUG com.fbp.engine.node.TimerNode -- [timer] Timer 틱 발생: 21
14:20:01.421 [Thread-9] INFO com.fbp.engine.node.AbstractNode -- [sensor] processing message...
14:20:01.421 [Thread-10] INFO com.fbp.engine.node.AbstractNode -- [filter] processing message...
14:20:01.421 [Thread-11] INFO com.fbp.engine.node.AbstractNode -- [total-collector] processing message...
14:20:01.421 [Thread-13] INFO com.fbp.engine.node.AbstractNode -- [normal-collector] processing message...
14:20:01.421 [Thread-14] INFO com.fbp.engine.node.AbstractNode -- [file-writer] processing message...
14:20:01.430 [pool-3-thread-1] DEBUG com.fbp.engine.node.TimerNode -- [timer] Timer 틱 발생: 22
14:20:01.430 [Thread-9] INFO com.fbp.engine.node.AbstractNode -- [sensor] processing message...
14:20:01.430 [Thread-10] INFO com.fbp.engine.node.AbstractNode -- [filter] processing message...
14:20:01.430 [Thread-12] INFO com.fbp.engine.node.AbstractNode -- [alert-collector] processing message...
14:20:01.430 [Thread-11] INFO com.fbp.engine.node.AbstractNode -- [total-collector] processing message...
14:20:01.440 [pool-3-thread-1] DEBUG com.fbp.engine.node.TimerNode -- [timer] Timer 틱 발생: 23
14:20:01.440 [Thread-9] INFO com.fbp.engine.node.AbstractNode -- [sensor] processing message...
14:20:01.440 [Thread-10] INFO com.fbp.engine.node.AbstractNode -- [filter] processing message...
14:20:01.440 [Thread-11] INFO com.fbp.engine.node.AbstractNode -- [total-collector] processing message...
14:20:01.440 [Thread-12] INFO com.fbp.engine.node.AbstractNode -- [alert-collector] processing message...
14:20:01.451 [pool-3-thread-1] DEBUG com.fbp.engine.node.TimerNode -- [timer] Timer 틱 발생: 24
14:20:01.451 [Thread-9] INFO com.fbp.engine.node.AbstractNode -- [sensor] processing message...
14:20:01.451 [Thread-10] INFO com.fbp.engine.node.AbstractNode -- [filter] processing message...
14:20:01.451 [Thread-12] INFO com.fbp.engine.node.AbstractNode -- [alert-collector] processing message...
14:20:01.451 [Thread-11] INFO com.fbp.engine.node.AbstractNode -- [total-collector] processing message...
14:20:01.461 [pool-3-thread-1] DEBUG com.fbp.engine.node.TimerNode -- [timer] Timer 틱 발생: 25
14:20:01.461 [Thread-9] INFO com.fbp.engine.node.AbstractNode -- [sensor] processing message...
14:20:01.461 [Thread-10] INFO com.fbp.engine.node.AbstractNode -- [filter] processing message...
14:20:01.461 [Thread-11] INFO com.fbp.engine.node.AbstractNode -- [total-collector] processing message...
14:20:01.461 [Thread-12] INFO com.fbp.engine.node.AbstractNode -- [alert-collector] processing message...
14:20:01.471 [pool-3-thread-1] DEBUG com.fbp.engine.node.TimerNode -- [timer] Timer 틱 발생: 26
14:20:01.471 [Thread-9] INFO com.fbp.engine.node.AbstractNode -- [sensor] processing message...
14:20:01.471 [Thread-11] INFO com.fbp.engine.node.AbstractNode -- [total-collector] processing message...
14:20:01.471 [Thread-10] INFO com.fbp.engine.node.AbstractNode -- [filter] processing message...
14:20:01.471 [Thread-12] INFO com.fbp.engine.node.AbstractNode -- [alert-collector] processing message...
14:20:01.480 [pool-3-thread-1] DEBUG com.fbp.engine.node.TimerNode -- [timer] Timer 틱 발생: 27
14:20:01.480 [Thread-9] INFO com.fbp.engine.node.AbstractNode -- [sensor] processing message...
14:20:01.480 [Thread-10] INFO com.fbp.engine.node.AbstractNode -- [filter] processing message...
14:20:01.480 [Thread-11] INFO com.fbp.engine.node.AbstractNode -- [total-collector] processing message...
14:20:01.480 [Thread-13] INFO com.fbp.engine.node.AbstractNode -- [normal-collector] processing message...
14:20:01.480 [Thread-14] INFO com.fbp.engine.node.AbstractNode -- [file-writer] processing message...
14:20:01.491 [pool-3-thread-1] DEBUG com.fbp.engine.node.TimerNode -- [timer] Timer 틱 발생: 28
14:20:01.491 [Thread-9] INFO com.fbp.engine.node.AbstractNode -- [sensor] processing message...
14:20:01.491 [Thread-10] INFO com.fbp.engine.node.AbstractNode -- [filter] processing message...
14:20:01.491 [Thread-14] INFO com.fbp.engine.node.AbstractNode -- [file-writer] processing message...
14:20:01.491 [Thread-13] INFO com.fbp.engine.node.AbstractNode -- [normal-collector] processing message...
14:20:01.491 [Thread-11] INFO com.fbp.engine.node.AbstractNode -- [total-collector] processing message...
14:20:01.500 [pool-3-thread-1] DEBUG com.fbp.engine.node.TimerNode -- [timer] Timer 틱 발생: 29
14:20:01.501 [Thread-9] INFO com.fbp.engine.node.AbstractNode -- [sensor] processing message...
14:20:01.501 [Thread-10] INFO com.fbp.engine.node.AbstractNode -- [filter] processing message...
14:20:01.501 [Thread-11] INFO com.fbp.engine.node.AbstractNode -- [total-collector] processing message...
14:20:01.501 [Thread-13] INFO com.fbp.engine.node.AbstractNode -- [normal-collector] processing message...
14:20:01.501 [Thread-14] INFO com.fbp.engine.node.AbstractNode -- [file-writer] processing message...
14:20:01.509 [pool-3-thread-1] DEBUG com.fbp.engine.node.TimerNode -- [timer] Timer 틱 발생: 30
14:20:01.509 [Thread-9] INFO com.fbp.engine.node.AbstractNode -- [sensor] processing message...
14:20:01.509 [Thread-10] INFO com.fbp.engine.node.AbstractNode -- [filter] processing message...
14:20:01.509 [Thread-11] INFO com.fbp.engine.node.AbstractNode -- [total-collector] processing message...
14:20:01.509 [Thread-13] INFO com.fbp.engine.node.AbstractNode -- [normal-collector] processing message...
14:20:01.509 [Thread-14] INFO com.fbp.engine.node.AbstractNode -- [file-writer] processing message...
14:20:01.519 [pool-3-thread-1] DEBUG com.fbp.engine.node.TimerNode -- [timer] Timer 틱 발생: 31
14:20:01.519 [Thread-9] INFO com.fbp.engine.node.AbstractNode -- [sensor] processing message...
14:20:01.519 [Thread-10] INFO com.fbp.engine.node.AbstractNode -- [filter] processing message...
14:20:01.519 [Thread-11] INFO com.fbp.engine.node.AbstractNode -- [total-collector] processing message...
14:20:01.519 [Thread-13] INFO com.fbp.engine.node.AbstractNode -- [normal-collector] processing message...
14:20:01.519 [Thread-14] INFO com.fbp.engine.node.AbstractNode -- [file-writer] processing message...
14:20:01.530 [pool-3-thread-1] DEBUG com.fbp.engine.node.TimerNode -- [timer] Timer 틱 발생: 32
14:20:01.530 [Thread-9] INFO com.fbp.engine.node.AbstractNode -- [sensor] processing message...
14:20:01.530 [Thread-10] INFO com.fbp.engine.node.AbstractNode -- [filter] processing message...
14:20:01.530 [Thread-11] INFO com.fbp.engine.node.AbstractNode -- [total-collector] processing message...
14:20:01.530 [Thread-12] INFO com.fbp.engine.node.AbstractNode -- [alert-collector] processing message...
14:20:01.540 [pool-3-thread-1] DEBUG com.fbp.engine.node.TimerNode -- [timer] Timer 틱 발생: 33
14:20:01.540 [Thread-9] INFO com.fbp.engine.node.AbstractNode -- [sensor] processing message...
14:20:01.540 [Thread-10] INFO com.fbp.engine.node.AbstractNode -- [filter] processing message...
14:20:01.540 [Thread-11] INFO com.fbp.engine.node.AbstractNode -- [total-collector] processing message...
14:20:01.540 [Thread-12] INFO com.fbp.engine.node.AbstractNode -- [alert-collector] processing message...
14:20:01.551 [pool-3-thread-1] DEBUG com.fbp.engine.node.TimerNode -- [timer] Timer 틱 발생: 34
14:20:01.551 [Thread-9] INFO com.fbp.engine.node.AbstractNode -- [sensor] processing message...
14:20:01.551 [Thread-10] INFO com.fbp.engine.node.AbstractNode -- [filter] processing message...
14:20:01.551 [Thread-11] INFO com.fbp.engine.node.AbstractNode -- [total-collector] processing message...
14:20:01.551 [Thread-13] INFO com.fbp.engine.node.AbstractNode -- [normal-collector] processing message...
14:20:01.551 [Thread-14] INFO com.fbp.engine.node.AbstractNode -- [file-writer] processing message...
14:20:01.561 [pool-3-thread-1] DEBUG com.fbp.engine.node.TimerNode -- [timer] Timer 틱 발생: 35
14:20:01.561 [Thread-9] INFO com.fbp.engine.node.AbstractNode -- [sensor] processing message...
14:20:01.561 [Thread-11] INFO com.fbp.engine.node.AbstractNode -- [total-collector] processing message...
14:20:01.561 [Thread-10] INFO com.fbp.engine.node.AbstractNode -- [filter] processing message...
14:20:01.561 [Thread-12] INFO com.fbp.engine.node.AbstractNode -- [alert-collector] processing message...
14:20:01.574 [pool-3-thread-1] DEBUG com.fbp.engine.node.TimerNode -- [timer] Timer 틱 발생: 36
14:20:01.574 [Thread-9] INFO com.fbp.engine.node.AbstractNode -- [sensor] processing message...
14:20:01.574 [Thread-10] INFO com.fbp.engine.node.AbstractNode -- [filter] processing message...
14:20:01.575 [Thread-11] INFO com.fbp.engine.node.AbstractNode -- [total-collector] processing message...
14:20:01.575 [Thread-12] INFO com.fbp.engine.node.AbstractNode -- [alert-collector] processing message...
14:20:01.580 [pool-3-thread-1] DEBUG com.fbp.engine.node.TimerNode -- [timer] Timer 틱 발생: 37
14:20:01.580 [Thread-9] INFO com.fbp.engine.node.AbstractNode -- [sensor] processing message...
14:20:01.587 [Thread-10] INFO com.fbp.engine.node.AbstractNode -- [filter] processing message...
14:20:01.587 [Thread-11] INFO com.fbp.engine.node.AbstractNode -- [total-collector] processing message...
14:20:01.587 [Thread-13] INFO com.fbp.engine.node.AbstractNode -- [normal-collector] processing message...
14:20:01.587 [Thread-14] INFO com.fbp.engine.node.AbstractNode -- [file-writer] processing message...
14:20:01.590 [pool-3-thread-1] DEBUG com.fbp.engine.node.TimerNode -- [timer] Timer 틱 발생: 38
14:20:01.590 [Thread-9] INFO com.fbp.engine.node.AbstractNode -- [sensor] processing message...
14:20:01.590 [Thread-10] INFO com.fbp.engine.node.AbstractNode -- [filter] processing message...
14:20:01.590 [Thread-11] INFO com.fbp.engine.node.AbstractNode -- [total-collector] processing message...
14:20:01.590 [Thread-12] INFO com.fbp.engine.node.AbstractNode -- [alert-collector] processing message...
14:20:01.601 [pool-3-thread-1] DEBUG com.fbp.engine.node.TimerNode -- [timer] Timer 틱 발생: 39
14:20:01.601 [Thread-9] INFO com.fbp.engine.node.AbstractNode -- [sensor] processing message...
14:20:01.601 [Thread-11] INFO com.fbp.engine.node.AbstractNode -- [total-collector] processing message...
14:20:01.601 [Thread-10] INFO com.fbp.engine.node.AbstractNode -- [filter] processing message...
14:20:01.601 [Thread-14] INFO com.fbp.engine.node.AbstractNode -- [file-writer] processing message...
14:20:01.601 [Thread-13] INFO com.fbp.engine.node.AbstractNode -- [normal-collector] processing message...
14:20:01.610 [pool-3-thread-1] DEBUG com.fbp.engine.node.TimerNode -- [timer] Timer 틱 발생: 40
14:20:01.610 [Thread-9] INFO com.fbp.engine.node.AbstractNode -- [sensor] processing message...
14:20:01.610 [Thread-10] INFO com.fbp.engine.node.AbstractNode -- [filter] processing message...
14:20:01.610 [Thread-11] INFO com.fbp.engine.node.AbstractNode -- [total-collector] processing message...
14:20:01.610 [Thread-13] INFO com.fbp.engine.node.AbstractNode -- [normal-collector] processing message...
14:20:01.610 [Thread-14] INFO com.fbp.engine.node.AbstractNode -- [file-writer] processing message...
14:20:01.621 [pool-3-thread-1] DEBUG com.fbp.engine.node.TimerNode -- [timer] Timer 틱 발생: 41
14:20:01.621 [Thread-9] INFO com.fbp.engine.node.AbstractNode -- [sensor] processing message...
14:20:01.621 [Thread-10] INFO com.fbp.engine.node.AbstractNode -- [filter] processing message...
14:20:01.621 [Thread-11] INFO com.fbp.engine.node.AbstractNode -- [total-collector] processing message...
14:20:01.621 [Thread-12] INFO com.fbp.engine.node.AbstractNode -- [alert-collector] processing message...
14:20:01.631 [pool-3-thread-1] DEBUG com.fbp.engine.node.TimerNode -- [timer] Timer 틱 발생: 42
14:20:01.632 [Thread-9] INFO com.fbp.engine.node.AbstractNode -- [sensor] processing message...
14:20:01.632 [Thread-11] INFO com.fbp.engine.node.AbstractNode -- [total-collector] processing message...
14:20:01.632 [Thread-10] INFO com.fbp.engine.node.AbstractNode -- [filter] processing message...
14:20:01.632 [Thread-12] INFO com.fbp.engine.node.AbstractNode -- [alert-collector] processing message...
14:20:01.639 [pool-3-thread-1] DEBUG com.fbp.engine.node.TimerNode -- [timer] Timer 틱 발생: 43
[...]
14:20:06.904 [Thread-44] INFO com.fbp.engine.node.AbstractNode -- [file-writer] processing message...
14:20:06.914 [pool-8-thread-1] DEBUG com.fbp.engine.node.TimerNode -- [timer] Timer 틱 발생: 66
14:20:06.914 [Thread-39] INFO com.fbp.engine.node.AbstractNode -- [sensor] processing message...
14:20:06.914 [Thread-41] INFO com.fbp.engine.node.AbstractNode -- [total-collector] processing message...
14:20:06.914 [Thread-40] INFO com.fbp.engine.node.AbstractNode -- [filter] processing message...
14:20:06.914 [Thread-43] INFO com.fbp.engine.node.AbstractNode -- [normal-collector] processing message...
14:20:06.914 [Thread-44] INFO com.fbp.engine.node.AbstractNode -- [file-writer] processing message...
14:20:06.924 [pool-8-thread-1] DEBUG com.fbp.engine.node.TimerNode -- [timer] Timer 틱 발생: 67
14:20:06.924 [Thread-39] INFO com.fbp.engine.node.AbstractNode -- [sensor] processing message...
14:20:06.924 [Thread-41] INFO com.fbp.engine.node.AbstractNode -- [total-collector] processing message...
14:20:06.924 [Thread-40] INFO com.fbp.engine.node.AbstractNode -- [filter] processing message...
14:20:06.924 [Thread-43] INFO com.fbp.engine.node.AbstractNode -- [normal-collector] processing message...
14:20:06.924 [Thread-44] INFO com.fbp.engine.node.AbstractNode -- [file-writer] processing message...
14:20:06.934 [pool-8-thread-1] DEBUG com.fbp.engine.node.TimerNode -- [timer] Timer 틱 발생: 68
14:20:06.934 [Thread-39] INFO com.fbp.engine.node.AbstractNode -- [sensor] processing message...
14:20:06.934 [Thread-41] INFO com.fbp.engine.node.AbstractNode -- [total-collector] processing message...
14:20:06.934 [Thread-40] INFO com.fbp.engine.node.AbstractNode -- [filter] processing message...
14:20:06.934 [Thread-43] INFO com.fbp.engine.node.AbstractNode -- [normal-collector] processing message...
14:20:06.934 [Thread-44] INFO com.fbp.engine.node.AbstractNode -- [file-writer] processing message...
14:20:06.944 [pool-8-thread-1] DEBUG com.fbp.engine.node.TimerNode -- [timer] Timer 틱 발생: 69
14:20:06.944 [Thread-39] INFO com.fbp.engine.node.AbstractNode -- [sensor] processing message...
14:20:06.944 [Thread-41] INFO com.fbp.engine.node.AbstractNode -- [total-collector] processing message...
14:20:06.944 [Thread-40] INFO com.fbp.engine.node.AbstractNode -- [filter] processing message...
14:20:06.944 [Thread-43] INFO com.fbp.engine.node.AbstractNode -- [normal-collector] processing message...
14:20:06.944 [Thread-44] INFO com.fbp.engine.node.AbstractNode -- [file-writer] processing message...
14:20:06.954 [pool-8-thread-1] DEBUG com.fbp.engine.node.TimerNode -- [timer] Timer 틱 발생: 70
14:20:06.954 [Thread-39] INFO com.fbp.engine.node.AbstractNode -- [sensor] processing message...
14:20:06.954 [Thread-40] INFO com.fbp.engine.node.AbstractNode -- [filter] processing message...
14:20:06.954 [Thread-41] INFO com.fbp.engine.node.AbstractNode -- [total-collector] processing message...
14:20:06.954 [Thread-43] INFO com.fbp.engine.node.AbstractNode -- [normal-collector] processing message...
14:20:06.954 [Thread-44] INFO com.fbp.engine.node.AbstractNode -- [file-writer] processing message...
14:20:06.963 [pool-8-thread-1] DEBUG com.fbp.engine.node.TimerNode -- [timer] Timer 틱 발생: 71
14:20:06.963 [Thread-39] INFO com.fbp.engine.node.AbstractNode -- [sensor] processing message...
14:20:06.964 [Thread-40] INFO com.fbp.engine.node.AbstractNode -- [filter] processing message...
14:20:06.964 [Thread-41] INFO com.fbp.engine.node.AbstractNode -- [total-collector] processing message...
14:20:06.964 [Thread-43] INFO com.fbp.engine.node.AbstractNode -- [normal-collector] processing message...
14:20:06.964 [Thread-44] INFO com.fbp.engine.node.AbstractNode -- [file-writer] processing message...
14:20:06.972 [pool-8-thread-1] DEBUG com.fbp.engine.node.TimerNode -- [timer] Timer 틱 발생: 72
14:20:06.972 [Thread-39] INFO com.fbp.engine.node.AbstractNode -- [sensor] processing message...
14:20:06.972 [Thread-40] INFO com.fbp.engine.node.AbstractNode -- [filter] processing message...
14:20:06.972 [Thread-41] INFO com.fbp.engine.node.AbstractNode -- [total-collector] processing message...
14:20:06.972 [Thread-42] INFO com.fbp.engine.node.AbstractNode -- [alert-collector] processing message...
14:20:06.984 [pool-8-thread-1] DEBUG com.fbp.engine.node.TimerNode -- [timer] Timer 틱 발생: 73
14:20:06.984 [Thread-39] INFO com.fbp.engine.node.AbstractNode -- [sensor] processing message...
14:20:06.984 [Thread-40] INFO com.fbp.engine.node.AbstractNode -- [filter] processing message...
14:20:06.984 [Thread-41] INFO com.fbp.engine.node.AbstractNode -- [total-collector] processing message...
14:20:06.984 [Thread-42] INFO com.fbp.engine.node.AbstractNode -- [alert-collector] processing message...
14:20:06.994 [pool-8-thread-1] DEBUG com.fbp.engine.node.TimerNode -- [timer] Timer 틱 발생: 74
14:20:06.994 [Thread-39] INFO com.fbp.engine.node.AbstractNode -- [sensor] processing message...
14:20:06.994 [Thread-40] INFO com.fbp.engine.node.AbstractNode -- [filter] processing message...
14:20:06.994 [Thread-41] INFO com.fbp.engine.node.AbstractNode -- [total-collector] processing message...
14:20:06.994 [Thread-42] INFO com.fbp.engine.node.AbstractNode -- [alert-collector] processing message...
14:20:07.004 [pool-8-thread-1] DEBUG com.fbp.engine.node.TimerNode -- [timer] Timer 틱 발생: 75
14:20:07.004 [Thread-39] INFO com.fbp.engine.node.AbstractNode -- [sensor] processing message...
14:20:07.004 [Thread-41] INFO com.fbp.engine.node.AbstractNode -- [total-collector] processing message...
14:20:07.004 [Thread-40] INFO com.fbp.engine.node.AbstractNode -- [filter] processing message...
14:20:07.004 [Thread-42] INFO com.fbp.engine.node.AbstractNode -- [alert-collector] processing message...
14:20:07.014 [pool-8-thread-1] DEBUG com.fbp.engine.node.TimerNode -- [timer] Timer 틱 발생: 76
14:20:07.014 [Thread-39] INFO com.fbp.engine.node.AbstractNode -- [sensor] processing message...
14:20:07.014 [Thread-40] INFO com.fbp.engine.node.AbstractNode -- [filter] processing message...
14:20:07.014 [Thread-41] INFO com.fbp.engine.node.AbstractNode -- [total-collector] processing message...
14:20:07.014 [Thread-43] INFO com.fbp.engine.node.AbstractNode -- [normal-collector] processing message...
14:20:07.014 [Thread-44] INFO com.fbp.engine.node.AbstractNode -- [file-writer] processing message...
14:20:07.023 [pool-8-thread-1] DEBUG com.fbp.engine.node.TimerNode -- [timer] Timer 틱 발생: 77
14:20:07.023 [Thread-39] INFO com.fbp.engine.node.AbstractNode -- [sensor] processing message...
14:20:07.023 [Thread-40] INFO com.fbp.engine.node.AbstractNode -- [filter] processing message...
14:20:07.023 [Thread-41] INFO com.fbp.engine.node.AbstractNode -- [total-collector] processing message...
14:20:07.023 [Thread-43] INFO com.fbp.engine.node.AbstractNode -- [normal-collector] processing message...
14:20:07.023 [Thread-44] INFO com.fbp.engine.node.AbstractNode -- [file-writer] processing message...
14:20:07.034 [pool-8-thread-1] DEBUG com.fbp.engine.node.TimerNode -- [timer] Timer 틱 발생: 78
14:20:07.034 [Thread-39] INFO com.fbp.engine.node.AbstractNode -- [sensor] processing message...
14:20:07.034 [Thread-40] INFO com.fbp.engine.node.AbstractNode -- [filter] processing message...
14:20:07.034 [Thread-41] INFO com.fbp.engine.node.AbstractNode -- [total-collector] processing message...
14:20:07.034 [Thread-42] INFO com.fbp.engine.node.AbstractNode -- [alert-collector] processing message...
14:20:07.043 [pool-8-thread-1] DEBUG com.fbp.engine.node.TimerNode -- [timer] Timer 틱 발생: 79
14:20:07.043 [Thread-39] INFO com.fbp.engine.node.AbstractNode -- [sensor] processing message...
14:20:07.043 [Thread-40] INFO com.fbp.engine.node.AbstractNode -- [filter] processing message...
14:20:07.043 [Thread-41] INFO com.fbp.engine.node.AbstractNode -- [total-collector] processing message...
14:20:07.043 [Thread-43] INFO com.fbp.engine.node.AbstractNode -- [normal-collector] processing message...
14:20:07.043 [Thread-44] INFO com.fbp.engine.node.AbstractNode -- [file-writer] processing message...
14:20:07.053 [pool-8-thread-1] DEBUG com.fbp.engine.node.TimerNode -- [timer] Timer 틱 발생: 80
14:20:07.053 [Thread-39] INFO com.fbp.engine.node.AbstractNode -- [sensor] processing message...
14:20:07.053 [Thread-40] INFO com.fbp.engine.node.AbstractNode -- [filter] processing message...
14:20:07.053 [Thread-41] INFO com.fbp.engine.node.AbstractNode -- [total-collector] processing message...
14:20:07.053 [Thread-43] INFO com.fbp.engine.node.AbstractNode -- [normal-collector] processing message...
14:20:07.053 [Thread-44] INFO com.fbp.engine.node.AbstractNode -- [file-writer] processing message...
14:20:07.063 [pool-8-thread-1] DEBUG com.fbp.engine.node.TimerNode -- [timer] Timer 틱 발생: 81
14:20:07.063 [Thread-39] INFO com.fbp.engine.node.AbstractNode -- [sensor] processing message...
14:20:07.063 [Thread-40] INFO com.fbp.engine.node.AbstractNode -- [filter] processing message...
14:20:07.063 [Thread-43] INFO com.fbp.engine.node.AbstractNode -- [normal-collector] processing message...
14:20:07.063 [Thread-41] INFO com.fbp.engine.node.AbstractNode -- [total-collector] processing message...
14:20:07.063 [Thread-44] INFO com.fbp.engine.node.AbstractNode -- [file-writer] processing message...
14:20:07.074 [pool-8-thread-1] DEBUG com.fbp.engine.node.TimerNode -- [timer] Timer 틱 발생: 82
14:20:07.074 [Thread-39] INFO com.fbp.engine.node.AbstractNode -- [sensor] processing message...
14:20:07.074 [Thread-41] INFO com.fbp.engine.node.AbstractNode -- [total-collector] processing message...
14:20:07.074 [Thread-40] INFO com.fbp.engine.node.AbstractNode -- [filter] processing message...
14:20:07.074 [Thread-43] INFO com.fbp.engine.node.AbstractNode -- [normal-collector] processing message...
14:20:07.074 [Thread-44] INFO com.fbp.engine.node.AbstractNode -- [file-writer] processing message...
14:20:07.084 [pool-8-thread-1] DEBUG com.fbp.engine.node.TimerNode -- [timer] Timer 틱 발생: 83
14:20:07.084 [Thread-39] INFO com.fbp.engine.node.AbstractNode -- [sensor] processing message...
14:20:07.084 [Thread-41] INFO com.fbp.engine.node.AbstractNode -- [total-collector] processing message...
14:20:07.084 [Thread-40] INFO com.fbp.engine.node.AbstractNode -- [filter] processing message...
14:20:07.084 [Thread-43] INFO com.fbp.engine.node.AbstractNode -- [normal-collector] processing message...
14:20:07.084 [Thread-44] INFO com.fbp.engine.node.AbstractNode -- [file-writer] processing message...
14:20:07.094 [pool-8-thread-1] DEBUG com.fbp.engine.node.TimerNode -- [timer] Timer 틱 발생: 84
14:20:07.094 [Thread-39] INFO com.fbp.engine.node.AbstractNode -- [sensor] processing message...
14:20:07.094 [Thread-41] INFO com.fbp.engine.node.AbstractNode -- [total-collector] processing message...
14:20:07.094 [Thread-40] INFO com.fbp.engine.node.AbstractNode -- [filter] processing message...
14:20:07.094 [Thread-42] INFO com.fbp.engine.node.AbstractNode -- [alert-collector] processing message...
14:20:07.102 [pool-8-thread-1] DEBUG com.fbp.engine.node.TimerNode -- [timer] Timer 틱 발생: 85
14:20:07.102 [Thread-39] INFO com.fbp.engine.node.AbstractNode -- [sensor] processing message...
14:20:07.102 [Thread-41] INFO com.fbp.engine.node.AbstractNode -- [total-collector] processing message...
14:20:07.102 [Thread-40] INFO com.fbp.engine.node.AbstractNode -- [filter] processing message...
14:20:07.102 [Thread-43] INFO com.fbp.engine.node.AbstractNode -- [normal-collector] processing message...
14:20:07.102 [Thread-44] INFO com.fbp.engine.node.AbstractNode -- [file-writer] processing message...
14:20:07.113 [pool-8-thread-1] DEBUG com.fbp.engine.node.TimerNode -- [timer] Timer 틱 발생: 86
14:20:07.113 [Thread-39] INFO com.fbp.engine.node.AbstractNode -- [sensor] processing message...
14:20:07.113 [Thread-40] INFO com.fbp.engine.node.AbstractNode -- [filter] processing message...
14:20:07.113 [Thread-42] INFO com.fbp.engine.node.AbstractNode -- [alert-collector] processing message...
14:20:07.113 [Thread-41] INFO com.fbp.engine.node.AbstractNode -- [total-collector] processing message...
14:20:07.123 [pool-8-thread-1] DEBUG com.fbp.engine.node.TimerNode -- [timer] Timer 틱 발생: 87
14:20:07.123 [Thread-39] INFO com.fbp.engine.node.AbstractNode -- [sensor] processing message...
14:20:07.123 [Thread-40] INFO com.fbp.engine.node.AbstractNode -- [filter] processing message...
14:20:07.123 [Thread-41] INFO com.fbp.engine.node.AbstractNode -- [total-collector] processing message...
14:20:07.123 [Thread-43] INFO com.fbp.engine.node.AbstractNode -- [normal-collector] processing message...
14:20:07.123 [Thread-44] INFO com.fbp.engine.node.AbstractNode -- [file-writer] processing message...
14:20:07.134 [pool-8-thread-1] DEBUG com.fbp.engine.node.TimerNode -- [timer] Timer 틱 발생: 88
14:20:07.134 [Thread-39] INFO com.fbp.engine.node.AbstractNode -- [sensor] processing message...
14:20:07.134 [Thread-40] INFO com.fbp.engine.node.AbstractNode -- [filter] processing message...
14:20:07.134 [Thread-41] INFO com.fbp.engine.node.AbstractNode -- [total-collector] processing message...
14:20:07.134 [Thread-44] INFO com.fbp.engine.node.AbstractNode -- [file-writer] processing message...
14:20:07.134 [Thread-43] INFO com.fbp.engine.node.AbstractNode -- [normal-collector] processing message...
14:20:07.144 [pool-8-thread-1] DEBUG com.fbp.engine.node.TimerNode -- [timer] Timer 틱 발생: 89
14:20:07.144 [Thread-39] INFO com.fbp.engine.node.AbstractNode -- [sensor] processing message...
14:20:07.144 [Thread-40] INFO com.fbp.engine.node.AbstractNode -- [filter] processing message...
14:20:07.144 [Thread-41] INFO com.fbp.engine.node.AbstractNode -- [total-collector] processing message...
14:20:07.144 [Thread-42] INFO com.fbp.engine.node.AbstractNode -- [alert-collector] processing message...
14:20:07.154 [pool-8-thread-1] DEBUG com.fbp.engine.node.TimerNode -- [timer] Timer 틱 발생: 90
14:20:07.154 [Thread-39] INFO com.fbp.engine.node.AbstractNode -- [sensor] processing message...
14:20:07.154 [Thread-40] INFO com.fbp.engine.node.AbstractNode -- [filter] processing message...
14:20:07.154 [Thread-41] INFO com.fbp.engine.node.AbstractNode -- [total-collector] processing message...
14:20:07.154 [Thread-43] INFO com.fbp.engine.node.AbstractNode -- [normal-collector] processing message...
14:20:07.154 [Thread-44] INFO com.fbp.engine.node.AbstractNode -- [file-writer] processing message...
14:20:07.163 [pool-8-thread-1] DEBUG com.fbp.engine.node.TimerNode -- [timer] Timer 틱 발생: 91
14:20:07.163 [Thread-39] INFO com.fbp.engine.node.AbstractNode -- [sensor] processing message...
14:20:07.163 [Thread-40] INFO com.fbp.engine.node.AbstractNode -- [filter] processing message...
14:20:07.163 [Thread-41] INFO com.fbp.engine.node.AbstractNode -- [total-collector] processing message...
14:20:07.163 [Thread-42] INFO com.fbp.engine.node.AbstractNode -- [alert-collector] processing message...
14:20:07.174 [pool-8-thread-1] DEBUG com.fbp.engine.node.TimerNode -- [timer] Timer 틱 발생: 92
14:20:07.174 [Thread-39] INFO com.fbp.engine.node.AbstractNode -- [sensor] processing message...
14:20:07.174 [Thread-40] INFO com.fbp.engine.node.AbstractNode -- [filter] processing message...
14:20:07.174 [Thread-41] INFO com.fbp.engine.node.AbstractNode -- [total-collector] processing message...
14:20:07.174 [Thread-42] INFO com.fbp.engine.node.AbstractNode -- [alert-collector] processing message...
14:20:07.183 [pool-8-thread-1] DEBUG com.fbp.engine.node.TimerNode -- [timer] Timer 틱 발생: 93
14:20:07.183 [Thread-39] INFO com.fbp.engine.node.AbstractNode -- [sensor] processing message...
14:20:07.183 [Thread-40] INFO com.fbp.engine.node.AbstractNode -- [filter] processing message...
14:20:07.183 [Thread-41] INFO com.fbp.engine.node.AbstractNode -- [total-collector] processing message...
14:20:07.183 [Thread-42] INFO com.fbp.engine.node.AbstractNode -- [alert-collector] processing message...
14:20:07.194 [pool-8-thread-1] DEBUG com.fbp.engine.node.TimerNode -- [timer] Timer 틱 발생: 94
14:20:07.194 [Thread-39] INFO com.fbp.engine.node.AbstractNode -- [sensor] processing message...
14:20:07.194 [Thread-40] INFO com.fbp.engine.node.AbstractNode -- [filter] processing message...
14:20:07.194 [Thread-41] INFO com.fbp.engine.node.AbstractNode -- [total-collector] processing message...
14:20:07.194 [Thread-43] INFO com.fbp.engine.node.AbstractNode -- [normal-collector] processing message...
14:20:07.194 [Thread-44] INFO com.fbp.engine.node.AbstractNode -- [file-writer] processing message...
14:20:07.204 [pool-8-thread-1] DEBUG com.fbp.engine.node.TimerNode -- [timer] Timer 틱 발생: 95
14:20:07.204 [Thread-39] INFO com.fbp.engine.node.AbstractNode -- [sensor] processing message...
14:20:07.204 [Thread-40] INFO com.fbp.engine.node.AbstractNode -- [filter] processing message...
14:20:07.204 [Thread-41] INFO com.fbp.engine.node.AbstractNode -- [total-collector] processing message...
14:20:07.204 [Thread-42] INFO com.fbp.engine.node.AbstractNode -- [alert-collector] processing message...
14:20:07.213 [pool-8-thread-1] DEBUG com.fbp.engine.node.TimerNode -- [timer] Timer 틱 발생: 96
14:20:07.213 [Thread-39] INFO com.fbp.engine.node.AbstractNode -- [sensor] processing message...
14:20:07.213 [Thread-40] INFO com.fbp.engine.node.AbstractNode -- [filter] processing message...
14:20:07.213 [Thread-44] INFO com.fbp.engine.node.AbstractNode -- [file-writer] processing message...
14:20:07.213 [Thread-43] INFO com.fbp.engine.node.AbstractNode -- [normal-collector] processing message...
14:20:07.213 [Thread-41] INFO com.fbp.engine.node.AbstractNode -- [total-collector] processing message...
14:20:07.223 [pool-8-thread-1] DEBUG com.fbp.engine.node.TimerNode -- [timer] Timer 틱 발생: 97
14:20:07.223 [Thread-39] INFO com.fbp.engine.node.AbstractNode -- [sensor] processing message...
14:20:07.223 [Thread-40] INFO com.fbp.engine.node.AbstractNode -- [filter] processing message...
14:20:07.223 [Thread-41] INFO com.fbp.engine.node.AbstractNode -- [total-collector] processing message...
14:20:07.223 [Thread-44] INFO com.fbp.engine.node.AbstractNode -- [file-writer] processing message...
14:20:07.223 [Thread-43] INFO com.fbp.engine.node.AbstractNode -- [normal-collector] processing message...
14:20:07.234 [pool-8-thread-1] DEBUG com.fbp.engine.node.TimerNode -- [timer] Timer 틱 발생: 98
14:20:07.234 [Thread-39] INFO com.fbp.engine.node.AbstractNode -- [sensor] processing message...
14:20:07.234 [Thread-40] INFO com.fbp.engine.node.AbstractNode -- [filter] processing message...
14:20:07.234 [Thread-41] INFO com.fbp.engine.node.AbstractNode -- [total-collector] processing message...
14:20:07.234 [Thread-42] INFO com.fbp.engine.node.AbstractNode -- [alert-collector] processing message...
14:20:07.244 [pool-8-thread-1] DEBUG com.fbp.engine.node.TimerNode -- [timer] Timer 틱 발생: 99
14:20:07.244 [Thread-39] INFO com.fbp.engine.node.AbstractNode -- [sensor] processing message...
14:20:07.244 [Thread-40] INFO com.fbp.engine.node.AbstractNode -- [filter] processing message...
14:20:07.244 [Thread-41] INFO com.fbp.engine.node.AbstractNode -- [total-collector] processing message...
14:20:07.244 [Thread-43] INFO com.fbp.engine.node.AbstractNode -- [normal-collector] processing message...
14:20:07.244 [Thread-44] INFO com.fbp.engine.node.AbstractNode -- [file-writer] processing message...
14:20:07.252 [pool-8-thread-1] DEBUG com.fbp.engine.node.TimerNode -- [timer] Timer 틱 발생: 100
14:20:07.252 [Thread-39] INFO com.fbp.engine.node.AbstractNode -- [sensor] processing message...
14:20:07.252 [Thread-40] INFO com.fbp.engine.node.AbstractNode -- [filter] processing message...
14:20:07.252 [Thread-41] INFO com.fbp.engine.node.AbstractNode -- [total-collector] processing message...
14:20:07.252 [Thread-42] INFO com.fbp.engine.node.AbstractNode -- [alert-collector] processing message...
14:20:07.256 [main] INFO com.fbp.engine.node.TimerNode -- [timer] Timer 종료
14:20:07.256 [main] INFO com.fbp.engine.node.FileWriterNode -- [file-writer] 파일 닫기 완료
]]></system-out>
  </testcase>
</testsuite>